#
# There is insufficient memory for the Java Runtime Environment to continue.
# Native memory allocation (malloc) failed to allocate 613376 bytes for Chunk::new
# Possible reasons:
#   The system is out of physical RAM or swap space
#   The process is running with CompressedOops enabled, and the Java Heap may be blocking the growth of the native heap
# Possible solutions:
#   Reduce memory load on the system
#   Increase physical memory or swap space
#   Check if swap backing store is full
#   Decrease Java heap size (-Xmx/-Xms)
#   Decrease number of Java threads
#   Decrease Java thread stack sizes (-Xss)
#   Set larger code cache with -XX:ReservedCodeCacheSize=
#   JVM is running with Unscaled Compressed Oops mode in which the Java heap is
#     placed in the first 4GB address space. The Java Heap base address is the
#     maximum limit for the native heap growth. Please use -XX:HeapBaseMinAddress
#     to set the Java Heap base and to place the Java Heap above 4GB virtual address.
# This output file may be truncated or incomplete.
#
#  Out of Memory Error (arena.cpp:189), pid=9180, tid=13860
#
# JRE version: OpenJDK Runtime Environment Temurin-17.0.5+8 (17.0.5+8) (build 17.0.5+8)
# Java VM: OpenJDK 64-Bit Server VM Temurin-17.0.5+8 (17.0.5+8, mixed mode, tiered, compressed oops, compressed class ptrs, parallel gc, windows-amd64)
# No core dump will be written. Minidumps are not enabled by default on client versions of Windows
#

---------------  S U M M A R Y ------------

Command Line: --add-modules=ALL-SYSTEM --add-opens=java.base/java.util=ALL-UNNAMED --add-opens=java.base/java.lang=ALL-UNNAMED --add-opens=java.base/sun.nio.fs=ALL-UNNAMED -Declipse.application=org.eclipse.jdt.ls.core.id1 -Dosgi.bundles.defaultStartLevel=4 -Declipse.product=org.eclipse.jdt.ls.core.product -Djava.import.generatesMetadataFilesAtProjectRoot=false -Dfile.encoding=utf8 -XX:+UseParallelGC -XX:GCTimeRatio=4 -XX:AdaptiveSizePolicyWeight=90 -Dsun.zip.disableMemoryMapping=true -Xmx1G -Xms100m -Xlog:disable -javaagent:c:\Users\Ahsan\.vscode\extensions\redhat.java-1.14.0-win32-x64\lombok\lombok-1.18.24.jar c:\Users\Ahsan\.vscode\extensions\redhat.java-1.14.0-win32-x64\server\plugins\org.eclipse.equinox.launcher_1.6.400.v20210924-0641.jar -configuration c:\Users\Ahsan\AppData\Roaming\Code\User\globalStorage\redhat.java\1.14.0\config_ss_win -data c:\Users\Ahsan\AppData\Roaming\Code\User\workspaceStorage\3b2dfc34112cde41621bee97d745431e\redhat.java\ss_ws

Host: Intel(R) Core(TM) i5-7300HQ CPU @ 2.50GHz, 4 cores, 3G,  Windows 10 , 64 bit Build 19041 (10.0.19041.2364)
Time: Tue Jan 24 14:47:59 2023 Pakistan Standard Time elapsed time: 1.582553 seconds (0d 0h 0m 1s)

---------------  T H R E A D  ---------------

Current thread (0x000002545c482110):  JavaThread "C2 CompilerThread0" daemon [_thread_in_native, id=13860, stack(0x000000dba7800000,0x000000dba7900000)]


Current CompileTask:
C2:   1582  735   !   4       java.util.jar.Attributes::read (498 bytes)

Stack: [0x000000dba7800000,0x000000dba7900000]
Native frames: (J=compiled Java code, j=interpreted, Vv=VM code, C=native code)
V  [jvm.dll+0x676b3a]
V  [jvm.dll+0x831444]
V  [jvm.dll+0x832bee]
V  [jvm.dll+0x833253]
V  [jvm.dll+0x244ce5]
V  [jvm.dll+0xabbac]
V  [jvm.dll+0xac17c]
V  [jvm.dll+0x362d57]
V  [jvm.dll+0x32d591]
V  [jvm.dll+0x32ca3a]
V  [jvm.dll+0x217b51]
V  [jvm.dll+0x216f71]
V  [jvm.dll+0x1a343d]
V  [jvm.dll+0x22698a]
V  [jvm.dll+0x224ac5]
V  [jvm.dll+0x7e727b]
V  [jvm.dll+0x7e17ea]
V  [jvm.dll+0x6759e5]
C  [ucrtbase.dll+0x21bb2]
C  [KERNEL32.DLL+0x17614]
C  [ntdll.dll+0x526a1]


---------------  P R O C E S S  ---------------

Threads class SMR info:
_java_thread_list=0x000002545e08f860, length=12, elements={
0x00000254467150e0, 0x000002545c4399d0, 0x000002545c44e500, 0x000002545c477150,
0x000002545c479a20, 0x000002545c47a2e0, 0x000002545c47aba0, 0x000002545c482110,
0x000002545c483260, 0x000002545c486310, 0x000002545deba080, 0x000002545e069450
}

Java Threads: ( => current thread )
  0x00000254467150e0 JavaThread "main" [_thread_in_vm, id=12436, stack(0x000000dba6e00000,0x000000dba6f00000)]
  0x000002545c4399d0 JavaThread "Reference Handler" daemon [_thread_blocked, id=3708, stack(0x000000dba7200000,0x000000dba7300000)]
  0x000002545c44e500 JavaThread "Finalizer" daemon [_thread_blocked, id=9884, stack(0x000000dba7300000,0x000000dba7400000)]
  0x000002545c477150 JavaThread "Signal Dispatcher" daemon [_thread_blocked, id=6792, stack(0x000000dba7400000,0x000000dba7500000)]
  0x000002545c479a20 JavaThread "Attach Listener" daemon [_thread_blocked, id=11300, stack(0x000000dba7500000,0x000000dba7600000)]
  0x000002545c47a2e0 JavaThread "Service Thread" daemon [_thread_blocked, id=16640, stack(0x000000dba7600000,0x000000dba7700000)]
  0x000002545c47aba0 JavaThread "Monitor Deflation Thread" daemon [_thread_blocked, id=17264, stack(0x000000dba7700000,0x000000dba7800000)]
=>0x000002545c482110 JavaThread "C2 CompilerThread0" daemon [_thread_in_native, id=13860, stack(0x000000dba7800000,0x000000dba7900000)]
  0x000002545c483260 JavaThread "C1 CompilerThread0" daemon [_thread_blocked, id=1428, stack(0x000000dba7900000,0x000000dba7a00000)]
  0x000002545c486310 JavaThread "Sweeper thread" daemon [_thread_blocked, id=7540, stack(0x000000dba7a00000,0x000000dba7b00000)]
  0x000002545deba080 JavaThread "Common-Cleaner" daemon [_thread_blocked, id=14800, stack(0x000000dba7b00000,0x000000dba7c00000)]
  0x000002545e069450 JavaThread "Notification Thread" daemon [_thread_blocked, id=17664, stack(0x000000dba7c00000,0x000000dba7d00000)]

Other Threads:
  0x000002545c386080 VMThread "VM Thread" [stack: 0x000000dba7100000,0x000000dba7200000] [id=5456]
  0x000002545e0703b0 WatcherThread [stack: 0x000000dba7d00000,0x000000dba7e00000] [id=12496]
  0x000002544672a190 GCTaskThread "GC Thread#0" [stack: 0x000000dba7000000,0x000000dba7100000] [id=11016]

Threads with active compile tasks:
C2 CompilerThread0     1621  735   !   4       java.util.jar.Attributes::read (498 bytes)

VM state: not at safepoint (normal execution)

VM Mutex/Monitor currently owned by a thread:  ([mutex/lock_event])
[0x000002544670f8f0] MethodCompileQueue_lock - owner thread: 0x00000254467150e0

Heap address: 0x00000000c0000000, size: 1024 MB, Compressed Oops mode: 32-bit

CDS archive(s) not mapped
Compressed class space mapped at: 0x0000000100000000-0x0000000140000000, reserved size: 1073741824
Narrow klass base: 0x0000000000000000, Narrow klass shift: 3, Narrow klass range: 0x140000000

GC Precious Log:
 CPUs: 4 total, 4 available
 Memory: 3977M
 Large Page Support: Disabled
 NUMA Support: Disabled
 Compressed Oops: Enabled (32-bit)
 Alignments: Space 512K, Generation 512K, Heap 2M
 Heap Min Capacity: 100M
 Heap Initial Capacity: 100M
 Heap Max Capacity: 1G
 Pre-touch: Disabled
 Parallel Workers: 4

Heap:
 PSYoungGen      total 29696K, used 20013K [0x00000000eab00000, 0x00000000ecc00000, 0x0000000100000000)
  eden space 25600K, 78% used [0x00000000eab00000,0x00000000ebe8b428,0x00000000ec400000)
  from space 4096K, 0% used [0x00000000ec800000,0x00000000ec800000,0x00000000ecc00000)
  to   space 4096K, 0% used [0x00000000ec400000,0x00000000ec400000,0x00000000ec800000)
 ParOldGen       total 68608K, used 0K [0x00000000c0000000, 0x00000000c4300000, 0x00000000eab00000)
  object space 68608K, 0% used [0x00000000c0000000,0x00000000c0000000,0x00000000c4300000)
 Metaspace       used 10176K, committed 10304K, reserved 1064960K
  class space    used 1025K, committed 1088K, reserved 1048576K

Card table byte_map: [0x0000025459d50000,0x0000025459f60000] _byte_map_base: 0x0000025459750000

Marking Bits: (ParMarkBitMap*) 0x00007ff81dfb0dd0
 Begin Bits: [0x000002545a0c0000, 0x000002545b0c0000)
 End Bits:   [0x000002545b0c0000, 0x000002545c0c0000)

Polling page: 0x0000025446590000

Metaspace:

Usage:
  Non-class:      8.94 MB used.
      Class:      1.00 MB used.
       Both:      9.94 MB used.

Virtual space:
  Non-class space:       16.00 MB reserved,       9.00 MB ( 56%) committed,  2 nodes.
      Class space:        1.00 GB reserved,       1.06 MB ( <1%) committed,  1 nodes.
             Both:        1.02 GB reserved,      10.06 MB ( <1%) committed. 

Chunk freelists:
   Non-Class:  2.70 MB
       Class:  2.75 MB
        Both:  5.45 MB

MaxMetaspaceSize: unlimited
CompressedClassSpaceSize: 1.00 GB
Initial GC threshold: 21.00 MB
Current GC threshold: 21.00 MB
CDS: off
MetaspaceReclaimPolicy: balanced
 - commit_granule_bytes: 65536.
 - commit_granule_words: 8192.
 - virtual_space_node_default_size: 1048576.
 - enlarge_chunks_in_place: 1.
 - new_chunks_are_fully_committed: 0.
 - uncommit_free_chunks: 1.
 - use_allocation_guard: 0.
 - handle_deallocations: 1.


Internal statistics:

num_allocs_failed_limit: 0.
num_arena_births: 18.
num_arena_deaths: 0.
num_vsnodes_births: 3.
num_vsnodes_deaths: 0.
num_space_committed: 161.
num_space_uncommitted: 0.
num_chunks_returned_to_freelist: 0.
num_chunks_taken_from_freelist: 68.
num_chunk_merges: 0.
num_chunk_splits: 38.
num_chunks_enlarged: 30.
num_purges: 0.
num_inconsistent_stats: 0.

CodeHeap 'non-profiled nmethods': size=120000Kb used=270Kb max_used=270Kb free=119729Kb
 bounds [0x0000025452640000, 0x00000254528b0000, 0x0000025459b70000]
CodeHeap 'profiled nmethods': size=120000Kb used=1395Kb max_used=1395Kb free=118604Kb
 bounds [0x000002544b110000, 0x000002544b380000, 0x0000025452640000]
CodeHeap 'non-nmethods': size=5760Kb used=1136Kb max_used=1153Kb free=4623Kb
 bounds [0x000002544ab70000, 0x000002544ade0000, 0x000002544b110000]
 total_blobs=1251 nmethods=824 adapters=342
 compilation: enabled
              stopped_count=0, restarted_count=0
 full_count=0

Compilation events (20 events):
Event: 1.566 Thread 0x000002545c483260  789  s    2       java.util.Hashtable::put (104 bytes)
Event: 1.566 Thread 0x000002545c483260 nmethod 789 0x000002544b258890 code [0x000002544b258a80, 0x000002544b258ef8]
Event: 1.566 Thread 0x000002545c483260  790       2       java.util.Hashtable::addEntry (87 bytes)
Event: 1.566 Thread 0x000002545c483260 nmethod 790 0x000002544b259110 code [0x000002544b2592c0, 0x000002544b2595f8]
Event: 1.566 Thread 0x000002545c483260  791       2       java.util.Hashtable$Entry::<init> (26 bytes)
Event: 1.566 Thread 0x000002545c483260 nmethod 791 0x000002544b259810 code [0x000002544b2599a0, 0x000002544b259ad8]
Event: 1.566 Thread 0x000002545c483260  792       2       sun.security.util.SignatureFileVerifier::updateSigners (132 bytes)
Event: 1.567 Thread 0x000002545c483260 nmethod 792 0x000002544b259b90 code [0x000002544b259dc0, 0x000002544b25a4b8]
Event: 1.567 Thread 0x000002545c483260  795       3       jdk.internal.reflect.ClassFileAssembler::emitByte (11 bytes)
Event: 1.567 Thread 0x000002545c483260 nmethod 795 0x000002544b25aa10 code [0x000002544b25abc0, 0x000002544b25ad48]
Event: 1.567 Thread 0x000002545c483260  796       3       jdk.internal.reflect.ByteVectorImpl::add (38 bytes)
Event: 1.567 Thread 0x000002545c483260 nmethod 796 0x000002544b25ae90 code [0x000002544b25b040, 0x000002544b25b208]
Event: 1.567 Thread 0x000002545c483260  793       2       sun.security.util.SignatureFileVerifier::matches (93 bytes)
Event: 1.568 Thread 0x000002545c483260 nmethod 793 0x000002544b25b310 code [0x000002544b25b500, 0x000002544b25b9b8]
Event: 1.568 Thread 0x000002545c483260  794       2       jdk.internal.reflect.ClassFileAssembler::emitShort (24 bytes)
Event: 1.568 Thread 0x000002545c483260 nmethod 794 0x000002544b25bc90 code [0x000002544b25be40, 0x000002544b25c038]
Event: 1.571 Thread 0x000002545c483260  797       1       java.lang.String::value (5 bytes)
Event: 1.571 Thread 0x000002545c483260 nmethod 797 0x0000025452681c90 code [0x0000025452681e20, 0x0000025452681ef8]
Event: 1.577 Thread 0x000002545c483260  798       2       java.io.InputStream::<init> (5 bytes)
Event: 1.577 Thread 0x000002545c483260 nmethod 798 0x000002544b25c190 code [0x000002544b25c320, 0x000002544b25c418]

GC Heap History (0 events):
No events

Dll operation events (8 events):
Event: 0.011 Loaded shared library c:\Users\Ahsan\.vscode\extensions\redhat.java-1.14.0-win32-x64\jre\17.0.5-win32-x86_64\bin\java.dll
Event: 0.433 Loaded shared library c:\Users\Ahsan\.vscode\extensions\redhat.java-1.14.0-win32-x64\jre\17.0.5-win32-x86_64\bin\zip.dll
Event: 0.437 Loaded shared library C:\Users\Ahsan\.vscode\extensions\redhat.java-1.14.0-win32-x64\jre\17.0.5-win32-x86_64\bin\instrument.dll
Event: 0.490 Loaded shared library C:\Users\Ahsan\.vscode\extensions\redhat.java-1.14.0-win32-x64\jre\17.0.5-win32-x86_64\bin\net.dll
Event: 0.528 Loaded shared library C:\Users\Ahsan\.vscode\extensions\redhat.java-1.14.0-win32-x64\jre\17.0.5-win32-x86_64\bin\nio.dll
Event: 0.537 Loaded shared library C:\Users\Ahsan\.vscode\extensions\redhat.java-1.14.0-win32-x64\jre\17.0.5-win32-x86_64\bin\zip.dll
Event: 0.558 Loaded shared library C:\Users\Ahsan\.vscode\extensions\redhat.java-1.14.0-win32-x64\jre\17.0.5-win32-x86_64\bin\jimage.dll
Event: 0.720 Loaded shared library c:\Users\Ahsan\.vscode\extensions\redhat.java-1.14.0-win32-x64\jre\17.0.5-win32-x86_64\bin\verify.dll

Deoptimization events (20 events):
Event: 1.160 Thread 0x00000254467150e0 DEOPT PACKING pc=0x0000025452665f4c sp=0x000000dba6efc360
Event: 1.160 Thread 0x00000254467150e0 DEOPT UNPACKING pc=0x000002544abc20a3 sp=0x000000dba6efc2a8 mode 2
Event: 1.328 Thread 0x00000254467150e0 Uncommon trap: trap_request=0xffffff45 fr.pc=0x000002545264e0e0 relative=0x0000000000000680
Event: 1.328 Thread 0x00000254467150e0 Uncommon trap: reason=unstable_if action=reinterpret pc=0x000002545264e0e0 method=java.util.HashMap.putVal(ILjava/lang/Object;Ljava/lang/Object;ZZ)Ljava/lang/Object; @ 81 c2
Event: 1.328 Thread 0x00000254467150e0 DEOPT PACKING pc=0x000002545264e0e0 sp=0x000000dba6efdbf0
Event: 1.328 Thread 0x00000254467150e0 DEOPT UNPACKING pc=0x000002544abc20a3 sp=0x000000dba6efdb90 mode 2
Event: 1.328 Thread 0x00000254467150e0 Uncommon trap: trap_request=0xffffff45 fr.pc=0x000002545266b19c relative=0x000000000000091c
Event: 1.328 Thread 0x00000254467150e0 Uncommon trap: reason=unstable_if action=reinterpret pc=0x000002545266b19c method=java.util.HashMap.putVal(ILjava/lang/Object;Ljava/lang/Object;ZZ)Ljava/lang/Object; @ 81 c2
Event: 1.328 Thread 0x00000254467150e0 DEOPT PACKING pc=0x000002545266b19c sp=0x000000dba6efdda0
Event: 1.328 Thread 0x00000254467150e0 DEOPT UNPACKING pc=0x000002544abc20a3 sp=0x000000dba6efdcb8 mode 2
Event: 1.498 Thread 0x00000254467150e0 DEOPT PACKING pc=0x000002544b207832 sp=0x000000dba6efdf30
Event: 1.498 Thread 0x00000254467150e0 DEOPT UNPACKING pc=0x000002544abc2843 sp=0x000000dba6efd388 mode 0
Event: 1.545 Thread 0x00000254467150e0 Uncommon trap: trap_request=0xffffff45 fr.pc=0x000002545267de8c relative=0x00000000000005cc
Event: 1.545 Thread 0x00000254467150e0 Uncommon trap: reason=unstable_if action=reinterpret pc=0x000002545267de8c method=java.util.jar.Manifest$FastInputStream.readLine([BII)I @ 130 c2
Event: 1.545 Thread 0x00000254467150e0 DEOPT PACKING pc=0x000002545267de8c sp=0x000000dba6efe510
Event: 1.545 Thread 0x00000254467150e0 DEOPT UNPACKING pc=0x000002544abc20a3 sp=0x000000dba6efe4a0 mode 2
Event: 1.547 Thread 0x00000254467150e0 Uncommon trap: trap_request=0xffffffc6 fr.pc=0x000002545266ef40 relative=0x0000000000000460
Event: 1.547 Thread 0x00000254467150e0 Uncommon trap: reason=bimorphic_or_optimized_type_check action=maybe_recompile pc=0x000002545266ef40 method=java.util.HashMap.getNode(Ljava/lang/Object;)Ljava/util/HashMap$Node; @ 128 c2
Event: 1.548 Thread 0x00000254467150e0 DEOPT PACKING pc=0x000002545266ef40 sp=0x000000dba6efe0c0
Event: 1.548 Thread 0x00000254467150e0 DEOPT UNPACKING pc=0x000002544abc20a3 sp=0x000000dba6efe048 mode 2

Classes unloaded (0 events):
No events

Classes redefined (0 events):
No events

Internal exceptions (12 events):
Event: 0.412 Thread 0x00000254467150e0 Exception <a 'java/lang/NoSuchMethodError'{0x00000000eacb22d8}: 'void java.lang.invoke.DirectMethodHandle$Holder.invokeStatic(java.lang.Object, java.lang.Object, java.lang.Object)'> (0x00000000eacb22d8) 
thrown [s\src\hotspot\share\interpreter\linkResolver.cpp, line 759]
Event: 0.739 Thread 0x00000254467150e0 Exception <a 'java/lang/reflect/InvocationTargetException'{0x00000000eaf78fd8}> (0x00000000eaf78fd8) 
thrown [s\src\hotspot\share\runtime\reflection.cpp, line 1121]
Event: 1.367 Thread 0x00000254467150e0 Exception <a 'java/lang/ClassNotFoundException'{0x00000000eb8caad8}: sun/net/www/protocol/c/Handler> (0x00000000eb8caad8) 
thrown [s\src\hotspot\share\classfile\systemDictionary.cpp, line 256]
Event: 1.372 Thread 0x00000254467150e0 Exception <a 'java/io/FileNotFoundException'{0x00000000eb8de5b8}> (0x00000000eb8de5b8) 
thrown [s\src\hotspot\share\prims\jni.cpp, line 516]
Event: 1.372 Thread 0x00000254467150e0 Exception <a 'java/io/FileNotFoundException'{0x00000000eb8df2c8}> (0x00000000eb8df2c8) 
thrown [s\src\hotspot\share\prims\jni.cpp, line 516]
Event: 1.372 Thread 0x00000254467150e0 Exception <a 'java/io/FileNotFoundException'{0x00000000eb8dffb8}> (0x00000000eb8dffb8) 
thrown [s\src\hotspot\share\prims\jni.cpp, line 516]
Event: 1.372 Thread 0x00000254467150e0 Exception <a 'java/io/FileNotFoundException'{0x00000000eb8e0c78}> (0x00000000eb8e0c78) 
thrown [s\src\hotspot\share\prims\jni.cpp, line 516]
Event: 1.379 Thread 0x00000254467150e0 Exception <a 'java/io/FileNotFoundException'{0x00000000eb921798}> (0x00000000eb921798) 
thrown [s\src\hotspot\share\prims\jni.cpp, line 516]
Event: 1.477 Thread 0x00000254467150e0 Exception <a 'sun/nio/fs/WindowsException'{0x00000000eb957578}> (0x00000000eb957578) 
thrown [s\src\hotspot\share\prims\jni.cpp, line 516]
Event: 1.478 Thread 0x00000254467150e0 Exception <a 'sun/nio/fs/WindowsException'{0x00000000eb961a00}> (0x00000000eb961a00) 
thrown [s\src\hotspot\share\prims\jni.cpp, line 516]
Event: 1.478 Thread 0x00000254467150e0 Exception <a 'sun/nio/fs/WindowsException'{0x00000000eb964f00}> (0x00000000eb964f00) 
thrown [s\src\hotspot\share\prims\jni.cpp, line 516]
Event: 1.478 Thread 0x00000254467150e0 Exception <a 'sun/nio/fs/WindowsException'{0x00000000eb965678}> (0x00000000eb965678) 
thrown [s\src\hotspot\share\prims\jni.cpp, line 516]

VM Operations (10 events):
Event: 0.417 Executing VM operation: HandshakeAllThreads
Event: 0.417 Executing VM operation: HandshakeAllThreads done
Event: 0.584 Executing VM operation: HandshakeAllThreads
Event: 0.584 Executing VM operation: HandshakeAllThreads done
Event: 1.346 Executing VM operation: HandshakeAllThreads
Event: 1.346 Executing VM operation: HandshakeAllThreads done
Event: 1.346 Executing VM operation: Cleanup
Event: 1.348 Executing VM operation: Cleanup done
Event: 1.364 Executing VM operation: HandshakeAllThreads
Event: 1.364 Executing VM operation: HandshakeAllThreads done

Events (20 events):
Event: 1.564 loading class jdk/internal/reflect/BootstrapConstructorAccessorImpl
Event: 1.564 loading class jdk/internal/reflect/BootstrapConstructorAccessorImpl done
Event: 1.569 loading class java/io/FilePermission
Event: 1.570 loading class java/io/FilePermission done
Event: 1.570 loading class java/io/FilePermission$1
Event: 1.570 loading class jdk/internal/access/JavaIOFilePermissionAccess
Event: 1.570 loading class jdk/internal/access/JavaIOFilePermissionAccess done
Event: 1.570 loading class java/io/FilePermission$1 done
Event: 1.570 loading class sun/security/util/FilePermCompat
Event: 1.570 loading class sun/security/util/FilePermCompat done
Event: 1.570 loading class sun/security/util/SecurityProperties
Event: 1.570 loading class sun/security/util/SecurityProperties done
Event: 1.571 loading class java/io/FilePermissionCollection
Event: 1.571 loading class java/io/FilePermissionCollection done
Event: 1.571 loading class java/io/FilePermissionCollection$1
Event: 1.571 loading class java/io/FilePermissionCollection$1 done
Event: 1.577 loading class java/util/EventListener
Event: 1.577 loading class java/util/EventListener done
Event: 1.580 loading class java/lang/InterruptedException
Event: 1.580 loading class java/lang/InterruptedException done


Dynamic libraries:
0x00007ff7123c0000 - 0x00007ff7123ce000 	c:\Users\Ahsan\.vscode\extensions\redhat.java-1.14.0-win32-x64\jre\17.0.5-win32-x86_64\bin\java.exe
0x00007ff85a7d0000 - 0x00007ff85a9c8000 	C:\WINDOWS\SYSTEM32\ntdll.dll
0x00007ff85a400000 - 0x00007ff85a4bf000 	C:\WINDOWS\System32\KERNEL32.DLL
0x00007ff858050000 - 0x00007ff858322000 	C:\WINDOWS\System32\KERNELBASE.dll
0x00007ff8583a0000 - 0x00007ff8584a0000 	C:\WINDOWS\System32\ucrtbase.dll
0x00007ff83f090000 - 0x00007ff83f0a7000 	c:\Users\Ahsan\.vscode\extensions\redhat.java-1.14.0-win32-x64\jre\17.0.5-win32-x86_64\bin\jli.dll
0x00007ff8598e0000 - 0x00007ff859a81000 	C:\WINDOWS\System32\USER32.dll
0x00007ff858020000 - 0x00007ff858042000 	C:\WINDOWS\System32\win32u.dll
0x00007ff859d00000 - 0x00007ff859d2b000 	C:\WINDOWS\System32\GDI32.dll
0x00007ff858700000 - 0x00007ff85880f000 	C:\WINDOWS\System32\gdi32full.dll
0x00007ff857ec0000 - 0x00007ff857f5d000 	C:\WINDOWS\System32\msvcp_win.dll
0x00007ff83ee10000 - 0x00007ff83ee29000 	c:\Users\Ahsan\.vscode\extensions\redhat.java-1.14.0-win32-x64\jre\17.0.5-win32-x86_64\bin\VCRUNTIME140.dll
0x00007ff8407e0000 - 0x00007ff840a7a000 	C:\WINDOWS\WinSxS\amd64_microsoft.windows.common-controls_6595b64144ccf1df_6.0.19041.1110_none_60b5254171f9507e\COMCTL32.dll
0x00007ff859ee0000 - 0x00007ff859f7e000 	C:\WINDOWS\System32\msvcrt.dll
0x00007ff85a210000 - 0x00007ff85a242000 	C:\WINDOWS\System32\IMM32.DLL
0x00007ff851970000 - 0x00007ff85197c000 	c:\Users\Ahsan\.vscode\extensions\redhat.java-1.14.0-win32-x64\jre\17.0.5-win32-x86_64\bin\vcruntime140_1.dll
0x00007ff82b760000 - 0x00007ff82b7f1000 	c:\Users\Ahsan\.vscode\extensions\redhat.java-1.14.0-win32-x64\jre\17.0.5-win32-x86_64\bin\msvcp140.dll
0x00007ff81d430000 - 0x00007ff81e074000 	c:\Users\Ahsan\.vscode\extensions\redhat.java-1.14.0-win32-x64\jre\17.0.5-win32-x86_64\bin\server\jvm.dll
0x00007ff85a350000 - 0x00007ff85a3fe000 	C:\WINDOWS\System32\ADVAPI32.dll
0x00007ff85a250000 - 0x00007ff85a2ec000 	C:\WINDOWS\System32\sechost.dll
0x00007ff85a050000 - 0x00007ff85a175000 	C:\WINDOWS\System32\RPCRT4.dll
0x00007ff840060000 - 0x00007ff840069000 	C:\WINDOWS\SYSTEM32\WSOCK32.dll
0x00007ff859f80000 - 0x00007ff859feb000 	C:\WINDOWS\System32\WS2_32.dll
0x00007ff83f040000 - 0x00007ff83f067000 	C:\WINDOWS\SYSTEM32\WINMM.dll
0x00007ff850330000 - 0x00007ff85033a000 	C:\WINDOWS\SYSTEM32\VERSION.dll
0x00007ff855c60000 - 0x00007ff855c72000 	C:\WINDOWS\SYSTEM32\kernel.appcore.dll
0x00007ff851920000 - 0x00007ff85192a000 	c:\Users\Ahsan\.vscode\extensions\redhat.java-1.14.0-win32-x64\jre\17.0.5-win32-x86_64\bin\jimage.dll
0x00007ff855540000 - 0x00007ff855724000 	C:\WINDOWS\SYSTEM32\DBGHELP.DLL
0x00007ff83ccd0000 - 0x00007ff83cd05000 	C:\WINDOWS\SYSTEM32\dbgcore.DLL
0x00007ff857f60000 - 0x00007ff857fe2000 	C:\WINDOWS\System32\bcryptPrimitives.dll
0x00007ff8517e0000 - 0x00007ff8517ee000 	c:\Users\Ahsan\.vscode\extensions\redhat.java-1.14.0-win32-x64\jre\17.0.5-win32-x86_64\bin\instrument.dll
0x00007ff8320a0000 - 0x00007ff8320c5000 	c:\Users\Ahsan\.vscode\extensions\redhat.java-1.14.0-win32-x64\jre\17.0.5-win32-x86_64\bin\java.dll
0x00007ff83e500000 - 0x00007ff83e518000 	c:\Users\Ahsan\.vscode\extensions\redhat.java-1.14.0-win32-x64\jre\17.0.5-win32-x86_64\bin\zip.dll
0x00007ff858810000 - 0x00007ff858f54000 	C:\WINDOWS\System32\SHELL32.dll
0x00007ff855f40000 - 0x00007ff8566d2000 	C:\WINDOWS\SYSTEM32\windows.storage.dll
0x00007ff8593d0000 - 0x00007ff859725000 	C:\WINDOWS\System32\combase.dll
0x00007ff857840000 - 0x00007ff857870000 	C:\WINDOWS\SYSTEM32\Wldp.dll
0x00007ff85a550000 - 0x00007ff85a5fd000 	C:\WINDOWS\System32\SHCORE.dll
0x00007ff859e00000 - 0x00007ff859e55000 	C:\WINDOWS\System32\shlwapi.dll
0x00007ff857e00000 - 0x00007ff857e1f000 	C:\WINDOWS\SYSTEM32\profapi.dll
0x00007ff831500000 - 0x00007ff831519000 	C:\Users\Ahsan\.vscode\extensions\redhat.java-1.14.0-win32-x64\jre\17.0.5-win32-x86_64\bin\net.dll
0x00007ff850a30000 - 0x00007ff850b3c000 	C:\WINDOWS\SYSTEM32\WINHTTP.dll
0x00007ff857620000 - 0x00007ff85768a000 	C:\WINDOWS\system32\mswsock.dll
0x00007ff830a40000 - 0x00007ff830a55000 	C:\Users\Ahsan\.vscode\extensions\redhat.java-1.14.0-win32-x64\jre\17.0.5-win32-x86_64\bin\nio.dll
0x00007ff8510e0000 - 0x00007ff8510f0000 	c:\Users\Ahsan\.vscode\extensions\redhat.java-1.14.0-win32-x64\jre\17.0.5-win32-x86_64\bin\verify.dll

dbghelp: loaded successfully - version: 4.0.5 - missing functions: none
symbol engine: initialized successfully - sym options: 0x614 - pdb path: .;c:\Users\Ahsan\.vscode\extensions\redhat.java-1.14.0-win32-x64\jre\17.0.5-win32-x86_64\bin;C:\WINDOWS\SYSTEM32;C:\WINDOWS\WinSxS\amd64_microsoft.windows.common-controls_6595b64144ccf1df_6.0.19041.1110_none_60b5254171f9507e;c:\Users\Ahsan\.vscode\extensions\redhat.java-1.14.0-win32-x64\jre\17.0.5-win32-x86_64\bin\server

VM Arguments:
jvm_args: --add-modules=ALL-SYSTEM --add-opens=java.base/java.util=ALL-UNNAMED --add-opens=java.base/java.lang=ALL-UNNAMED --add-opens=java.base/sun.nio.fs=ALL-UNNAMED -Declipse.application=org.eclipse.jdt.ls.core.id1 -Dosgi.bundles.defaultStartLevel=4 -Declipse.product=org.eclipse.jdt.ls.core.product -Djava.import.generatesMetadataFilesAtProjectRoot=false -Dfile.encoding=utf8 -XX:+UseParallelGC -XX:GCTimeRatio=4 -XX:AdaptiveSizePolicyWeight=90 -Dsun.zip.disableMemoryMapping=true -Xmx1G -Xms100m -Xlog:disable -javaagent:c:\Users\Ahsan\.vscode\extensions\redhat.java-1.14.0-win32-x64\lombok\lombok-1.18.24.jar 
java_command: c:\Users\Ahsan\.vscode\extensions\redhat.java-1.14.0-win32-x64\server\plugins\org.eclipse.equinox.launcher_1.6.400.v20210924-0641.jar -configuration c:\Users\Ahsan\AppData\Roaming\Code\User\globalStorage\redhat.java\1.14.0\config_ss_win -data c:\Users\Ahsan\AppData\Roaming\Code\User\workspaceStorage\3b2dfc34112cde41621bee97d745431e\redhat.java\ss_ws
java_class_path (initial): c:\Users\Ahsan\.vscode\extensions\redhat.java-1.14.0-win32-x64\server\plugins\org.eclipse.equinox.launcher_1.6.400.v20210924-0641.jar
Launcher Type: SUN_STANDARD

[Global flags]
    uintx AdaptiveSizePolicyWeight                 = 90                                        {product} {command line}
     intx CICompilerCount                          = 3                                         {product} {ergonomic}
    uintx GCTimeRatio                              = 4                                         {product} {command line}
   size_t InitialHeapSize                          = 104857600                                 {product} {command line}
   size_t MaxHeapSize                              = 1073741824                                {product} {command line}
   size_t MaxNewSize                               = 357564416                                 {product} {ergonomic}
   size_t MinHeapDeltaBytes                        = 524288                                    {product} {ergonomic}
   size_t MinHeapSize                              = 104857600                                 {product} {command line}
   size_t NewSize                                  = 34603008                                  {product} {ergonomic}
    uintx NonNMethodCodeHeapSize                   = 5832780                                {pd product} {ergonomic}
    uintx NonProfiledCodeHeapSize                  = 122912730                              {pd product} {ergonomic}
   size_t OldSize                                  = 70254592                                  {product} {ergonomic}
    uintx ProfiledCodeHeapSize                     = 122912730                              {pd product} {ergonomic}
    uintx ReservedCodeCacheSize                    = 251658240                              {pd product} {ergonomic}
     bool SegmentedCodeCache                       = true                                      {product} {ergonomic}
   size_t SoftMaxHeapSize                          = 1073741824                             {manageable} {ergonomic}
     bool UseCompressedClassPointers               = true                           {product lp64_product} {ergonomic}
     bool UseCompressedOops                        = true                           {product lp64_product} {ergonomic}
     bool UseLargePagesIndividualAllocation        = false                                  {pd product} {ergonomic}
     bool UseParallelGC                            = true                                      {product} {command line}

Logging:
Log output configuration:
 #0: stdout all=off uptime,level,tags
 #1: stderr all=off uptime,level,tags

Environment Variables:
JAVA_HOME=C:\Program Files\OpenJDK\openjdk-11.0.15_10
PATH=C:\Python310\Scripts\;C:\Python310\;C:\Python39\Scripts\;C:\Python39\;C:\Windows\system32;C:\Windows;C:\Windows\System32\Wbem;C:\Windows\System32\WindowsPowerShell\v1.0\;C:\Windows\System32\OpenSSH\;C:\Program Files (x86)\NVIDIA Corporation\PhysX\Common;C:\ProgramData\chocolatey\bin;C:\WINDOWS\system32;C:\WINDOWS;C:\WINDOWS\System32\Wbem;C:\WINDOWS\System32\WindowsPowerShell\v1.0\;C:\WINDOWS\System32\OpenSSH\;C:\Program Files\Git\cmd;C:\Program Files\nodejs\;C:\Program Files\OpenJDK\openjdk-11.0.15_10\bin;C:\Users\Ahsan\AppData\Local\Android\Sdk\platform-tools;C:\Program Files\PostgreSQL\14\bin;C:\Program Files\PostgreSQL\14\lib;C:\Program Files\ssl\bin;C:\Program Files\MySQL\MySQL Shell 8.0\bin\;C:\Users\Ahsan\AppData\Local\Microsoft\WindowsApps;C:\ProgramData\Ahsan\GitHubDesktop\bin;C:\Users\Ahsan\AppData\Local\Programs\Microsoft VS Code\bin;C:\Users\Ahsan\AppData\Local\GitHubDesktop\bin;C:\Users\Ahsan\AppData\Roaming\npm;C:\Program Files\MongoDB\Server\5.0\bin;C:\Program Files\heroku\bin
USERNAME=Ahsan
OS=Windows_NT
PROCESSOR_IDENTIFIER=Intel64 Family 6 Model 158 Stepping 9, GenuineIntel
TMP=C:\Users\Ahsan\AppData\Local\Temp
TEMP=C:\Users\Ahsan\AppData\Local\Temp



---------------  S Y S T E M  ---------------

OS:
 Windows 10 , 64 bit Build 19041 (10.0.19041.2364)
OS uptime: 3 days 0:00 hours
Hyper-V role detected

CPU: total 4 (initial active 4) (4 cores per cpu, 1 threads per core) family 6 model 158 stepping 9 microcode 0xb4, cx8, cmov, fxsr, mmx, 3dnowpref, sse, sse2, sse3, ssse3, sse4.1, sse4.2, popcnt, lzcnt, tsc, tscinvbit, avx, avx2, aes, erms, clmul, bmi1, bmi2, adx, fma, vzeroupper, clflush, clflushopt, hv

Memory: 4k page, system-wide physical 3977M (66M free)
TotalPageFile size 12327M (AvailPageFile size 2M)
current process WorkingSet (physical memory assigned to process): 63M, peak: 63M
current process commit charge ("private bytes"): 184M, peak: 184M

vm_info: OpenJDK 64-Bit Server VM (17.0.5+8) for windows-amd64 JRE (17.0.5+8), built on Oct 19 2022 04:48:13 by "temurin" with MS VC++ 16.7 (VS2019)

END.
