#
# There is insufficient memory for the Java Runtime Environment to continue.
# Native memory allocation (malloc) failed to allocate 1640336 bytes for Chunk::new
# Possible reasons:
#   The system is out of physical RAM or swap space
#   The process is running with CompressedOops enabled, and the Java Heap may be blocking the growth of the native heap
# Possible solutions:
#   Reduce memory load on the system
#   Increase physical memory or swap space
#   Check if swap backing store is full
#   Decrease Java heap size (-Xmx/-Xms)
#   Decrease number of Java threads
#   Decrease Java thread stack sizes (-Xss)
#   Set larger code cache with -XX:ReservedCodeCacheSize=
#   JVM is running with Unscaled Compressed Oops mode in which the Java heap is
#     placed in the first 4GB address space. The Java Heap base address is the
#     maximum limit for the native heap growth. Please use -XX:HeapBaseMinAddress
#     to set the Java Heap base and to place the Java Heap above 4GB virtual address.
# This output file may be truncated or incomplete.
#
#  Out of Memory Error (arena.cpp:189), pid=6464, tid=13516
#
# JRE version: OpenJDK Runtime Environment Temurin-17.0.4.1+1 (17.0.4.1+1) (build 17.0.4.1+1)
# Java VM: OpenJDK 64-Bit Server VM Temurin-17.0.4.1+1 (17.0.4.1+1, mixed mode, tiered, compressed oops, compressed class ptrs, parallel gc, windows-amd64)
# No core dump will be written. Minidumps are not enabled by default on client versions of Windows
#

---------------  S U M M A R Y ------------

Command Line: --add-modules=ALL-SYSTEM --add-opens=java.base/java.util=ALL-UNNAMED --add-opens=java.base/java.lang=ALL-UNNAMED --add-opens=java.base/sun.nio.fs=ALL-UNNAMED -Declipse.application=org.eclipse.jdt.ls.core.id1 -Dosgi.bundles.defaultStartLevel=4 -Declipse.product=org.eclipse.jdt.ls.core.product -Djava.import.generatesMetadataFilesAtProjectRoot=false -Dfile.encoding=utf8 -XX:+UseParallelGC -XX:GCTimeRatio=4 -XX:AdaptiveSizePolicyWeight=90 -Dsun.zip.disableMemoryMapping=true -Xmx1G -Xms100m -Xlog:disable -javaagent:c:\Users\Ahsan\.vscode\extensions\redhat.java-1.12.0-win32-x64\lombok\lombok-1.18.24.jar c:\Users\Ahsan\.vscode\extensions\redhat.java-1.12.0-win32-x64\server\plugins\org.eclipse.equinox.launcher_1.6.400.v20210924-0641.jar -configuration c:\Users\Ahsan\AppData\Roaming\Code\User\globalStorage\redhat.java\1.12.0\config_ss_win -data c:\Users\Ahsan\AppData\Roaming\Code\User\workspaceStorage\3b2dfc34112cde41621bee97d745431e\redhat.java\ss_ws

Host: Intel(R) Core(TM) i5-7300HQ CPU @ 2.50GHz, 4 cores, 3G,  Windows 10 , 64 bit Build 19041 (10.0.19041.1889)
Time: Fri Nov  4 17:41:19 2022 Pakistan Standard Time elapsed time: 8.805355 seconds (0d 0h 0m 8s)

---------------  T H R E A D  ---------------

Current thread (0x000001c23c5c5ec0):  JavaThread "C2 CompilerThread0" daemon [_thread_in_native, id=13516, stack(0x0000002820b00000,0x0000002820c00000)]


Current CompileTask:
C2:   8805 2245       4       org.objectweb.asm.ClassReader::readMethod (1066 bytes)

Stack: [0x0000002820b00000,0x0000002820c00000]
Native frames: (J=compiled Java code, j=interpreted, Vv=VM code, C=native code)
V  [jvm.dll+0x67731a]
V  [jvm.dll+0x832284]
V  [jvm.dll+0x833a2e]
V  [jvm.dll+0x834093]
V  [jvm.dll+0x245775]
V  [jvm.dll+0xabd7b]
V  [jvm.dll+0xac30c]
V  [jvm.dll+0x363a42]
V  [jvm.dll+0x32e011]
V  [jvm.dll+0x32d4ba]
V  [jvm.dll+0x218681]
V  [jvm.dll+0x217aa1]
V  [jvm.dll+0x1a3f8d]
V  [jvm.dll+0x227498]
V  [jvm.dll+0x2255e5]
V  [jvm.dll+0x7e7e9b]
V  [jvm.dll+0x7e240a]
V  [jvm.dll+0x6761a5]
C  [ucrtbase.dll+0x21bb2]
C  [KERNEL32.DLL+0x17034]
C  [ntdll.dll+0x52651]


---------------  P R O C E S S  ---------------

Threads class SMR info:
_java_thread_list=0x000001c23e7e68b0, length=20, elements={
0x000001c22876fff0, 0x000001c23c58e660, 0x000001c23c594380, 0x000001c23c5bcab0,
0x000001c23c5bd920, 0x000001c23c5c06a0, 0x000001c23c5c31d0, 0x000001c23c5c5ec0,
0x000001c23c6087b0, 0x000001c23c60c480, 0x000001c22882df50, 0x000001c23e285020,
0x000001c23e918f20, 0x000001c23e89b220, 0x000001c23e935d20, 0x000001c23eb5a040,
0x000001c23ebd5ad0, 0x000001c23f57e010, 0x000001c23f688870, 0x000001c23f689bb0
}

Java Threads: ( => current thread )
  0x000001c22876fff0 JavaThread "main" [_thread_blocked, id=13124, stack(0x0000002820200000,0x0000002820300000)]
  0x000001c23c58e660 JavaThread "Reference Handler" daemon [_thread_blocked, id=5916, stack(0x0000002820500000,0x0000002820600000)]
  0x000001c23c594380 JavaThread "Finalizer" daemon [_thread_blocked, id=12420, stack(0x0000002820600000,0x0000002820700000)]
  0x000001c23c5bcab0 JavaThread "Signal Dispatcher" daemon [_thread_blocked, id=13828, stack(0x0000002820700000,0x0000002820800000)]
  0x000001c23c5bd920 JavaThread "Attach Listener" daemon [_thread_blocked, id=6364, stack(0x0000002820800000,0x0000002820900000)]
  0x000001c23c5c06a0 JavaThread "Service Thread" daemon [_thread_blocked, id=15060, stack(0x0000002820900000,0x0000002820a00000)]
  0x000001c23c5c31d0 JavaThread "Monitor Deflation Thread" daemon [_thread_blocked, id=688, stack(0x0000002820a00000,0x0000002820b00000)]
=>0x000001c23c5c5ec0 JavaThread "C2 CompilerThread0" daemon [_thread_in_native, id=13516, stack(0x0000002820b00000,0x0000002820c00000)]
  0x000001c23c6087b0 JavaThread "C1 CompilerThread0" daemon [_thread_blocked, id=6668, stack(0x0000002820c00000,0x0000002820d00000)]
  0x000001c23c60c480 JavaThread "Sweeper thread" daemon [_thread_blocked, id=1352, stack(0x0000002820d00000,0x0000002820e00000)]
  0x000001c22882df50 JavaThread "Common-Cleaner" daemon [_thread_blocked, id=13148, stack(0x0000002820e00000,0x0000002820f00000)]
  0x000001c23e285020 JavaThread "Notification Thread" daemon [_thread_blocked, id=12900, stack(0x0000002820f00000,0x0000002821000000)]
  0x000001c23e918f20 JavaThread "Active Thread: Equinox Container: 1d741dff-93c6-4936-898a-0a50d88ce67f" [_thread_blocked, id=3548, stack(0x0000002821400000,0x0000002821500000)]
  0x000001c23e89b220 JavaThread "Framework Event Dispatcher: Equinox Container: 1d741dff-93c6-4936-898a-0a50d88ce67f" daemon [_thread_blocked, id=16932, stack(0x0000002821500000,0x0000002821600000)]
  0x000001c23e935d20 JavaThread "Start Level: Equinox Container: 1d741dff-93c6-4936-898a-0a50d88ce67f" daemon [_thread_in_Java, id=4776, stack(0x0000002821600000,0x0000002821700000)]
  0x000001c23eb5a040 JavaThread "SCR Component Actor" daemon [_thread_blocked, id=7628, stack(0x0000002821700000,0x0000002821800000)]
  0x000001c23ebd5ad0 JavaThread "SCR Component Registry" daemon [_thread_blocked, id=1912, stack(0x0000002821800000,0x0000002821900000)]
  0x000001c23f57e010 JavaThread "Worker-JM" [_thread_blocked, id=5884, stack(0x0000002821900000,0x0000002821a00000)]
  0x000001c23f688870 JavaThread "Worker-0" [_thread_blocked, id=12992, stack(0x0000002821a00000,0x0000002821b00000)]
  0x000001c23f689bb0 JavaThread "Worker-1" [_thread_blocked, id=9640, stack(0x0000002821b00000,0x0000002821c00000)]

Other Threads:
  0x000001c23c57c980 VMThread "VM Thread" [stack: 0x0000002820400000,0x0000002820500000] [id=16332]
  0x000001c23e228e70 WatcherThread [stack: 0x0000002821000000,0x0000002821100000] [id=3464]
  0x000001c228785ea0 GCTaskThread "GC Thread#0" [stack: 0x0000002820300000,0x0000002820400000] [id=8456]
  0x000001c23e67b760 GCTaskThread "GC Thread#1" [stack: 0x0000002821100000,0x0000002821200000] [id=6136]
  0x000001c23e6792d0 GCTaskThread "GC Thread#2" [stack: 0x0000002821200000,0x0000002821300000] [id=13980]
  0x000001c23e67ba10 GCTaskThread "GC Thread#3" [stack: 0x0000002821300000,0x0000002821400000] [id=11592]

Threads with active compile tasks:
C2 CompilerThread0     9244 2245       4       org.objectweb.asm.ClassReader::readMethod (1066 bytes)

VM state: not at safepoint (normal execution)

VM Mutex/Monitor currently owned by a thread: None

Heap address: 0x00000000c0000000, size: 1024 MB, Compressed Oops mode: 32-bit

CDS archive(s) not mapped
Compressed class space mapped at: 0x0000000100000000-0x0000000140000000, reserved size: 1073741824
Narrow klass base: 0x0000000000000000, Narrow klass shift: 3, Narrow klass range: 0x140000000

GC Precious Log:
 CPUs: 4 total, 4 available
 Memory: 3977M
 Large Page Support: Disabled
 NUMA Support: Disabled
 Compressed Oops: Enabled (32-bit)
 Alignments: Space 512K, Generation 512K, Heap 2M
 Heap Min Capacity: 100M
 Heap Initial Capacity: 100M
 Heap Max Capacity: 1G
 Pre-touch: Disabled
 Parallel Workers: 4

Heap:
 PSYoungGen      total 25600K, used 20759K [0x00000000eab00000, 0x00000000ec880000, 0x0000000100000000)
  eden space 25088K, 81% used [0x00000000eab00000,0x00000000ebf00f58,0x00000000ec380000)
  from space 512K, 53% used [0x00000000ec400000,0x00000000ec444db8,0x00000000ec480000)
  to   space 2048K, 0% used [0x00000000ec680000,0x00000000ec680000,0x00000000ec880000)
 ParOldGen       total 68608K, used 7208K [0x00000000c0000000, 0x00000000c4300000, 0x00000000eab00000)
  object space 68608K, 10% used [0x00000000c0000000,0x00000000c070a0b8,0x00000000c4300000)
 Metaspace       used 26820K, committed 27264K, reserved 1081344K
  class space    used 2577K, committed 2816K, reserved 1048576K

Card table byte_map: [0x000001c228130000,0x000001c228340000] _byte_map_base: 0x000001c227b30000

Marking Bits: (ParMarkBitMap*) 0x00007ffdd2ec2cc0
 Begin Bits: [0x000001c23a410000, 0x000001c23b410000)
 End Bits:   [0x000001c23b410000, 0x000001c23c410000)

Polling page: 0x000001c2265e0000

Metaspace:

Usage:
  Non-class:     23.67 MB used.
      Class:      2.52 MB used.
       Both:     26.19 MB used.

Virtual space:
  Non-class space:       32.00 MB reserved,      23.88 MB ( 75%) committed,  4 nodes.
      Class space:        1.00 GB reserved,       2.75 MB ( <1%) committed,  1 nodes.
             Both:        1.03 GB reserved,      26.62 MB (  3%) committed. 

Chunk freelists:
   Non-Class:  3.83 MB
       Class:  1.11 MB
        Both:  4.93 MB

MaxMetaspaceSize: unlimited
CompressedClassSpaceSize: 1.00 GB
Initial GC threshold: 21.00 MB
Current GC threshold: 35.00 MB
CDS: off
MetaspaceReclaimPolicy: balanced
 - commit_granule_bytes: 65536.
 - commit_granule_words: 8192.
 - virtual_space_node_default_size: 1048576.
 - enlarge_chunks_in_place: 1.
 - new_chunks_are_fully_committed: 0.
 - uncommit_free_chunks: 1.
 - use_allocation_guard: 0.
 - handle_deallocations: 1.


Internal statistics:

num_allocs_failed_limit: 3.
num_arena_births: 168.
num_arena_deaths: 14.
num_vsnodes_births: 5.
num_vsnodes_deaths: 0.
num_space_committed: 426.
num_space_uncommitted: 0.
num_chunks_returned_to_freelist: 17.
num_chunks_taken_from_freelist: 842.
num_chunk_merges: 7.
num_chunk_splits: 590.
num_chunks_enlarged: 439.
num_purges: 2.
num_inconsistent_stats: 0.

CodeHeap 'non-profiled nmethods': size=120000Kb used=855Kb max_used=855Kb free=119144Kb
 bounds [0x000001c232ee0000, 0x000001c233150000, 0x000001c23a410000]
CodeHeap 'profiled nmethods': size=120000Kb used=4709Kb max_used=4709Kb free=115290Kb
 bounds [0x000001c22b9b0000, 0x000001c22be50000, 0x000001c232ee0000]
CodeHeap 'non-nmethods': size=5760Kb used=1228Kb max_used=1230Kb free=4531Kb
 bounds [0x000001c22b410000, 0x000001c22b680000, 0x000001c22b9b0000]
 total_blobs=2841 nmethods=2304 adapters=451
 compilation: enabled
              stopped_count=0, restarted_count=0
 full_count=0

Compilation events (20 events):
Event: 8.584 Thread 0x000001c23c5c5ec0 2245       4       org.objectweb.asm.ClassReader::readMethod (1066 bytes)
Event: 8.584 Thread 0x000001c23c6087b0 nmethod 2243 0x000001c22be10b90 code [0x000001c22be10dc0, 0x000001c22be115c8]
Event: 8.584 Thread 0x000001c23c6087b0 2244       3       org.objectweb.asm.SymbolTable::addConstantMethodref (24 bytes)
Event: 8.584 Thread 0x000001c23c6087b0 nmethod 2244 0x000001c22be11910 code [0x000001c22be11ac0, 0x000001c22be11c68]
Event: 8.585 Thread 0x000001c23c6087b0 2247       3       org.objectweb.asm.SymbolTable::put (150 bytes)
Event: 8.585 Thread 0x000001c23c6087b0 nmethod 2247 0x000001c22be11d10 code [0x000001c22be11ee0, 0x000001c22be125f8]
Event: 8.587 Thread 0x000001c23c6087b0 2248 %     3       org.objectweb.asm.ClassReader::<init> @ 110 (371 bytes)
Event: 8.588 Thread 0x000001c23c6087b0 nmethod 2248% 0x000001c22be12910 code [0x000001c22be12c00, 0x000001c22be13f58]
Event: 8.588 Thread 0x000001c23c6087b0 2249       3       org.objectweb.asm.SymbolTable::hash (14 bytes)
Event: 8.588 Thread 0x000001c23c6087b0 nmethod 2249 0x000001c22be14510 code [0x000001c22be146a0, 0x000001c22be14798]
Event: 8.588 Thread 0x000001c23c6087b0 2250       3       java.util.regex.Matcher::match (154 bytes)
Event: 8.589 Thread 0x000001c23c6087b0 nmethod 2250 0x000001c22be14810 code [0x000001c22be14a00, 0x000001c22be14fc8]
Event: 8.589 Thread 0x000001c23c6087b0 2251       3       java.util.Arrays$ArrayItr::next (36 bytes)
Event: 8.589 Thread 0x000001c23c6087b0 nmethod 2251 0x000001c22be15210 code [0x000001c22be153c0, 0x000001c22be15608]
Event: 8.641 Thread 0x000001c23c6087b0 2253       3       org.objectweb.asm.ClassReader::<init> (371 bytes)
Event: 8.642 Thread 0x000001c23c6087b0 nmethod 2253 0x000001c22be15710 code [0x000001c22be159e0, 0x000001c22be16b98]
Event: 8.642 Thread 0x000001c23c6087b0 2254 %     3       org.objectweb.asm.SymbolTable::<init> @ 98 (536 bytes)
Event: 8.645 Thread 0x000001c23c6087b0 nmethod 2254% 0x000001c22be17110 code [0x000001c22be176c0, 0x000001c22be1a2c8]
Event: 8.646 Thread 0x000001c23c6087b0 2255       3       org.objectweb.asm.MethodVisitor::visitInsn (16 bytes)
Event: 8.646 Thread 0x000001c23c6087b0 nmethod 2255 0x000001c22be1b490 code [0x000001c22be1b640, 0x000001c22be1b848]

GC Heap History (12 events):
Event: 3.123 GC heap before
{Heap before GC invocations=1 (full 0):
 PSYoungGen      total 29696K, used 25600K [0x00000000eab00000, 0x00000000ecc00000, 0x0000000100000000)
  eden space 25600K, 100% used [0x00000000eab00000,0x00000000ec400000,0x00000000ec400000)
  from space 4096K, 0% used [0x00000000ec800000,0x00000000ec800000,0x00000000ecc00000)
  to   space 4096K, 0% used [0x00000000ec400000,0x00000000ec400000,0x00000000ec800000)
 ParOldGen       total 68608K, used 0K [0x00000000c0000000, 0x00000000c4300000, 0x00000000eab00000)
  object space 68608K, 0% used [0x00000000c0000000,0x00000000c0000000,0x00000000c4300000)
 Metaspace       used 10826K, committed 11008K, reserved 1064960K
  class space    used 1087K, committed 1152K, reserved 1048576K
}
Event: 3.271 GC heap after
{Heap after GC invocations=1 (full 0):
 PSYoungGen      total 29696K, used 3217K [0x00000000eab00000, 0x00000000ecc00000, 0x0000000100000000)
  eden space 25600K, 0% used [0x00000000eab00000,0x00000000eab00000,0x00000000ec400000)
  from space 4096K, 78% used [0x00000000ec400000,0x00000000ec724680,0x00000000ec800000)
  to   space 4096K, 0% used [0x00000000ec800000,0x00000000ec800000,0x00000000ecc00000)
 ParOldGen       total 68608K, used 16K [0x00000000c0000000, 0x00000000c4300000, 0x00000000eab00000)
  object space 68608K, 0% used [0x00000000c0000000,0x00000000c0004000,0x00000000c4300000)
 Metaspace       used 10826K, committed 11008K, reserved 1064960K
  class space    used 1087K, committed 1152K, reserved 1048576K
}
Event: 4.543 GC heap before
{Heap before GC invocations=2 (full 0):
 PSYoungGen      total 29696K, used 28817K [0x00000000eab00000, 0x00000000ecc00000, 0x0000000100000000)
  eden space 25600K, 100% used [0x00000000eab00000,0x00000000ec400000,0x00000000ec400000)
  from space 4096K, 78% used [0x00000000ec400000,0x00000000ec724680,0x00000000ec800000)
  to   space 4096K, 0% used [0x00000000ec800000,0x00000000ec800000,0x00000000ecc00000)
 ParOldGen       total 68608K, used 16K [0x00000000c0000000, 0x00000000c4300000, 0x00000000eab00000)
  object space 68608K, 0% used [0x00000000c0000000,0x00000000c0004000,0x00000000c4300000)
 Metaspace       used 15135K, committed 15360K, reserved 1064960K
  class space    used 1549K, committed 1664K, reserved 1048576K
}
Event: 4.548 GC heap after
{Heap after GC invocations=2 (full 0):
 PSYoungGen      total 29696K, used 4093K [0x00000000eab00000, 0x00000000ecc00000, 0x0000000100000000)
  eden space 25600K, 0% used [0x00000000eab00000,0x00000000eab00000,0x00000000ec400000)
  from space 4096K, 99% used [0x00000000ec800000,0x00000000ecbff718,0x00000000ecc00000)
  to   space 4096K, 0% used [0x00000000ec400000,0x00000000ec400000,0x00000000ec800000)
 ParOldGen       total 68608K, used 680K [0x00000000c0000000, 0x00000000c4300000, 0x00000000eab00000)
  object space 68608K, 0% used [0x00000000c0000000,0x00000000c00aa370,0x00000000c4300000)
 Metaspace       used 15135K, committed 15360K, reserved 1064960K
  class space    used 1549K, committed 1664K, reserved 1048576K
}
Event: 7.167 GC heap before
{Heap before GC invocations=3 (full 0):
 PSYoungGen      total 29696K, used 29693K [0x00000000eab00000, 0x00000000ecc00000, 0x0000000100000000)
  eden space 25600K, 100% used [0x00000000eab00000,0x00000000ec400000,0x00000000ec400000)
  from space 4096K, 99% used [0x00000000ec800000,0x00000000ecbff718,0x00000000ecc00000)
  to   space 4096K, 0% used [0x00000000ec400000,0x00000000ec400000,0x00000000ec800000)
 ParOldGen       total 68608K, used 680K [0x00000000c0000000, 0x00000000c4300000, 0x00000000eab00000)
  object space 68608K, 0% used [0x00000000c0000000,0x00000000c00aa370,0x00000000c4300000)
 Metaspace       used 20237K, committed 20672K, reserved 1073152K
  class space    used 2063K, committed 2304K, reserved 1048576K
}
Event: 7.172 GC heap after
{Heap after GC invocations=3 (full 0):
 PSYoungGen      total 29696K, used 4065K [0x00000000eab00000, 0x00000000ecc00000, 0x0000000100000000)
  eden space 25600K, 0% used [0x00000000eab00000,0x00000000eab00000,0x00000000ec400000)
  from space 4096K, 99% used [0x00000000ec400000,0x00000000ec7f8550,0x00000000ec800000)
  to   space 4096K, 0% used [0x00000000ec800000,0x00000000ec800000,0x00000000ecc00000)
 ParOldGen       total 68608K, used 2701K [0x00000000c0000000, 0x00000000c4300000, 0x00000000eab00000)
  object space 68608K, 3% used [0x00000000c0000000,0x00000000c02a3518,0x00000000c4300000)
 Metaspace       used 20237K, committed 20672K, reserved 1073152K
  class space    used 2063K, committed 2304K, reserved 1048576K
}
Event: 7.288 GC heap before
{Heap before GC invocations=4 (full 0):
 PSYoungGen      total 29696K, used 9276K [0x00000000eab00000, 0x00000000ecc00000, 0x0000000100000000)
  eden space 25600K, 20% used [0x00000000eab00000,0x00000000eb016cf8,0x00000000ec400000)
  from space 4096K, 99% used [0x00000000ec400000,0x00000000ec7f8550,0x00000000ec800000)
  to   space 4096K, 0% used [0x00000000ec800000,0x00000000ec800000,0x00000000ecc00000)
 ParOldGen       total 68608K, used 2701K [0x00000000c0000000, 0x00000000c4300000, 0x00000000eab00000)
  object space 68608K, 3% used [0x00000000c0000000,0x00000000c02a3518,0x00000000c4300000)
 Metaspace       used 21093K, committed 21504K, reserved 1073152K
  class space    used 2145K, committed 2368K, reserved 1048576K
}
Event: 7.291 GC heap after
{Heap after GC invocations=4 (full 0):
 PSYoungGen      total 29696K, used 4072K [0x00000000eab00000, 0x00000000ecc00000, 0x0000000100000000)
  eden space 25600K, 0% used [0x00000000eab00000,0x00000000eab00000,0x00000000ec400000)
  from space 4096K, 99% used [0x00000000ec800000,0x00000000ecbfa1c8,0x00000000ecc00000)
  to   space 4096K, 0% used [0x00000000ec400000,0x00000000ec400000,0x00000000ec800000)
 ParOldGen       total 68608K, used 3253K [0x00000000c0000000, 0x00000000c4300000, 0x00000000eab00000)
  object space 68608K, 4% used [0x00000000c0000000,0x00000000c032d7a0,0x00000000c4300000)
 Metaspace       used 21093K, committed 21504K, reserved 1073152K
  class space    used 2145K, committed 2368K, reserved 1048576K
}
Event: 7.291 GC heap before
{Heap before GC invocations=5 (full 1):
 PSYoungGen      total 29696K, used 4072K [0x00000000eab00000, 0x00000000ecc00000, 0x0000000100000000)
  eden space 25600K, 0% used [0x00000000eab00000,0x00000000eab00000,0x00000000ec400000)
  from space 4096K, 99% used [0x00000000ec800000,0x00000000ecbfa1c8,0x00000000ecc00000)
  to   space 4096K, 0% used [0x00000000ec400000,0x00000000ec400000,0x00000000ec800000)
 ParOldGen       total 68608K, used 3253K [0x00000000c0000000, 0x00000000c4300000, 0x00000000eab00000)
  object space 68608K, 4% used [0x00000000c0000000,0x00000000c032d7a0,0x00000000c4300000)
 Metaspace       used 21093K, committed 21504K, reserved 1073152K
  class space    used 2145K, committed 2368K, reserved 1048576K
}
Event: 7.317 GC heap after
{Heap after GC invocations=5 (full 1):
 PSYoungGen      total 29696K, used 0K [0x00000000eab00000, 0x00000000ecc00000, 0x0000000100000000)
  eden space 25600K, 0% used [0x00000000eab00000,0x00000000eab00000,0x00000000ec400000)
  from space 4096K, 0% used [0x00000000ec800000,0x00000000ec800000,0x00000000ecc00000)
  to   space 4096K, 0% used [0x00000000ec400000,0x00000000ec400000,0x00000000ec800000)
 ParOldGen       total 68608K, used 7200K [0x00000000c0000000, 0x00000000c4300000, 0x00000000eab00000)
  object space 68608K, 10% used [0x00000000c0000000,0x00000000c07080b8,0x00000000c4300000)
 Metaspace       used 21079K, committed 21504K, reserved 1073152K
  class space    used 2142K, committed 2368K, reserved 1048576K
}
Event: 8.121 GC heap before
{Heap before GC invocations=6 (full 1):
 PSYoungGen      total 29696K, used 25600K [0x00000000eab00000, 0x00000000ecc00000, 0x0000000100000000)
  eden space 25600K, 100% used [0x00000000eab00000,0x00000000ec400000,0x00000000ec400000)
  from space 4096K, 0% used [0x00000000ec800000,0x00000000ec800000,0x00000000ecc00000)
  to   space 4096K, 0% used [0x00000000ec400000,0x00000000ec400000,0x00000000ec800000)
 ParOldGen       total 68608K, used 7200K [0x00000000c0000000, 0x00000000c4300000, 0x00000000eab00000)
  object space 68608K, 10% used [0x00000000c0000000,0x00000000c07080b8,0x00000000c4300000)
 Metaspace       used 24641K, committed 25088K, reserved 1073152K
  class space    used 2403K, committed 2624K, reserved 1048576K
}
Event: 8.123 GC heap after
{Heap after GC invocations=6 (full 1):
 PSYoungGen      total 25600K, used 275K [0x00000000eab00000, 0x00000000ec880000, 0x0000000100000000)
  eden space 25088K, 0% used [0x00000000eab00000,0x00000000eab00000,0x00000000ec380000)
  from space 512K, 53% used [0x00000000ec400000,0x00000000ec444db8,0x00000000ec480000)
  to   space 2048K, 0% used [0x00000000ec680000,0x00000000ec680000,0x00000000ec880000)
 ParOldGen       total 68608K, used 7208K [0x00000000c0000000, 0x00000000c4300000, 0x00000000eab00000)
  object space 68608K, 10% used [0x00000000c0000000,0x00000000c070a0b8,0x00000000c4300000)
 Metaspace       used 24641K, committed 25088K, reserved 1073152K
  class space    used 2403K, committed 2624K, reserved 1048576K
}

Deoptimization events (20 events):
Event: 5.768 Thread 0x000001c23e935d20 Uncommon trap: trap_request=0xffffff45 fr.pc=0x000001c232f7d65c relative=0x000000000000005c
Event: 5.768 Thread 0x000001c23e935d20 Uncommon trap: reason=unstable_if action=reinterpret pc=0x000001c232f7d65c method=java.lang.AbstractStringBuilder.isLatin1()Z @ 10 c2
Event: 5.768 Thread 0x000001c23e935d20 DEOPT PACKING pc=0x000001c232f7d65c sp=0x00000028216f8d30
Event: 5.768 Thread 0x000001c23e935d20 DEOPT UNPACKING pc=0x000001c22b4620a3 sp=0x00000028216f8cc0 mode 2
Event: 5.800 Thread 0x000001c23e935d20 Uncommon trap: trap_request=0xffffff45 fr.pc=0x000001c232f06448 relative=0x0000000000000048
Event: 5.800 Thread 0x000001c23e935d20 Uncommon trap: reason=unstable_if action=reinterpret pc=0x000001c232f06448 method=java.lang.CharacterData.of(I)Ljava/lang/CharacterData; @ 4 c2
Event: 5.800 Thread 0x000001c23e935d20 DEOPT PACKING pc=0x000001c232f06448 sp=0x00000028216f8500
Event: 5.800 Thread 0x000001c23e935d20 DEOPT UNPACKING pc=0x000001c22b4620a3 sp=0x00000028216f8498 mode 2
Event: 6.929 Thread 0x000001c23e935d20 Uncommon trap: trap_request=0xffffffc6 fr.pc=0x000001c232f9c59c relative=0x0000000000000c7c
Event: 6.929 Thread 0x000001c23e935d20 Uncommon trap: reason=bimorphic_or_optimized_type_check action=maybe_recompile pc=0x000001c232f9c59c method=java.io.DataInputStream.readInt()I @ 4 c2
Event: 6.929 Thread 0x000001c23e935d20 DEOPT PACKING pc=0x000001c232f9c59c sp=0x00000028216f9ca0
Event: 6.929 Thread 0x000001c23e935d20 DEOPT UNPACKING pc=0x000001c22b4620a3 sp=0x00000028216f9c60 mode 2
Event: 6.961 Thread 0x000001c23e935d20 Uncommon trap: trap_request=0xffffffc6 fr.pc=0x000001c232f9c59c relative=0x0000000000000c7c
Event: 6.961 Thread 0x000001c23e935d20 Uncommon trap: reason=bimorphic_or_optimized_type_check action=maybe_recompile pc=0x000001c232f9c59c method=java.io.DataInputStream.readInt()I @ 4 c2
Event: 6.961 Thread 0x000001c23e935d20 DEOPT PACKING pc=0x000001c232f9c59c sp=0x00000028216f9a70
Event: 6.961 Thread 0x000001c23e935d20 DEOPT UNPACKING pc=0x000001c22b4620a3 sp=0x00000028216f9a30 mode 2
Event: 7.146 Thread 0x000001c23e935d20 Uncommon trap: trap_request=0xffffff45 fr.pc=0x000001c232f64c40 relative=0x0000000000000040
Event: 7.146 Thread 0x000001c23e935d20 Uncommon trap: reason=unstable_if action=reinterpret pc=0x000001c232f64c40 method=sun.nio.fs.WindowsPathParser.isSlash(C)Z @ 9 c2
Event: 7.146 Thread 0x000001c23e935d20 DEOPT PACKING pc=0x000001c232f64c40 sp=0x00000028216f9490
Event: 7.146 Thread 0x000001c23e935d20 DEOPT UNPACKING pc=0x000001c22b4620a3 sp=0x00000028216f9418 mode 2

Classes unloaded (7 events):
Event: 7.297 Thread 0x000001c23c57c980 Unloading class 0x0000000100210800 'java/lang/invoke/LambdaForm$MH+0x0000000100210800'
Event: 7.297 Thread 0x000001c23c57c980 Unloading class 0x0000000100210400 'java/lang/invoke/LambdaForm$MH+0x0000000100210400'
Event: 7.297 Thread 0x000001c23c57c980 Unloading class 0x0000000100210000 'java/lang/invoke/LambdaForm$MH+0x0000000100210000'
Event: 7.297 Thread 0x000001c23c57c980 Unloading class 0x000000010020f800 'java/lang/invoke/LambdaForm$MH+0x000000010020f800'
Event: 7.297 Thread 0x000001c23c57c980 Unloading class 0x000000010020f400 'java/lang/invoke/LambdaForm$BMH+0x000000010020f400'
Event: 7.297 Thread 0x000001c23c57c980 Unloading class 0x000000010020f000 'java/lang/invoke/LambdaForm$DMH+0x000000010020f000'
Event: 7.297 Thread 0x000001c23c57c980 Unloading class 0x000000010020c400 'java/lang/invoke/LambdaForm$DMH+0x000000010020c400'

Classes redefined (0 events):
No events

Internal exceptions (20 events):
Event: 3.905 Thread 0x000001c22876fff0 Exception <a 'java/lang/NoSuchMethodError'{0x00000000eb675260}: 'java.lang.Object java.lang.invoke.DirectMethodHandle$Holder.newInvokeSpecial(java.lang.Object, int, java.lang.Object)'> (0x00000000eb675260) 
thrown [s\src\hotspot\share\interpreter\linkResolver.cpp, line 759]
Event: 4.205 Thread 0x000001c22876fff0 Exception <a 'java/lang/UnsatisfiedLinkError'{0x00000000ebba2be8}: 'void org.eclipse.equinox.launcher.JNIBridge._update_splash()'> (0x00000000ebba2be8) 
thrown [s\src\hotspot\share\prims\nativeLookup.cpp, line 543]
Event: 4.318 Thread 0x000001c23e935d20 Exception <a 'java/lang/NoSuchMethodError'{0x00000000ebe6bf28}: 'java.lang.Object java.lang.invoke.DirectMethodHandle$Holder.invokeStaticInit(java.lang.Object)'> (0x00000000ebe6bf28) 
thrown [s\src\hotspot\share\interpreter\linkResolver.cpp, line 759]
Event: 4.944 Thread 0x000001c23e935d20 Exception <a 'java/io/FileNotFoundException'{0x00000000eb150be0}> (0x00000000eb150be0) 
thrown [s\src\hotspot\share\prims\jni.cpp, line 516]
Event: 4.957 Thread 0x000001c23e935d20 Exception <a 'java/lang/NullPointerException'{0x00000000eb1a21d0}> (0x00000000eb1a21d0) 
thrown [s\src\hotspot\share\interpreter\linkResolver.cpp, line 1350]
Event: 4.957 Thread 0x000001c23e935d20 Exception <a 'java/lang/NullPointerException'{0x00000000eb1a29f8}> (0x00000000eb1a29f8) 
thrown [s\src\hotspot\share\interpreter\linkResolver.cpp, line 1350]
Event: 6.013 Thread 0x000001c23e935d20 Exception <a 'java/lang/NoSuchMethodError'{0x00000000eb8ebfd0}: 'void java.lang.invoke.DirectMethodHandle$Holder.invokeInterface(java.lang.Object, java.lang.Object, java.lang.Object)'> (0x00000000eb8ebfd0) 
thrown [s\src\hotspot\share\interpreter\linkResolver.cpp, line 759]
Event: 6.434 Thread 0x000001c23e935d20 Exception <a 'java/lang/NoSuchMethodError'{0x00000000ebc10ec0}: 'java.lang.Object java.lang.invoke.Invokers$Holder.invokeExact_MT(java.lang.Object, java.lang.Object, java.lang.Object, java.lang.Object, java.lang.Object, java.lang.Object)'> (0x00000000ebc10ec0) 
thrown [s\src\hotspot\share\interpreter\linkResolver.cpp, line 759]
Event: 6.477 Thread 0x000001c23e935d20 Exception <a 'java/lang/NoSuchMethodError'{0x00000000ebcf3100}: 'java.lang.Object java.lang.invoke.DirectMethodHandle$Holder.invokeStatic(java.lang.Object, java.lang.Object, int)'> (0x00000000ebcf3100) 
thrown [s\src\hotspot\share\interpreter\linkResolver.cpp, line 759]
Event: 6.477 Thread 0x000001c23e935d20 Exception <a 'java/lang/NoSuchMethodError'{0x00000000ebcf7cb0}: 'void java.lang.invoke.DirectMethodHandle$Holder.invokeStatic(java.lang.Object, java.lang.Object, int, java.lang.Object)'> (0x00000000ebcf7cb0) 
thrown [s\src\hotspot\share\interpreter\linkResolver.cpp, line 759]
Event: 6.478 Thread 0x000001c23e935d20 Exception <a 'java/lang/NoSuchMethodError'{0x00000000ebcff3e0}: 'void java.lang.invoke.DelegatingMethodHandle$Holder.delegate(java.lang.Object, java.lang.Object, int, java.lang.Object)'> (0x00000000ebcff3e0) 
thrown [s\src\hotspot\share\interpreter\linkResolver.cpp, line 759]
Event: 6.478 Thread 0x000001c23e935d20 Exception <a 'java/lang/NoSuchMethodError'{0x00000000ebd037c8}: 'int java.lang.invoke.DirectMethodHandle$Holder.invokeSpecial(java.lang.Object, java.lang.Object, java.lang.Object)'> (0x00000000ebd037c8) 
thrown [s\src\hotspot\share\interpreter\linkResolver.cpp, line 759]
Event: 6.480 Thread 0x000001c23e935d20 Exception <a 'java/lang/NoSuchMethodError'{0x00000000ebd13db8}: 'int java.lang.invoke.DirectMethodHandle$Holder.invokeStatic(java.lang.Object, java.lang.Object, int)'> (0x00000000ebd13db8) 
thrown [s\src\hotspot\share\interpreter\linkResolver.cpp, line 759]
Event: 6.482 Thread 0x000001c23e935d20 Exception <a 'java/lang/NoSuchMethodError'{0x00000000ebd180d0}: 'int java.lang.invoke.DirectMethodHandle$Holder.invokeSpecial(java.lang.Object, java.lang.Object, java.lang.Object, int)'> (0x00000000ebd180d0) 
thrown [s\src\hotspot\share\interpreter\linkResolver.cpp, line 759]
Event: 6.484 Thread 0x000001c23e935d20 Exception <a 'java/lang/NoSuchMethodError'{0x00000000ebd32b50}: 'java.lang.Object java.lang.invoke.DirectMethodHandle$Holder.invokeStatic(java.lang.Object, java.lang.Object, java.lang.Object, java.lang.Object, int)'> (0x00000000ebd32b50) 
thrown [s\src\hotspot\share\interpreter\linkResolver.cpp, line 759]
Event: 6.485 Thread 0x000001c23e935d20 Exception <a 'java/lang/NoSuchMethodError'{0x00000000ebd3eb48}: 'java.lang.Object java.lang.invoke.DelegatingMethodHandle$Holder.reinvoke_L(java.lang.Object, java.lang.Object, java.lang.Object, java.lang.Object, int, int)'> (0x00000000ebd3eb48) 
thrown [s\src\hotspot\share\interpreter\linkResolver.cpp, line 759]
Event: 6.487 Thread 0x000001c23e935d20 Exception <a 'java/lang/NoSuchMethodError'{0x00000000ebd56db0}: 'java.lang.Object java.lang.invoke.Invokers$Holder.invokeExact_MT(java.lang.Object, java.lang.Object, java.lang.Object, java.lang.Object)'> (0x00000000ebd56db0) 
thrown [s\src\hotspot\share\interpreter\linkResolver.cpp, line 759]
Event: 7.205 Thread 0x000001c23e935d20 Exception <a 'java/lang/NoSuchMethodError'{0x00000000eac50b90}: 'int java.lang.invoke.DirectMethodHandle$Holder.invokeStaticInit(java.lang.Object, java.lang.Object, java.lang.Object)'> (0x00000000eac50b90) 
thrown [s\src\hotspot\share\interpreter\linkResolver.cpp, line 759]
Event: 7.212 Thread 0x000001c23e935d20 Exception <a 'java/lang/IncompatibleClassChangeError'{0x00000000eacb76d8}: Found class java.lang.Object, but interface was expected> (0x00000000eacb76d8) 
thrown [s\src\hotspot\share\interpreter\linkResolver.cpp, line 826]
Event: 7.255 Thread 0x000001c23f688870 Exception <a 'java/io/FileNotFoundException'{0x00000000eada9418}> (0x00000000eada9418) 
thrown [s\src\hotspot\share\prims\jni.cpp, line 516]

VM Operations (20 events):
Event: 4.543 Executing VM operation: ParallelGCFailedAllocation
Event: 4.548 Executing VM operation: ParallelGCFailedAllocation done
Event: 5.559 Executing VM operation: Cleanup
Event: 5.559 Executing VM operation: Cleanup done
Event: 5.590 Executing VM operation: HandshakeAllThreads
Event: 5.590 Executing VM operation: HandshakeAllThreads done
Event: 5.805 Executing VM operation: HandshakeAllThreads
Event: 5.805 Executing VM operation: HandshakeAllThreads done
Event: 5.817 Executing VM operation: HandshakeAllThreads
Event: 5.817 Executing VM operation: HandshakeAllThreads done
Event: 6.476 Executing VM operation: HandshakeAllThreads
Event: 6.476 Executing VM operation: HandshakeAllThreads done
Event: 7.167 Executing VM operation: ParallelGCFailedAllocation
Event: 7.172 Executing VM operation: ParallelGCFailedAllocation done
Event: 7.242 Executing VM operation: HandshakeAllThreads
Event: 7.243 Executing VM operation: HandshakeAllThreads done
Event: 7.288 Executing VM operation: CollectForMetadataAllocation
Event: 7.317 Executing VM operation: CollectForMetadataAllocation done
Event: 8.121 Executing VM operation: ParallelGCFailedAllocation
Event: 8.127 Executing VM operation: ParallelGCFailedAllocation done

Events (20 events):
Event: 7.320 loading class java/util/zip/DeflaterOutputStream done
Event: 7.320 loading class java/util/zip/GZIPOutputStream done
Event: 7.350 loading class java/io/StringReader
Event: 7.350 loading class java/io/StringReader done
Event: 7.356 loading class java/util/zip/GZIPInputStream
Event: 7.356 loading class java/util/zip/GZIPInputStream done
Event: 7.358 loading class java/net/SocketTimeoutException
Event: 7.358 loading class java/io/InterruptedIOException
Event: 7.358 loading class java/io/InterruptedIOException done
Event: 7.359 loading class java/net/SocketTimeoutException done
Event: 7.359 loading class java/net/SocketException
Event: 7.359 loading class java/net/SocketException done
Event: 7.359 loading class java/net/UnknownHostException
Event: 7.359 loading class java/net/UnknownHostException done
Event: 7.359 loading class java/net/ProtocolException
Event: 7.360 loading class java/net/ProtocolException done
Event: 7.401 loading class java/io/FileWriter
Event: 7.401 loading class java/io/FileWriter done
Event: 7.510 loading class java/lang/NegativeArraySizeException
Event: 7.510 loading class java/lang/NegativeArraySizeException done


Dynamic libraries:
0x00007ff7cc260000 - 0x00007ff7cc26e000 	c:\Users\Ahsan\.vscode\extensions\redhat.java-1.12.0-win32-x64\jre\17.0.4.1-win32-x86_64\bin\java.exe
0x00007ffe36cf0000 - 0x00007ffe36ee8000 	C:\WINDOWS\SYSTEM32\ntdll.dll
0x00007ffe36bf0000 - 0x00007ffe36cad000 	C:\WINDOWS\System32\KERNEL32.DLL
0x00007ffe34970000 - 0x00007ffe34c3e000 	C:\WINDOWS\System32\KERNELBASE.dll
0x00007ffe34410000 - 0x00007ffe34510000 	C:\WINDOWS\System32\ucrtbase.dll
0x00007ffe2fac0000 - 0x00007ffe2fad8000 	c:\Users\Ahsan\.vscode\extensions\redhat.java-1.12.0-win32-x64\jre\17.0.4.1-win32-x86_64\bin\jli.dll
0x00007ffe36840000 - 0x00007ffe369e0000 	C:\WINDOWS\System32\USER32.dll
0x00007ffe34830000 - 0x00007ffe34852000 	C:\WINDOWS\System32\win32u.dll
0x00007ffe36650000 - 0x00007ffe3667a000 	C:\WINDOWS\System32\GDI32.dll
0x00007ffe34720000 - 0x00007ffe3482b000 	C:\WINDOWS\System32\gdi32full.dll
0x00007ffe34c40000 - 0x00007ffe34cdd000 	C:\WINDOWS\System32\msvcp_win.dll
0x00007ffe2db70000 - 0x00007ffe2db89000 	c:\Users\Ahsan\.vscode\extensions\redhat.java-1.12.0-win32-x64\jre\17.0.4.1-win32-x86_64\bin\VCRUNTIME140.dll
0x00007ffe1f8a0000 - 0x00007ffe1fb3a000 	C:\WINDOWS\WinSxS\amd64_microsoft.windows.common-controls_6595b64144ccf1df_6.0.19041.1110_none_60b5254171f9507e\COMCTL32.dll
0x00007ffe36ae0000 - 0x00007ffe36b7e000 	C:\WINDOWS\System32\msvcrt.dll
0x00007ffe36730000 - 0x00007ffe36760000 	C:\WINDOWS\System32\IMM32.DLL
0x00007ffe2fa90000 - 0x00007ffe2fa9c000 	c:\Users\Ahsan\.vscode\extensions\redhat.java-1.12.0-win32-x64\jre\17.0.4.1-win32-x86_64\bin\vcruntime140_1.dll
0x00007ffdf0d90000 - 0x00007ffdf0e21000 	c:\Users\Ahsan\.vscode\extensions\redhat.java-1.12.0-win32-x64\jre\17.0.4.1-win32-x86_64\bin\msvcp140.dll
0x00007ffdd2340000 - 0x00007ffdd2f86000 	c:\Users\Ahsan\.vscode\extensions\redhat.java-1.12.0-win32-x64\jre\17.0.4.1-win32-x86_64\bin\server\jvm.dll
0x00007ffe36680000 - 0x00007ffe3672e000 	C:\WINDOWS\System32\ADVAPI32.dll
0x00007ffe34d50000 - 0x00007ffe34dec000 	C:\WINDOWS\System32\sechost.dll
0x00007ffe35c40000 - 0x00007ffe35d65000 	C:\WINDOWS\System32\RPCRT4.dll
0x00007ffe364c0000 - 0x00007ffe364c8000 	C:\WINDOWS\System32\PSAPI.DLL
0x00007ffe19180000 - 0x00007ffe19189000 	C:\WINDOWS\SYSTEM32\WSOCK32.dll
0x00007ffe36b80000 - 0x00007ffe36beb000 	C:\WINDOWS\System32\WS2_32.dll
0x00007ffe19a20000 - 0x00007ffe19a47000 	C:\WINDOWS\SYSTEM32\WINMM.dll
0x00007ffe2c970000 - 0x00007ffe2c97a000 	C:\WINDOWS\SYSTEM32\VERSION.dll
0x00007ffe321f0000 - 0x00007ffe32202000 	C:\WINDOWS\SYSTEM32\kernel.appcore.dll
0x00007ffe2fa30000 - 0x00007ffe2fa3a000 	c:\Users\Ahsan\.vscode\extensions\redhat.java-1.12.0-win32-x64\jre\17.0.4.1-win32-x86_64\bin\jimage.dll
0x00007ffe31b60000 - 0x00007ffe31d44000 	C:\WINDOWS\SYSTEM32\DBGHELP.DLL
0x00007ffe19190000 - 0x00007ffe191bc000 	C:\WINDOWS\SYSTEM32\dbgcore.DLL
0x00007ffe34860000 - 0x00007ffe348e2000 	C:\WINDOWS\System32\bcryptPrimitives.dll
0x00007ffe2f9e0000 - 0x00007ffe2f9ee000 	c:\Users\Ahsan\.vscode\extensions\redhat.java-1.12.0-win32-x64\jre\17.0.4.1-win32-x86_64\bin\instrument.dll
0x00007ffe2db40000 - 0x00007ffe2db65000 	c:\Users\Ahsan\.vscode\extensions\redhat.java-1.12.0-win32-x64\jre\17.0.4.1-win32-x86_64\bin\java.dll
0x00007ffe1cae0000 - 0x00007ffe1caf8000 	c:\Users\Ahsan\.vscode\extensions\redhat.java-1.12.0-win32-x64\jre\17.0.4.1-win32-x86_64\bin\zip.dll
0x00007ffe35d70000 - 0x00007ffe364b4000 	C:\WINDOWS\System32\SHELL32.dll
0x00007ffe324d0000 - 0x00007ffe32c64000 	C:\WINDOWS\SYSTEM32\windows.storage.dll
0x00007ffe35130000 - 0x00007ffe35484000 	C:\WINDOWS\System32\combase.dll
0x00007ffe33d90000 - 0x00007ffe33dc0000 	C:\WINDOWS\SYSTEM32\Wldp.dll
0x00007ffe35610000 - 0x00007ffe356bd000 	C:\WINDOWS\System32\SHCORE.dll
0x00007ffe365f0000 - 0x00007ffe36645000 	C:\WINDOWS\System32\shlwapi.dll
0x00007ffe34350000 - 0x00007ffe3436f000 	C:\WINDOWS\SYSTEM32\profapi.dll
0x00007ffe1b9d0000 - 0x00007ffe1b9e9000 	C:\Users\Ahsan\.vscode\extensions\redhat.java-1.12.0-win32-x64\jre\17.0.4.1-win32-x86_64\bin\net.dll
0x00007ffe2cfe0000 - 0x00007ffe2d0ea000 	C:\WINDOWS\SYSTEM32\WINHTTP.dll
0x00007ffe33b70000 - 0x00007ffe33bda000 	C:\WINDOWS\system32\mswsock.dll
0x00007ffe1b9b0000 - 0x00007ffe1b9c5000 	C:\Users\Ahsan\.vscode\extensions\redhat.java-1.12.0-win32-x64\jre\17.0.4.1-win32-x86_64\bin\nio.dll
0x00007ffe2e1c0000 - 0x00007ffe2e1d0000 	c:\Users\Ahsan\.vscode\extensions\redhat.java-1.12.0-win32-x64\jre\17.0.4.1-win32-x86_64\bin\verify.dll
0x00007ffe0d570000 - 0x00007ffe0d5ae000 	C:\Users\Ahsan\AppData\Roaming\Code\User\globalStorage\redhat.java\1.12.0\config_ss_win\org.eclipse.equinox.launcher\org.eclipse.equinox.launcher.win32.win32.x86_64_1.2.600.v20220720-1916\eclipse_11700.dll
0x00007ffe34fa0000 - 0x00007ffe350ca000 	C:\WINDOWS\System32\ole32.dll

dbghelp: loaded successfully - version: 4.0.5 - missing functions: none
symbol engine: initialized successfully - sym options: 0x614 - pdb path: .;c:\Users\Ahsan\.vscode\extensions\redhat.java-1.12.0-win32-x64\jre\17.0.4.1-win32-x86_64\bin;C:\WINDOWS\SYSTEM32;C:\WINDOWS\WinSxS\amd64_microsoft.windows.common-controls_6595b64144ccf1df_6.0.19041.1110_none_60b5254171f9507e;c:\Users\Ahsan\.vscode\extensions\redhat.java-1.12.0-win32-x64\jre\17.0.4.1-win32-x86_64\bin\server;C:\Users\Ahsan\AppData\Roaming\Code\User\globalStorage\redhat.java\1.12.0\config_ss_win\org.eclipse.equinox.launcher\org.eclipse.equinox.launcher.win32.win32.x86_64_1.2.600.v20220720-1916

VM Arguments:
jvm_args: --add-modules=ALL-SYSTEM --add-opens=java.base/java.util=ALL-UNNAMED --add-opens=java.base/java.lang=ALL-UNNAMED --add-opens=java.base/sun.nio.fs=ALL-UNNAMED -Declipse.application=org.eclipse.jdt.ls.core.id1 -Dosgi.bundles.defaultStartLevel=4 -Declipse.product=org.eclipse.jdt.ls.core.product -Djava.import.generatesMetadataFilesAtProjectRoot=false -Dfile.encoding=utf8 -XX:+UseParallelGC -XX:GCTimeRatio=4 -XX:AdaptiveSizePolicyWeight=90 -Dsun.zip.disableMemoryMapping=true -Xmx1G -Xms100m -Xlog:disable -javaagent:c:\Users\Ahsan\.vscode\extensions\redhat.java-1.12.0-win32-x64\lombok\lombok-1.18.24.jar 
java_command: c:\Users\Ahsan\.vscode\extensions\redhat.java-1.12.0-win32-x64\server\plugins\org.eclipse.equinox.launcher_1.6.400.v20210924-0641.jar -configuration c:\Users\Ahsan\AppData\Roaming\Code\User\globalStorage\redhat.java\1.12.0\config_ss_win -data c:\Users\Ahsan\AppData\Roaming\Code\User\workspaceStorage\3b2dfc34112cde41621bee97d745431e\redhat.java\ss_ws
java_class_path (initial): c:\Users\Ahsan\.vscode\extensions\redhat.java-1.12.0-win32-x64\server\plugins\org.eclipse.equinox.launcher_1.6.400.v20210924-0641.jar
Launcher Type: SUN_STANDARD

[Global flags]
    uintx AdaptiveSizePolicyWeight                 = 90                                        {product} {command line}
     intx CICompilerCount                          = 3                                         {product} {ergonomic}
    uintx GCTimeRatio                              = 4                                         {product} {command line}
   size_t InitialHeapSize                          = 104857600                                 {product} {command line}
   size_t MaxHeapSize                              = 1073741824                                {product} {command line}
   size_t MaxNewSize                               = 357564416                                 {product} {ergonomic}
   size_t MinHeapDeltaBytes                        = 524288                                    {product} {ergonomic}
   size_t MinHeapSize                              = 104857600                                 {product} {command line}
   size_t NewSize                                  = 34603008                                  {product} {ergonomic}
    uintx NonNMethodCodeHeapSize                   = 5832780                                {pd product} {ergonomic}
    uintx NonProfiledCodeHeapSize                  = 122912730                              {pd product} {ergonomic}
   size_t OldSize                                  = 70254592                                  {product} {ergonomic}
    uintx ProfiledCodeHeapSize                     = 122912730                              {pd product} {ergonomic}
    uintx ReservedCodeCacheSize                    = 251658240                              {pd product} {ergonomic}
     bool SegmentedCodeCache                       = true                                      {product} {ergonomic}
   size_t SoftMaxHeapSize                          = 1073741824                             {manageable} {ergonomic}
     bool UseCompressedClassPointers               = true                           {product lp64_product} {ergonomic}
     bool UseCompressedOops                        = true                           {product lp64_product} {ergonomic}
     bool UseLargePagesIndividualAllocation        = false                                  {pd product} {ergonomic}
     bool UseParallelGC                            = true                                      {product} {command line}

Logging:
Log output configuration:
 #0: stdout all=off uptime,level,tags
 #1: stderr all=off uptime,level,tags

Environment Variables:
JAVA_HOME=C:\Program Files\OpenJDK\openjdk-11.0.15_10
PATH=C:\Python310\Scripts\;C:\Python310\;C:\Python39\Scripts\;C:\Python39\;C:\Windows\system32;C:\Windows;C:\Windows\System32\Wbem;C:\Windows\System32\WindowsPowerShell\v1.0\;C:\Windows\System32\OpenSSH\;C:\Program Files (x86)\NVIDIA Corporation\PhysX\Common;C:\ProgramData\chocolatey\bin;C:\WINDOWS\system32;C:\WINDOWS;C:\WINDOWS\System32\Wbem;C:\WINDOWS\System32\WindowsPowerShell\v1.0\;C:\WINDOWS\System32\OpenSSH\;C:\Program Files\Git\cmd;C:\Program Files\nodejs\;C:\Program Files\OpenJDK\openjdk-11.0.15_10\bin;C:\Users\Ahsan\AppData\Local\Android\Sdk\platform-tools;C:\Program Files\PostgreSQL\14\bin;C:\Program Files\PostgreSQL\14\lib;C:\Program Files\ssl\bin;C:\Program Files\MySQL\MySQL Shell 8.0\bin\;C:\Users\Ahsan\AppData\Local\Microsoft\WindowsApps;C:\ProgramData\Ahsan\GitHubDesktop\bin;C:\Users\Ahsan\AppData\Local\Programs\Microsoft VS Code\bin;C:\Users\Ahsan\AppData\Local\GitHubDesktop\bin;C:\Users\Ahsan\AppData\Roaming\npm;C:\Program Files\MongoDB\Server\5.0\bin;C:\Program Files\heroku\bin
USERNAME=Ahsan
OS=Windows_NT
PROCESSOR_IDENTIFIER=Intel64 Family 6 Model 158 Stepping 9, GenuineIntel
TMP=C:\Users\Ahsan\AppData\Local\Temp
TEMP=C:\Users\Ahsan\AppData\Local\Temp



---------------  S Y S T E M  ---------------

OS:
 Windows 10 , 64 bit Build 19041 (10.0.19041.1889)
OS uptime: 1 days 5:06 hours
Hyper-V role detected

CPU: total 4 (initial active 4) (4 cores per cpu, 1 threads per core) family 6 model 158 stepping 9 microcode 0xb4, cx8, cmov, fxsr, mmx, 3dnowpref, sse, sse2, sse3, ssse3, sse4.1, sse4.2, popcnt, lzcnt, tsc, tscinvbit, avx, avx2, aes, erms, clmul, bmi1, bmi2, adx, fma, vzeroupper, clflush, clflushopt, hv

Memory: 4k page, system-wide physical 3977M (201M free)
TotalPageFile size 13218M (AvailPageFile size 24M)
current process WorkingSet (physical memory assigned to process): 123M, peak: 123M
current process commit charge ("private bytes"): 219M, peak: 219M

vm_info: OpenJDK 64-Bit Server VM (17.0.4.1+1) for windows-amd64 JRE (17.0.4.1+1), built on Aug 17 2022 07:42:43 by "temurin" with MS VC++ 16.7 (VS2019)

END.
