#
# There is insufficient memory for the Java Runtime Environment to continue.
# Native memory allocation (mmap) failed to map 283115520 bytes for Failed to commit area from 0x00000000ca300000 to 0x00000000db100000 of length 283115520.
# Possible reasons:
#   The system is out of physical RAM or swap space
#   The process is running with CompressedOops enabled, and the Java Heap may be blocking the growth of the native heap
# Possible solutions:
#   Reduce memory load on the system
#   Increase physical memory or swap space
#   Check if swap backing store is full
#   Decrease Java heap size (-Xmx/-Xms)
#   Decrease number of Java threads
#   Decrease Java thread stack sizes (-Xss)
#   Set larger code cache with -XX:ReservedCodeCacheSize=
#   JVM is running with Unscaled Compressed Oops mode in which the Java heap is
#     placed in the first 4GB address space. The Java Heap base address is the
#     maximum limit for the native heap growth. Please use -XX:HeapBaseMinAddress
#     to set the Java Heap base and to place the Java Heap above 4GB virtual address.
# This output file may be truncated or incomplete.
#
#  Out of Memory Error (./src/hotspot/os/windows/os_windows.cpp:3390), pid=7708, tid=6888
#
# JRE version: OpenJDK Runtime Environment 18.9 (11.0.15+10) (build 11.0.15+10)
# Java VM: OpenJDK 64-Bit Server VM 18.9 (11.0.15+10, mixed mode, tiered, compressed oops, g1 gc, windows-amd64)
# No core dump will be written. Minidumps are not enabled by default on client versions of Windows
#

---------------  S U M M A R Y ------------

Command Line: org.jetbrains.kotlin.cli.jvm.K2JVMCompiler @D:\native_shoppingApp\node_modules\react-native-screens\android\build\20220706_11405412309978552494.compiler.options

Host: Intel(R) Core(TM) i5-7300HQ CPU @ 2.50GHz, 4 cores, 3G,  Windows 10 , 64 bit Build 19041 (10.0.19041.1741)
Time: Wed Jul  6 14:21:34 2022 Pakistan Standard Time elapsed time: 82.219160 seconds (0d 0h 1m 22s)

---------------  T H R E A D  ---------------

Current thread (0x000002339cfc2800):  VMThread "VM Thread" [stack: 0x000000b885500000,0x000000b885600000] [id=6888]

Stack: [0x000000b885500000,0x000000b885600000]
[error occurred during error reporting (printing stack bounds), id 0xc0000005, EXCEPTION_ACCESS_VIOLATION (0xc0000005) at pc=0x00000233886a112d]

Native frames: (J=compiled Java code, j=interpreted, Vv=VM code, C=native code)
V  [jvm.dll+0x64dd3a]
V  [jvm.dll+0x7906c9]
V  [jvm.dll+0x791d9c]
V  [jvm.dll+0x7923c5]
V  [jvm.dll+0x79237b]
V  [jvm.dll+0x64cdd0]
V  [jvm.dll+0x64d4e8]
C  [ntdll.dll+0xa209f]
C  [ntdll.dll+0x51454]
C  [ntdll.dll+0xa0bce]
C  0x00000233886a112d

VM_Operation (0x000000b884ff2a40): G1CollectForAllocation, mode: safepoint, requested by thread 0x00000233fbd1d000


---------------  P R O C E S S  ---------------

Threads class SMR info:
_java_thread_list=0x000002339d2bd620, length=10, elements={
0x00000233fbd1d000, 0x000002339cfe9000, 0x000002339cff2800, 0x000002339d058800,
0x000002339d05b000, 0x000002339d05c000, 0x000002339d00f000, 0x000002339d05f000,
0x000002339d1b8800, 0x000002339d2f0000
}

Java Threads: ( => current thread )
  0x00000233fbd1d000 JavaThread "main" [_thread_blocked, id=8004, stack(0x000000b884f00000,0x000000b885000000)]
  0x000002339cfe9000 JavaThread "Reference Handler" daemon [_thread_blocked, id=2276, stack(0x000000b885600000,0x000000b885700000)]
  0x000002339cff2800 JavaThread "Finalizer" daemon [_thread_blocked, id=7616, stack(0x000000b885700000,0x000000b885800000)]
  0x000002339d058800 JavaThread "Signal Dispatcher" daemon [_thread_blocked, id=4328, stack(0x000000b885800000,0x000000b885900000)]
  0x000002339d05b000 JavaThread "Attach Listener" daemon [_thread_blocked, id=6080, stack(0x000000b885900000,0x000000b885a00000)]
  0x000002339d05c000 JavaThread "Service Thread" daemon [_thread_blocked, id=8028, stack(0x000000b885a00000,0x000000b885b00000)]
  0x000002339d00f000 JavaThread "C2 CompilerThread0" daemon [_thread_blocked, id=12592, stack(0x000000b885b00000,0x000000b885c00000)]
  0x000002339d05f000 JavaThread "C1 CompilerThread0" daemon [_thread_blocked, id=8020, stack(0x000000b885c00000,0x000000b885d00000)]
  0x000002339d1b8800 JavaThread "Sweeper thread" daemon [_thread_blocked, id=8364, stack(0x000000b885d00000,0x000000b885e00000)]
  0x000002339d2f0000 JavaThread "Common-Cleaner" daemon [_thread_blocked, id=10552, stack(0x000000b885f00000,0x000000b886000000)]

Other Threads:
=>0x000002339cfc2800 VMThread "VM Thread" [stack: 0x000000b885500000,0x000000b885600000] [id=6888]
  0x000002339d2ec000 WatcherThread [stack: 0x000000b885e00000,0x000000b885f00000] [id=10328]
  0x00000233fbd35000 GCTaskThread "GC Thread#0" [stack: 0x000000b885000000,0x000000b885100000] [id=9896]
  0x000002339d72d800 GCTaskThread "GC Thread#1" [stack: 0x000000b886000000,0x000000b886100000] [id=7228]
  0x00000233a2351800 GCTaskThread "GC Thread#2" [stack: 0x000000b884c00000,0x000000b884d00000] [id=8796]
  0x00000233fbd51000 ConcurrentGCThread "G1 Main Marker" [stack: 0x000000b885100000,0x000000b885200000] [id=11804]
  0x00000233fbd52800 ConcurrentGCThread "G1 Conc#0" [stack: 0x000000b885200000,0x000000b885300000] [id=6180]
  0x00000233fbdac800 ConcurrentGCThread "G1 Refine#0" [stack: 0x000000b885300000,0x000000b885400000] [id=9500]
  0x00000233fbdad800 ConcurrentGCThread "G1 Young RemSet Sampling" [stack: 0x000000b885400000,0x000000b885500000] [id=9432]

Threads with active compile tasks:
C2 CompilerThread0    82332 11337       4       org.jetbrains.kotlin.types.TypeSubstitutor::unsafeSubstitute (769 bytes)

VM state:at safepoint (normal execution)

VM Mutex/Monitor currently owned by a thread:  ([mutex/lock_event])
[0x00000233fbd1a210] Threads_lock - owner thread: 0x000002339cfc2800
[0x00000233fbd19e20] Heap_lock - owner thread: 0x00000233fbd1d000

Heap address: 0x00000000c1c00000, size: 996 MB, Compressed Oops mode: 32-bit
Narrow klass base: 0x0000000000000000, Narrow klass shift: 3
Compressed class space size: 1073741824 Address: 0x0000000100000000

Heap:
 garbage-first heap   total 414720K, used 74262K [0x00000000c1c00000, 0x0000000100000000)
  region size 1024K, 1 young (1024K), 1 survivors (1024K)
 Metaspace       used 65838K, capacity 66582K, committed 66688K, reserved 1107968K
  class space    used 7506K, capacity 7802K, committed 7808K, reserved 1048576K
Heap Regions: E=young(eden), S=young(survivor), O=old, HS=humongous(starts), HC=humongous(continues), CS=collection set, F=free, A=archive, TAMS=top-at-mark-start (previous, next)
|   0|0x00000000c1c00000, 0x00000000c1d00000, 0x00000000c1d00000|100%|HS|  |TAMS 0x00000000c1d00000, 0x00000000c1d00000| Complete 
|   1|0x00000000c1d00000, 0x00000000c1e00000, 0x00000000c1e00000|100%|HC|  |TAMS 0x00000000c1e00000, 0x00000000c1e00000| Complete 
|   2|0x00000000c1e00000, 0x00000000c1f00000, 0x00000000c1f00000|100%|HC|  |TAMS 0x00000000c1f00000, 0x00000000c1f00000| Complete 
|   3|0x00000000c1f00000, 0x00000000c2000000, 0x00000000c2000000|100%| O|  |TAMS 0x00000000c2000000, 0x00000000c2000000| Untracked 
|   4|0x00000000c2000000, 0x00000000c2100000, 0x00000000c2100000|100%| O|  |TAMS 0x00000000c2100000, 0x00000000c2100000| Untracked 
|   5|0x00000000c2100000, 0x00000000c2200000, 0x00000000c2200000|100%| O|  |TAMS 0x00000000c2200000, 0x00000000c2200000| Untracked 
|   6|0x00000000c2200000, 0x00000000c2300000, 0x00000000c2300000|100%| O|  |TAMS 0x00000000c2300000, 0x00000000c2300000| Untracked 
|   7|0x00000000c2300000, 0x00000000c2400000, 0x00000000c2400000|100%| O|  |TAMS 0x00000000c2400000, 0x00000000c2400000| Untracked 
|   8|0x00000000c2400000, 0x00000000c2500000, 0x00000000c2500000|100%| O|  |TAMS 0x00000000c2500000, 0x00000000c2500000| Untracked 
|   9|0x00000000c2500000, 0x00000000c2600000, 0x00000000c2600000|100%| O|  |TAMS 0x00000000c2600000, 0x00000000c2600000| Untracked 
|  10|0x00000000c2600000, 0x00000000c2700000, 0x00000000c2700000|100%| O|  |TAMS 0x00000000c2700000, 0x00000000c2700000| Untracked 
|  11|0x00000000c2700000, 0x00000000c2800000, 0x00000000c2800000|100%| O|  |TAMS 0x00000000c2800000, 0x00000000c2800000| Untracked 
|  12|0x00000000c2800000, 0x00000000c2900000, 0x00000000c2900000|100%| O|  |TAMS 0x00000000c2900000, 0x00000000c2900000| Untracked 
|  13|0x00000000c2900000, 0x00000000c2a00000, 0x00000000c2a00000|100%| O|  |TAMS 0x00000000c2a00000, 0x00000000c2a00000| Untracked 
|  14|0x00000000c2a00000, 0x00000000c2b00000, 0x00000000c2b00000|100%|HS|  |TAMS 0x00000000c2b00000, 0x00000000c2b00000| Complete 
|  15|0x00000000c2b00000, 0x00000000c2c00000, 0x00000000c2c00000|100%|HC|  |TAMS 0x00000000c2c00000, 0x00000000c2c00000| Complete 
|  16|0x00000000c2c00000, 0x00000000c2d00000, 0x00000000c2d00000|100%| O|  |TAMS 0x00000000c2d00000, 0x00000000c2d00000| Untracked 
|  17|0x00000000c2d00000, 0x00000000c2e00000, 0x00000000c2e00000|100%| O|  |TAMS 0x00000000c2e00000, 0x00000000c2e00000| Untracked 
|  18|0x00000000c2e00000, 0x00000000c2f00000, 0x00000000c2f00000|100%| O|  |TAMS 0x00000000c2f00000, 0x00000000c2f00000| Untracked 
|  19|0x00000000c2f00000, 0x00000000c3000000, 0x00000000c3000000|100%| O|  |TAMS 0x00000000c3000000, 0x00000000c3000000| Untracked 
|  20|0x00000000c3000000, 0x00000000c3100000, 0x00000000c3100000|100%| O|  |TAMS 0x00000000c3100000, 0x00000000c3100000| Untracked 
|  21|0x00000000c3100000, 0x00000000c3200000, 0x00000000c3200000|100%| O|  |TAMS 0x00000000c3200000, 0x00000000c3200000| Untracked 
|  22|0x00000000c3200000, 0x00000000c3300000, 0x00000000c3300000|100%| O|  |TAMS 0x00000000c3300000, 0x00000000c3300000| Untracked 
|  23|0x00000000c3300000, 0x00000000c3400000, 0x00000000c3400000|100%| O|  |TAMS 0x00000000c3400000, 0x00000000c3400000| Untracked 
|  24|0x00000000c3400000, 0x00000000c3500000, 0x00000000c3500000|100%| O|  |TAMS 0x00000000c3500000, 0x00000000c3500000| Untracked 
|  25|0x00000000c3500000, 0x00000000c3600000, 0x00000000c3600000|100%| O|  |TAMS 0x00000000c3600000, 0x00000000c3600000| Untracked 
|  26|0x00000000c3600000, 0x00000000c3700000, 0x00000000c3700000|100%| O|  |TAMS 0x00000000c3700000, 0x00000000c3700000| Untracked 
|  27|0x00000000c3700000, 0x00000000c3800000, 0x00000000c3800000|100%| O|  |TAMS 0x00000000c3800000, 0x00000000c3800000| Untracked 
|  28|0x00000000c3800000, 0x00000000c3900000, 0x00000000c3900000|100%| O|  |TAMS 0x00000000c3900000, 0x00000000c3900000| Untracked 
|  29|0x00000000c3900000, 0x00000000c3a00000, 0x00000000c3a00000|100%| O|  |TAMS 0x00000000c3a00000, 0x00000000c3a00000| Untracked 
|  30|0x00000000c3a00000, 0x00000000c3b00000, 0x00000000c3b00000|100%| O|  |TAMS 0x00000000c3b00000, 0x00000000c3b00000| Untracked 
|  31|0x00000000c3b00000, 0x00000000c3c00000, 0x00000000c3c00000|100%| O|  |TAMS 0x00000000c3c00000, 0x00000000c3c00000| Untracked 
|  32|0x00000000c3c00000, 0x00000000c3d00000, 0x00000000c3d00000|100%| O|  |TAMS 0x00000000c3d00000, 0x00000000c3d00000| Untracked 
|  33|0x00000000c3d00000, 0x00000000c3e00000, 0x00000000c3e00000|100%| O|  |TAMS 0x00000000c3e00000, 0x00000000c3e00000| Untracked 
|  34|0x00000000c3e00000, 0x00000000c3f00000, 0x00000000c3f00000|100%| O|  |TAMS 0x00000000c3f00000, 0x00000000c3f00000| Untracked 
|  35|0x00000000c3f00000, 0x00000000c4000000, 0x00000000c4000000|100%| O|  |TAMS 0x00000000c4000000, 0x00000000c4000000| Untracked 
|  36|0x00000000c4000000, 0x00000000c4100000, 0x00000000c4100000|100%| O|  |TAMS 0x00000000c4100000, 0x00000000c4100000| Untracked 
|  37|0x00000000c4100000, 0x00000000c4200000, 0x00000000c4200000|100%| O|  |TAMS 0x00000000c4200000, 0x00000000c4200000| Untracked 
|  38|0x00000000c4200000, 0x00000000c4300000, 0x00000000c4300000|100%| O|  |TAMS 0x00000000c4300000, 0x00000000c4300000| Untracked 
|  39|0x00000000c4300000, 0x00000000c4400000, 0x00000000c4400000|100%| O|  |TAMS 0x00000000c4400000, 0x00000000c4400000| Untracked 
|  40|0x00000000c4400000, 0x00000000c4500000, 0x00000000c4500000|100%| O|  |TAMS 0x00000000c4500000, 0x00000000c4500000| Untracked 
|  41|0x00000000c4500000, 0x00000000c4600000, 0x00000000c4600000|100%| O|  |TAMS 0x00000000c4600000, 0x00000000c4600000| Untracked 
|  42|0x00000000c4600000, 0x00000000c4700000, 0x00000000c4700000|100%| O|  |TAMS 0x00000000c4700000, 0x00000000c4700000| Untracked 
|  43|0x00000000c4700000, 0x00000000c4800000, 0x00000000c4800000|100%| O|  |TAMS 0x00000000c4800000, 0x00000000c4800000| Untracked 
|  44|0x00000000c4800000, 0x00000000c4900000, 0x00000000c4900000|100%| O|  |TAMS 0x00000000c4900000, 0x00000000c4900000| Untracked 
|  45|0x00000000c4900000, 0x00000000c4a00000, 0x00000000c4a00000|100%| O|  |TAMS 0x00000000c4a00000, 0x00000000c4a00000| Untracked 
|  46|0x00000000c4a00000, 0x00000000c4b00000, 0x00000000c4b00000|100%| O|  |TAMS 0x00000000c4b00000, 0x00000000c4b00000| Untracked 
|  47|0x00000000c4b00000, 0x00000000c4c00000, 0x00000000c4c00000|100%| O|  |TAMS 0x00000000c4c00000, 0x00000000c4c00000| Untracked 
|  48|0x00000000c4c00000, 0x00000000c4d00000, 0x00000000c4d00000|100%| O|  |TAMS 0x00000000c4d00000, 0x00000000c4d00000| Untracked 
|  49|0x00000000c4d00000, 0x00000000c4e00000, 0x00000000c4e00000|100%| O|  |TAMS 0x00000000c4e00000, 0x00000000c4e00000| Untracked 
|  50|0x00000000c4e00000, 0x00000000c4f00000, 0x00000000c4f00000|100%| O|  |TAMS 0x00000000c4f00000, 0x00000000c4f00000| Untracked 
|  51|0x00000000c4f00000, 0x00000000c5000000, 0x00000000c5000000|100%| O|  |TAMS 0x00000000c5000000, 0x00000000c5000000| Untracked 
|  52|0x00000000c5000000, 0x00000000c5100000, 0x00000000c5100000|100%| O|  |TAMS 0x00000000c5100000, 0x00000000c5100000| Untracked 
|  53|0x00000000c5100000, 0x00000000c5200000, 0x00000000c5200000|100%| O|  |TAMS 0x00000000c5200000, 0x00000000c5200000| Untracked 
|  54|0x00000000c5200000, 0x00000000c5300000, 0x00000000c5300000|100%| O|  |TAMS 0x00000000c5300000, 0x00000000c5300000| Untracked 
|  55|0x00000000c5300000, 0x00000000c5400000, 0x00000000c5400000|100%| O|  |TAMS 0x00000000c5400000, 0x00000000c5400000| Untracked 
|  56|0x00000000c5400000, 0x00000000c5500000, 0x00000000c5500000|100%| O|  |TAMS 0x00000000c5500000, 0x00000000c5500000| Untracked 
|  57|0x00000000c5500000, 0x00000000c5600000, 0x00000000c5600000|100%| O|  |TAMS 0x00000000c5600000, 0x00000000c5600000| Untracked 
|  58|0x00000000c5600000, 0x00000000c5700000, 0x00000000c5700000|100%| O|  |TAMS 0x00000000c5700000, 0x00000000c5700000| Untracked 
|  59|0x00000000c5700000, 0x00000000c5800000, 0x00000000c5800000|100%| O|  |TAMS 0x00000000c5800000, 0x00000000c5800000| Untracked 
|  60|0x00000000c5800000, 0x00000000c5900000, 0x00000000c5900000|100%| O|  |TAMS 0x00000000c5900000, 0x00000000c5900000| Untracked 
|  61|0x00000000c5900000, 0x00000000c5a00000, 0x00000000c5a00000|100%| O|  |TAMS 0x00000000c5a00000, 0x00000000c5a00000| Untracked 
|  62|0x00000000c5a00000, 0x00000000c5b00000, 0x00000000c5b00000|100%| O|  |TAMS 0x00000000c5b00000, 0x00000000c5b00000| Untracked 
|  63|0x00000000c5b00000, 0x00000000c5c00000, 0x00000000c5c00000|100%| O|  |TAMS 0x00000000c5c00000, 0x00000000c5c00000| Untracked 
|  64|0x00000000c5c00000, 0x00000000c5d00000, 0x00000000c5d00000|100%| O|  |TAMS 0x00000000c5d00000, 0x00000000c5d00000| Untracked 
|  65|0x00000000c5d00000, 0x00000000c5e00000, 0x00000000c5e00000|100%| O|  |TAMS 0x00000000c5dea600, 0x00000000c5e00000| Untracked 
|  66|0x00000000c5e00000, 0x00000000c5f00000, 0x00000000c5f00000|100%|HS|  |TAMS 0x00000000c5e00000, 0x00000000c5f00000| Complete 
|  67|0x00000000c5f00000, 0x00000000c6000000, 0x00000000c6000000|100%|HC|  |TAMS 0x00000000c5f00000, 0x00000000c6000000| Complete 
|  68|0x00000000c6000000, 0x00000000c6100000, 0x00000000c6100000|100%| O|  |TAMS 0x00000000c6000000, 0x00000000c6100000| Untracked 
|  69|0x00000000c6100000, 0x00000000c6200000, 0x00000000c6200000|100%| O|  |TAMS 0x00000000c6100000, 0x00000000c6200000| Untracked 
|  70|0x00000000c6200000, 0x00000000c6300000, 0x00000000c6300000|100%| O|  |TAMS 0x00000000c6200000, 0x00000000c6300000| Untracked 
|  71|0x00000000c6300000, 0x00000000c63d5a00, 0x00000000c6400000| 83%| O|  |TAMS 0x00000000c6300000, 0x00000000c63d5a00| Untracked 
|  72|0x00000000c6400000, 0x00000000c6400000, 0x00000000c6500000|  0%| F|  |TAMS 0x00000000c6400000, 0x00000000c6400000| Untracked 
|  73|0x00000000c6500000, 0x00000000c6500000, 0x00000000c6600000|  0%| F|  |TAMS 0x00000000c6500000, 0x00000000c6500000| Untracked 
|  74|0x00000000c6600000, 0x00000000c6600000, 0x00000000c6700000|  0%| F|  |TAMS 0x00000000c6600000, 0x00000000c6600000| Untracked 
|  75|0x00000000c6700000, 0x00000000c6700000, 0x00000000c6800000|  0%| F|  |TAMS 0x00000000c6700000, 0x00000000c6700000| Untracked 
|  76|0x00000000c6800000, 0x00000000c6800000, 0x00000000c6900000|  0%| F|  |TAMS 0x00000000c6800000, 0x00000000c6800000| Untracked 
|  77|0x00000000c6900000, 0x00000000c6900000, 0x00000000c6a00000|  0%| F|  |TAMS 0x00000000c6900000, 0x00000000c6900000| Untracked 
|  78|0x00000000c6a00000, 0x00000000c6a00000, 0x00000000c6b00000|  0%| F|  |TAMS 0x00000000c6a00000, 0x00000000c6a00000| Untracked 
|  79|0x00000000c6b00000, 0x00000000c6b00000, 0x00000000c6c00000|  0%| F|  |TAMS 0x00000000c6b00000, 0x00000000c6b00000| Untracked 
|  80|0x00000000c6c00000, 0x00000000c6c00000, 0x00000000c6d00000|  0%| F|  |TAMS 0x00000000c6c00000, 0x00000000c6c00000| Untracked 
|  81|0x00000000c6d00000, 0x00000000c6d00000, 0x00000000c6e00000|  0%| F|  |TAMS 0x00000000c6d00000, 0x00000000c6d00000| Untracked 
|  82|0x00000000c6e00000, 0x00000000c6e00000, 0x00000000c6f00000|  0%| F|  |TAMS 0x00000000c6e00000, 0x00000000c6e00000| Untracked 
|  83|0x00000000c6f00000, 0x00000000c6f00000, 0x00000000c7000000|  0%| F|  |TAMS 0x00000000c6f00000, 0x00000000c6f00000| Untracked 
|  84|0x00000000c7000000, 0x00000000c7000000, 0x00000000c7100000|  0%| F|  |TAMS 0x00000000c7000000, 0x00000000c7000000| Untracked 
|  85|0x00000000c7100000, 0x00000000c7100000, 0x00000000c7200000|  0%| F|  |TAMS 0x00000000c7100000, 0x00000000c7100000| Untracked 
|  86|0x00000000c7200000, 0x00000000c7200000, 0x00000000c7300000|  0%| F|  |TAMS 0x00000000c7200000, 0x00000000c7200000| Untracked 
|  87|0x00000000c7300000, 0x00000000c7300000, 0x00000000c7400000|  0%| F|  |TAMS 0x00000000c7300000, 0x00000000c7300000| Untracked 
|  88|0x00000000c7400000, 0x00000000c7400000, 0x00000000c7500000|  0%| F|  |TAMS 0x00000000c7400000, 0x00000000c7400000| Untracked 
|  89|0x00000000c7500000, 0x00000000c7500000, 0x00000000c7600000|  0%| F|  |TAMS 0x00000000c7500000, 0x00000000c7500000| Untracked 
|  90|0x00000000c7600000, 0x00000000c7600000, 0x00000000c7700000|  0%| F|  |TAMS 0x00000000c7600000, 0x00000000c7600000| Untracked 
|  91|0x00000000c7700000, 0x00000000c7700000, 0x00000000c7800000|  0%| F|  |TAMS 0x00000000c7700000, 0x00000000c7700000| Untracked 
|  92|0x00000000c7800000, 0x00000000c7800000, 0x00000000c7900000|  0%| F|  |TAMS 0x00000000c7800000, 0x00000000c7800000| Untracked 
|  93|0x00000000c7900000, 0x00000000c7900000, 0x00000000c7a00000|  0%| F|  |TAMS 0x00000000c7900000, 0x00000000c7900000| Untracked 
|  94|0x00000000c7a00000, 0x00000000c7a00000, 0x00000000c7b00000|  0%| F|  |TAMS 0x00000000c7a00000, 0x00000000c7a00000| Untracked 
|  95|0x00000000c7b00000, 0x00000000c7b00000, 0x00000000c7c00000|  0%| F|  |TAMS 0x00000000c7b00000, 0x00000000c7b00000| Untracked 
|  96|0x00000000c7c00000, 0x00000000c7c00000, 0x00000000c7d00000|  0%| F|  |TAMS 0x00000000c7c00000, 0x00000000c7c00000| Untracked 
|  97|0x00000000c7d00000, 0x00000000c7d00000, 0x00000000c7e00000|  0%| F|  |TAMS 0x00000000c7d00000, 0x00000000c7d00000| Untracked 
|  98|0x00000000c7e00000, 0x00000000c7e00000, 0x00000000c7f00000|  0%| F|  |TAMS 0x00000000c7e00000, 0x00000000c7e00000| Untracked 
|  99|0x00000000c7f00000, 0x00000000c7f00000, 0x00000000c8000000|  0%| F|  |TAMS 0x00000000c7f00000, 0x00000000c7f00000| Untracked 
| 100|0x00000000c8000000, 0x00000000c8000000, 0x00000000c8100000|  0%| F|  |TAMS 0x00000000c8000000, 0x00000000c8000000| Untracked 
| 101|0x00000000c8100000, 0x00000000c8100000, 0x00000000c8200000|  0%| F|  |TAMS 0x00000000c8100000, 0x00000000c8100000| Untracked 
| 102|0x00000000c8200000, 0x00000000c8200000, 0x00000000c8300000|  0%| F|  |TAMS 0x00000000c8200000, 0x00000000c8200000| Untracked 
| 103|0x00000000c8300000, 0x00000000c8300000, 0x00000000c8400000|  0%| F|  |TAMS 0x00000000c8300000, 0x00000000c8300000| Untracked 
| 104|0x00000000c8400000, 0x00000000c8400000, 0x00000000c8500000|  0%| F|  |TAMS 0x00000000c8400000, 0x00000000c8400000| Untracked 
| 105|0x00000000c8500000, 0x00000000c8500000, 0x00000000c8600000|  0%| F|  |TAMS 0x00000000c8500000, 0x00000000c8500000| Untracked 
| 106|0x00000000c8600000, 0x00000000c8600000, 0x00000000c8700000|  0%| F|  |TAMS 0x00000000c8600000, 0x00000000c8600000| Untracked 
| 107|0x00000000c8700000, 0x00000000c8700000, 0x00000000c8800000|  0%| F|  |TAMS 0x00000000c8700000, 0x00000000c8700000| Untracked 
| 108|0x00000000c8800000, 0x00000000c8800000, 0x00000000c8900000|  0%| F|  |TAMS 0x00000000c8800000, 0x00000000c8800000| Untracked 
| 109|0x00000000c8900000, 0x00000000c8900000, 0x00000000c8a00000|  0%| F|  |TAMS 0x00000000c8900000, 0x00000000c8900000| Untracked 
| 110|0x00000000c8a00000, 0x00000000c8a00000, 0x00000000c8b00000|  0%| F|  |TAMS 0x00000000c8a00000, 0x00000000c8a00000| Untracked 
| 111|0x00000000c8b00000, 0x00000000c8b00000, 0x00000000c8c00000|  0%| F|  |TAMS 0x00000000c8b00000, 0x00000000c8b00000| Untracked 
| 112|0x00000000c8c00000, 0x00000000c8c00000, 0x00000000c8d00000|  0%| F|  |TAMS 0x00000000c8c00000, 0x00000000c8c00000| Untracked 
| 113|0x00000000c8d00000, 0x00000000c8d00000, 0x00000000c8e00000|  0%| F|  |TAMS 0x00000000c8d00000, 0x00000000c8d00000| Untracked 
| 114|0x00000000c8e00000, 0x00000000c8e00000, 0x00000000c8f00000|  0%| F|  |TAMS 0x00000000c8e00000, 0x00000000c8e00000| Untracked 
| 115|0x00000000c8f00000, 0x00000000c8f00000, 0x00000000c9000000|  0%| F|  |TAMS 0x00000000c8f00000, 0x00000000c8f00000| Untracked 
| 116|0x00000000c9000000, 0x00000000c9000000, 0x00000000c9100000|  0%| F|  |TAMS 0x00000000c9000000, 0x00000000c9000000| Untracked 
| 117|0x00000000c9100000, 0x00000000c9100000, 0x00000000c9200000|  0%| F|  |TAMS 0x00000000c9100000, 0x00000000c9100000| Untracked 
| 118|0x00000000c9200000, 0x00000000c9200000, 0x00000000c9300000|  0%| F|  |TAMS 0x00000000c9200000, 0x00000000c9200000| Untracked 
| 119|0x00000000c9300000, 0x00000000c9300000, 0x00000000c9400000|  0%| F|  |TAMS 0x00000000c9300000, 0x00000000c9300000| Untracked 
| 120|0x00000000c9400000, 0x00000000c9400000, 0x00000000c9500000|  0%| F|  |TAMS 0x00000000c9400000, 0x00000000c9400000| Untracked 
| 121|0x00000000c9500000, 0x00000000c9500000, 0x00000000c9600000|  0%| F|  |TAMS 0x00000000c9500000, 0x00000000c9500000| Untracked 
| 122|0x00000000c9600000, 0x00000000c9600000, 0x00000000c9700000|  0%| F|  |TAMS 0x00000000c9600000, 0x00000000c9600000| Untracked 
| 123|0x00000000c9700000, 0x00000000c9700000, 0x00000000c9800000|  0%| F|  |TAMS 0x00000000c9700000, 0x00000000c9700000| Untracked 
| 124|0x00000000c9800000, 0x00000000c9800000, 0x00000000c9900000|  0%| F|  |TAMS 0x00000000c9800000, 0x00000000c9800000| Untracked 
| 125|0x00000000c9900000, 0x00000000c9900000, 0x00000000c9a00000|  0%| F|  |TAMS 0x00000000c9900000, 0x00000000c9900000| Untracked 
| 126|0x00000000c9a00000, 0x00000000c9a00000, 0x00000000c9b00000|  0%| F|  |TAMS 0x00000000c9a00000, 0x00000000c9a00000| Untracked 
| 127|0x00000000c9b00000, 0x00000000c9b00000, 0x00000000c9c00000|  0%| F|  |TAMS 0x00000000c9b00000, 0x00000000c9b00000| Untracked 
| 128|0x00000000c9c00000, 0x00000000c9c00000, 0x00000000c9d00000|  0%| F|  |TAMS 0x00000000c9c00000, 0x00000000c9c00000| Untracked 
| 129|0x00000000c9d00000, 0x00000000c9d00000, 0x00000000c9e00000|  0%| F|  |TAMS 0x00000000c9d00000, 0x00000000c9d00000| Untracked 
| 130|0x00000000c9e00000, 0x00000000c9e00000, 0x00000000c9f00000|  0%| F|  |TAMS 0x00000000c9e00000, 0x00000000c9e00000| Untracked 
| 131|0x00000000c9f00000, 0x00000000c9f00000, 0x00000000ca000000|  0%| F|  |TAMS 0x00000000c9f00000, 0x00000000c9f00000| Untracked 
| 132|0x00000000ca000000, 0x00000000ca0b01f0, 0x00000000ca100000| 68%| S|CS|TAMS 0x00000000ca000000, 0x00000000ca000000| Complete 
| 133|0x00000000ca100000, 0x00000000ca100000, 0x00000000ca200000|  0%| F|  |TAMS 0x00000000ca100000, 0x00000000ca100000| Untracked 
| 134|0x00000000ca200000, 0x00000000ca200000, 0x00000000ca300000|  0%| F|  |TAMS 0x00000000ca200000, 0x00000000ca200000| Untracked 

Card table byte_map: [0x0000023397ed0000,0x00000233980d0000] _byte_map_base: 0x00000233978c2000

Marking Bits (Prev, Next): (CMBitMap*) 0x00000233fbd4c210, (CMBitMap*) 0x00000233fbd4c1d8
 Prev Bits: [0x0000023399260000, 0x000002339a1f0000)
 Next Bits: [0x00000233982d0000, 0x0000023399260000)

Polling page: 0x0000023380000000

Metaspace:

Usage:
  Non-class:     57.40 MB capacity,    56.96 MB (>99%) used,   337.55 KB ( <1%) free+waste,   110.38 KB ( <1%) overhead. 
      Class:      7.62 MB capacity,     7.33 MB ( 96%) used,   246.70 KB (  3%) free+waste,    48.56 KB ( <1%) overhead. 
       Both:     65.02 MB capacity,    64.30 MB ( 99%) used,   584.25 KB ( <1%) free+waste,   158.94 KB ( <1%) overhead. 

Virtual space:
  Non-class space:       58.00 MB reserved,      57.50 MB (>99%) committed 
      Class space:        1.00 GB reserved,       7.63 MB ( <1%) committed 
             Both:        1.06 GB reserved,      65.13 MB (  6%) committed 

Chunk freelists:
   Non-Class:  36.00 KB
       Class:  6.00 KB
        Both:  42.00 KB

MaxMetaspaceSize: 17179869184.00 GB
CompressedClassSpaceSize: 1.00 GB
Initial GC threshold: 20.80 MB
Current GC threshold: 108.13 MB
CDS: off

CodeHeap 'non-profiled nmethods': size=120064Kb used=5525Kb max_used=5525Kb free=114538Kb
 bounds [0x0000023390160000, 0x00000233906d0000, 0x00000233976a0000]
CodeHeap 'profiled nmethods': size=120000Kb used=30372Kb max_used=30372Kb free=89628Kb
 bounds [0x0000023388c30000, 0x000002338a9e0000, 0x0000023390160000]
CodeHeap 'non-nmethods': size=5696Kb used=1255Kb max_used=1312Kb free=4440Kb
 bounds [0x00000233886a0000, 0x0000023388910000, 0x0000023388c30000]
 total_blobs=11742 nmethods=11210 adapters=441
 compilation: enabled
              stopped_count=0, restarted_count=0
 full_count=0

Compilation events (20 events):
Event: 82.075 Thread 0x000002339d05f000 11355       3       org.jetbrains.kotlin.utils.SmartList$SingletonIteratorBase::<init> (5 bytes)
Event: 82.076 Thread 0x000002339d05f000 nmethod 11355 0x000002338a9d2210 code [0x000002338a9d23c0, 0x000002338a9d2518]
Event: 82.076 Thread 0x000002339d05f000 11356       3       org.jetbrains.kotlin.resolve.calls.inference.components.ConstraintInjector$TypeCheckerContext::isEqualTypeConstructors (26 bytes)
Event: 82.077 Thread 0x000002339d05f000 nmethod 11356 0x000002338a9d2610 code [0x000002338a9d28c0, 0x000002338a9d33a8]
Event: 82.077 Thread 0x000002339d05f000 11357       3       org.jetbrains.kotlin.resolve.calls.inference.model.NewConstraintSystemImpl::isEqualTypeConstructors (26 bytes)
Event: 82.077 Thread 0x000002339d05f000 nmethod 11357 0x000002338a9d3790 code [0x000002338a9d3a40, 0x000002338a9d4528]
Event: 82.077 Thread 0x000002339d05f000 11358       3       org.jetbrains.kotlin.resolve.calls.components.ClassicTypeSystemContextForCS::isEqualTypeConstructors (21 bytes)
Event: 82.078 Thread 0x000002339d05f000 nmethod 11358 0x000002338a9d4910 code [0x000002338a9d4bc0, 0x000002338a9d5608]
Event: 82.099 Thread 0x000002339d05f000 11360       1       org.jetbrains.kotlin.metadata.ProtoBuf$VersionRequirement::getVersion (5 bytes)
Event: 82.099 Thread 0x000002339d05f000 nmethod 11360 0x00000233906c4e10 code [0x00000233906c4fc0, 0x00000233906c5078]
Event: 82.099 Thread 0x000002339d05f000 11361       1       org.jetbrains.kotlin.metadata.ProtoBuf$VersionRequirement::getLevel (5 bytes)
Event: 82.099 Thread 0x000002339d05f000 nmethod 11361 0x00000233906c5110 code [0x00000233906c52c0, 0x00000233906c5378]
Event: 82.099 Thread 0x000002339d05f000 11362       1       org.jetbrains.kotlin.metadata.ProtoBuf$VersionRequirement::getVersionKind (5 bytes)
Event: 82.099 Thread 0x000002339d05f000 nmethod 11362 0x00000233906c5410 code [0x00000233906c55c0, 0x00000233906c5678]
Event: 82.102 Thread 0x000002339d05f000 11363       3       org.jetbrains.kotlin.config.MavenComparableVersion$IntegerItem::isNull (11 bytes)
Event: 82.102 Thread 0x000002339d05f000 nmethod 11363 0x000002338a9d5a10 code [0x000002338a9d5bc0, 0x000002338a9d5d08]
Event: 82.108 Thread 0x000002339d05f000 11365       3       org.jetbrains.kotlin.resolve.calls.components.CollectionTypeVariableUsagesInfo::isContainedInInvariantOrContravariantPositions (284 bytes)
Event: 82.109 Thread 0x000002339d05f000 nmethod 11365 0x000002338a9d5d90 code [0x000002338a9d61a0, 0x000002338a9d8248]
Event: 82.114 Thread 0x000002339d05f000 11367       3       org.jetbrains.kotlin.resolve.calls.results.OverloadingConflictResolver::access$getResultingDescriptor$p (6 bytes)
Event: 82.114 Thread 0x000002339d05f000 nmethod 11367 0x000002338a9d8a10 code [0x000002338a9d8be0, 0x000002338a9d8ee8]

GC Heap History (20 events):
Event: 73.615 GC heap after
{Heap after GC invocations=36 (full 0):
 garbage-first heap   total 78848K, used 56033K [0x00000000c1c00000, 0x0000000100000000)
  region size 1024K, 1 young (1024K), 1 survivors (1024K)
 Metaspace       used 57060K, capacity 57716K, committed 57856K, reserved 1099776K
  class space    used 6628K, capacity 6896K, committed 6912K, reserved 1048576K
}
Event: 73.802 GC heap before
{Heap before GC invocations=37 (full 0):
 garbage-first heap   total 78848K, used 63201K [0x00000000c1c00000, 0x0000000100000000)
  region size 1024K, 8 young (8192K), 1 survivors (1024K)
 Metaspace       used 57431K, capacity 58086K, committed 58240K, reserved 1099776K
  class space    used 6662K, capacity 6934K, committed 7040K, reserved 1048576K
}
Event: 73.806 GC heap after
{Heap after GC invocations=38 (full 0):
 garbage-first heap   total 78848K, used 56669K [0x00000000c1c00000, 0x0000000100000000)
  region size 1024K, 1 young (1024K), 1 survivors (1024K)
 Metaspace       used 57431K, capacity 58086K, committed 58240K, reserved 1099776K
  class space    used 6662K, capacity 6934K, committed 7040K, reserved 1048576K
}
Event: 73.846 GC heap before
{Heap before GC invocations=38 (full 0):
 garbage-first heap   total 78848K, used 63837K [0x00000000c1c00000, 0x0000000100000000)
  region size 1024K, 8 young (8192K), 1 survivors (1024K)
 Metaspace       used 57446K, capacity 58086K, committed 58240K, reserved 1099776K
  class space    used 6662K, capacity 6934K, committed 7040K, reserved 1048576K
}
Event: 73.849 GC heap after
{Heap after GC invocations=39 (full 0):
 garbage-first heap   total 102400K, used 56749K [0x00000000c1c00000, 0x0000000100000000)
  region size 1024K, 1 young (1024K), 1 survivors (1024K)
 Metaspace       used 57446K, capacity 58086K, committed 58240K, reserved 1099776K
  class space    used 6662K, capacity 6934K, committed 7040K, reserved 1048576K
}
Event: 74.205 GC heap before
{Heap before GC invocations=40 (full 0):
 garbage-first heap   total 102400K, used 72109K [0x00000000c1c00000, 0x0000000100000000)
  region size 1024K, 16 young (16384K), 1 survivors (1024K)
 Metaspace       used 57973K, capacity 58574K, committed 58752K, reserved 1101824K
  class space    used 6722K, capacity 6969K, committed 7040K, reserved 1048576K
}
Event: 74.210 GC heap after
{Heap after GC invocations=41 (full 0):
 garbage-first heap   total 102400K, used 57280K [0x00000000c1c00000, 0x0000000100000000)
  region size 1024K, 2 young (2048K), 2 survivors (2048K)
 Metaspace       used 57973K, capacity 58574K, committed 58752K, reserved 1101824K
  class space    used 6722K, capacity 6969K, committed 7040K, reserved 1048576K
}
Event: 74.802 GC heap before
{Heap before GC invocations=41 (full 0):
 garbage-first heap   total 102400K, used 72640K [0x00000000c1c00000, 0x0000000100000000)
  region size 1024K, 17 young (17408K), 2 survivors (2048K)
 Metaspace       used 60304K, capacity 60966K, committed 61056K, reserved 1103872K
  class space    used 6966K, capacity 7253K, committed 7296K, reserved 1048576K
}
Event: 74.809 GC heap after
{Heap after GC invocations=42 (full 0):
 garbage-first heap   total 102400K, used 58841K [0x00000000c1c00000, 0x0000000100000000)
  region size 1024K, 3 young (3072K), 3 survivors (3072K)
 Metaspace       used 60304K, capacity 60966K, committed 61056K, reserved 1103872K
  class space    used 6966K, capacity 7253K, committed 7296K, reserved 1048576K
}
Event: 75.970 GC heap before
{Heap before GC invocations=43 (full 0):
 garbage-first heap   total 102400K, used 74201K [0x00000000c1c00000, 0x0000000100000000)
  region size 1024K, 19 young (19456K), 3 survivors (3072K)
 Metaspace       used 62476K, capacity 63152K, committed 63360K, reserved 1105920K
  class space    used 7243K, capacity 7510K, committed 7552K, reserved 1048576K
}
Event: 75.995 GC heap after
{Heap after GC invocations=44 (full 0):
 garbage-first heap   total 102400K, used 60719K [0x00000000c1c00000, 0x0000000100000000)
  region size 1024K, 3 young (3072K), 3 survivors (3072K)
 Metaspace       used 62476K, capacity 63152K, committed 63360K, reserved 1105920K
  class space    used 7243K, capacity 7510K, committed 7552K, reserved 1048576K
}
Event: 76.408 GC heap before
{Heap before GC invocations=45 (full 0):
 garbage-first heap   total 102400K, used 77103K [0x00000000c1c00000, 0x0000000100000000)
  region size 1024K, 19 young (19456K), 3 survivors (3072K)
 Metaspace       used 63248K, capacity 63937K, committed 64256K, reserved 1105920K
  class space    used 7307K, capacity 7594K, committed 7680K, reserved 1048576K
}
Event: 76.458 GC heap after
{Heap after GC invocations=46 (full 0):
 garbage-first heap   total 138240K, used 63477K [0x00000000c1c00000, 0x0000000100000000)
  region size 1024K, 3 young (3072K), 3 survivors (3072K)
 Metaspace       used 63248K, capacity 63937K, committed 64256K, reserved 1105920K
  class space    used 7307K, capacity 7594K, committed 7680K, reserved 1048576K
}
Event: 77.734 GC heap before
{Heap before GC invocations=46 (full 0):
 garbage-first heap   total 138240K, used 91125K [0x00000000c1c00000, 0x0000000100000000)
  region size 1024K, 30 young (30720K), 3 survivors (3072K)
 Metaspace       used 65042K, capacity 65738K, committed 65920K, reserved 1107968K
  class space    used 7470K, capacity 7763K, committed 7808K, reserved 1048576K
}
Event: 77.790 GC heap after
{Heap after GC invocations=47 (full 0):
 garbage-first heap   total 138240K, used 67361K [0x00000000c1c00000, 0x0000000100000000)
  region size 1024K, 4 young (4096K), 4 survivors (4096K)
 Metaspace       used 65042K, capacity 65738K, committed 65920K, reserved 1107968K
  class space    used 7470K, capacity 7763K, committed 7808K, reserved 1048576K
}
Event: 78.536 GC heap before
{Heap before GC invocations=47 (full 0):
 garbage-first heap   total 138240K, used 82721K [0x00000000c1c00000, 0x0000000100000000)
  region size 1024K, 20 young (20480K), 4 survivors (4096K)
 Metaspace       used 65371K, capacity 66103K, committed 66176K, reserved 1107968K
  class space    used 7495K, capacity 7797K, committed 7808K, reserved 1048576K
}
Event: 78.562 GC heap after
{Heap after GC invocations=48 (full 0):
 garbage-first heap   total 138240K, used 69545K [0x00000000c1c00000, 0x0000000100000000)
  region size 1024K, 2 young (2048K), 2 survivors (2048K)
 Metaspace       used 65371K, capacity 66103K, committed 66176K, reserved 1107968K
  class space    used 7495K, capacity 7797K, committed 7808K, reserved 1048576K
}
Event: 80.823 GC heap before
{Heap before GC invocations=49 (full 0):
 garbage-first heap   total 138240K, used 99241K [0x00000000c1c00000, 0x0000000100000000)
  region size 1024K, 29 young (29696K), 2 survivors (2048K)
 Metaspace       used 65824K, capacity 66582K, committed 66688K, reserved 1107968K
  class space    used 7506K, capacity 7802K, committed 7808K, reserved 1048576K
}
Event: 82.009 GC heap after
{Heap after GC invocations=50 (full 0):
 garbage-first heap   total 138240K, used 73602K [0x00000000c1c00000, 0x0000000100000000)
  region size 1024K, 4 young (4096K), 4 survivors (4096K)
 Metaspace       used 65824K, capacity 66582K, committed 66688K, reserved 1107968K
  class space    used 7506K, capacity 7802K, committed 7808K, reserved 1048576K
}
Event: 82.115 GC heap before
{Heap before GC invocations=50 (full 0):
 garbage-first heap   total 138240K, used 75650K [0x00000000c1c00000, 0x0000000100000000)
  region size 1024K, 6 young (6144K), 4 survivors (4096K)
 Metaspace       used 65838K, capacity 66582K, committed 66688K, reserved 1107968K
  class space    used 7506K, capacity 7802K, committed 7808K, reserved 1048576K
}

Deoptimization events (20 events):
Event: 80.434 Thread 0x00000233fbd1d000 Uncommon trap: trap_request=0xffffffc6 fr.pc=0x00000233906b16dc relative=0x000000000000011c
Event: 80.434 Thread 0x00000233fbd1d000 Uncommon trap: reason=bimorphic_or_optimized_type_check action=maybe_recompile pc=0x00000233906b16dc method=kotlin.collections.CollectionsKt___CollectionsKt.lastOrNull(Ljava/util/List;)Ljava/lang/Object; @ 22 c2
Event: 80.434 Thread 0x00000233fbd1d000 DEOPT PACKING pc=0x00000233906b16dc sp=0x000000b884ff8620
Event: 80.434 Thread 0x00000233fbd1d000 DEOPT UNPACKING pc=0x00000233886ea1af sp=0x000000b884ff85b0 mode 2
Event: 80.435 Thread 0x00000233fbd1d000 Uncommon trap: trap_request=0xffffffc6 fr.pc=0x00000233906b16dc relative=0x000000000000011c
Event: 80.435 Thread 0x00000233fbd1d000 Uncommon trap: reason=bimorphic_or_optimized_type_check action=maybe_recompile pc=0x00000233906b16dc method=kotlin.collections.CollectionsKt___CollectionsKt.lastOrNull(Ljava/util/List;)Ljava/lang/Object; @ 22 c2
Event: 80.435 Thread 0x00000233fbd1d000 DEOPT PACKING pc=0x00000233906b16dc sp=0x000000b884ff87b0
Event: 80.435 Thread 0x00000233fbd1d000 DEOPT UNPACKING pc=0x00000233886ea1af sp=0x000000b884ff8740 mode 2
Event: 80.445 Thread 0x00000233fbd1d000 Uncommon trap: trap_request=0xffffffc6 fr.pc=0x00000233906b16dc relative=0x000000000000011c
Event: 80.445 Thread 0x00000233fbd1d000 Uncommon trap: reason=bimorphic_or_optimized_type_check action=maybe_recompile pc=0x00000233906b16dc method=kotlin.collections.CollectionsKt___CollectionsKt.lastOrNull(Ljava/util/List;)Ljava/lang/Object; @ 22 c2
Event: 80.445 Thread 0x00000233fbd1d000 DEOPT PACKING pc=0x00000233906b16dc sp=0x000000b884ff3310
Event: 80.445 Thread 0x00000233fbd1d000 DEOPT UNPACKING pc=0x00000233886ea1af sp=0x000000b884ff32a0 mode 2
Event: 80.445 Thread 0x00000233fbd1d000 Uncommon trap: trap_request=0xffffffc6 fr.pc=0x00000233906b16dc relative=0x000000000000011c
Event: 80.445 Thread 0x00000233fbd1d000 Uncommon trap: reason=bimorphic_or_optimized_type_check action=maybe_recompile pc=0x00000233906b16dc method=kotlin.collections.CollectionsKt___CollectionsKt.lastOrNull(Ljava/util/List;)Ljava/lang/Object; @ 22 c2
Event: 80.445 Thread 0x00000233fbd1d000 DEOPT PACKING pc=0x00000233906b16dc sp=0x000000b884ff34a0
Event: 80.445 Thread 0x00000233fbd1d000 DEOPT UNPACKING pc=0x00000233886ea1af sp=0x000000b884ff3430 mode 2
Event: 80.718 Thread 0x00000233fbd1d000 Uncommon trap: trap_request=0xffffff4d fr.pc=0x0000023390543bac relative=0x00000000000001ec
Event: 80.718 Thread 0x00000233fbd1d000 Uncommon trap: reason=unstable_if action=reinterpret pc=0x0000023390543bac method=kotlin.sequences.FilteringSequence$iterator$1.hasNext()Z @ 5 c2
Event: 80.718 Thread 0x00000233fbd1d000 DEOPT PACKING pc=0x0000023390543bac sp=0x000000b884ff5190
Event: 80.718 Thread 0x00000233fbd1d000 DEOPT UNPACKING pc=0x00000233886ea1af sp=0x000000b884ff5150 mode 2

Classes redefined (0 events):
No events

Internal exceptions (20 events):
Event: 73.706 Thread 0x00000233fbd1d000 Implicit null exception at 0x00000233903acac4 to 0x00000233903b4300
Event: 73.706 Thread 0x00000233fbd1d000 Implicit null exception at 0x00000233903acac4 to 0x00000233903b4300
Event: 73.706 Thread 0x00000233fbd1d000 Implicit null exception at 0x00000233903acac4 to 0x00000233903b4300
Event: 73.706 Thread 0x00000233fbd1d000 Implicit null exception at 0x00000233903acac4 to 0x00000233903b4300
Event: 73.706 Thread 0x00000233fbd1d000 Implicit null exception at 0x00000233903acac4 to 0x00000233903b4300
Event: 73.706 Thread 0x00000233fbd1d000 Implicit null exception at 0x00000233903acac4 to 0x00000233903b4300
Event: 73.706 Thread 0x00000233fbd1d000 Implicit null exception at 0x00000233903acac4 to 0x00000233903b4300
Event: 73.706 Thread 0x00000233fbd1d000 Implicit null exception at 0x00000233903e0589 to 0x00000233903e1110
Event: 74.121 Thread 0x00000233fbd1d000 Implicit null exception at 0x00000233904f0177 to 0x00000233904f16a0
Event: 74.149 Thread 0x00000233fbd1d000 Implicit null exception at 0x00000233901bdbde to 0x00000233901be34a
Event: 74.150 Thread 0x00000233fbd1d000 Implicit null exception at 0x00000233901a312f to 0x00000233901a319d
Event: 74.326 Thread 0x00000233fbd1d000 Implicit null exception at 0x00000233904e4903 to 0x00000233904e4bec
Event: 74.700 Thread 0x00000233fbd1d000 Exception <a 'java/lang/NoSuchMethodError'{0x00000000c7385a60}: 'java.lang.Object java.lang.invoke.DirectMethodHandle$Holder.invokeInterface(java.lang.Object, java.lang.Object, java.lang.Object)'> (0x00000000c7385a60) thrown at [./src/hotspot/share/interpreter/linkResolver.cpp, line 773]
Event: 74.700 Thread 0x00000233fbd1d000 Exception <a 'java/lang/IncompatibleClassChangeError'{0x00000000c7388f38}: Found class java.lang.Object, but interface was expected> (0x00000000c7388f38) thrown at [./src/hotspot/share/interpreter/linkResolver.cpp, line 839]
Event: 75.395 Thread 0x00000233fbd1d000 Implicit null exception at 0x000002339017b777 to 0x000002339017bc7c
Event: 75.473 Thread 0x00000233fbd1d000 Implicit null exception at 0x000002339017de74 to 0x000002339017e34c
Event: 77.017 Thread 0x00000233fbd1d000 Implicit null exception at 0x00000233904afcfe to 0x00000233904afe39
Event: 77.500 Thread 0x00000233fbd1d000 Implicit null exception at 0x00000233904b8579 to 0x00000233904b8854
Event: 79.107 Thread 0x00000233fbd1d000 Implicit null exception at 0x000002339064d024 to 0x000002339064d38c
Event: 80.264 Thread 0x00000233fbd1d000 Implicit null exception at 0x00000233906a3e64 to 0x00000233906a4350

Events (20 events):
Event: 79.600 loading class org/jetbrains/kotlin/load/kotlin/AbstractBinaryClassAnnotationAndConstantLoader$PropertyRelatedElement done
Event: 79.601 loading class org/jetbrains/kotlin/metadata/jvm/deserialization/JvmFlags
Event: 79.601 loading class org/jetbrains/kotlin/metadata/jvm/deserialization/JvmFlags done
Event: 79.660 loading class org/jetbrains/kotlin/resolve/calls/inference/model/SimpleConstraintSystemConstraintPosition
Event: 79.660 loading class org/jetbrains/kotlin/resolve/calls/inference/model/SimpleConstraintSystemConstraintPosition done
Event: 79.668 loading class org/jetbrains/kotlin/types/model/MarkerExtensionsKt$dependsOnTypeConstructor$$inlined$with$lambda$1
Event: 79.668 loading class org/jetbrains/kotlin/types/model/MarkerExtensionsKt$dependsOnTypeConstructor$$inlined$with$lambda$1 done
Event: 79.737 loading class org/jetbrains/kotlin/resolve/calls/model/ArgumentTypeMismatchDiagnostic
Event: 79.737 loading class org/jetbrains/kotlin/resolve/calls/model/ArgumentTypeMismatchDiagnostic done
Event: 79.840 Executing VM operation: ICBufferFull
Event: 79.840 Executing VM operation: ICBufferFull done
Event: 80.009 loading class java/lang/StringIndexOutOfBoundsException
Event: 80.019 loading class java/lang/StringIndexOutOfBoundsException done
Event: 80.363 Executing VM operation: ICBufferFull
Event: 80.364 Executing VM operation: ICBufferFull done
Event: 80.766 Executing VM operation: ICBufferFull
Event: 80.766 Executing VM operation: ICBufferFull done
Event: 80.787 Executing VM operation: G1CollectForAllocation
Event: 82.017 Executing VM operation: G1CollectForAllocation done
Event: 82.114 Executing VM operation: G1CollectForAllocation


Dynamic libraries:
0x00007ff654000000 - 0x00007ff65400d000 	C:\Program Files\OpenJDK\openjdk-11.0.15_10\bin\java.exe
0x00007ffafe0f0000 - 0x00007ffafe2e7000 	C:\WINDOWS\SYSTEM32\ntdll.dll
0x00007ffafd1d0000 - 0x00007ffafd28d000 	C:\WINDOWS\System32\KERNEL32.DLL
0x00007ffafbaa0000 - 0x00007ffafbd6d000 	C:\WINDOWS\System32\KERNELBASE.dll
0x00007ffafb810000 - 0x00007ffafb910000 	C:\WINDOWS\System32\ucrtbase.dll
0x00007ffaf5330000 - 0x00007ffaf5348000 	C:\Program Files\OpenJDK\openjdk-11.0.15_10\bin\jli.dll
0x00007ffae4550000 - 0x00007ffae4566000 	C:\Program Files\OpenJDK\openjdk-11.0.15_10\bin\VCRUNTIME140.dll
0x00007ffafcea0000 - 0x00007ffafd040000 	C:\WINDOWS\System32\USER32.dll
0x00007ffafba70000 - 0x00007ffafba92000 	C:\WINDOWS\System32\win32u.dll
0x00007ffafdef0000 - 0x00007ffafdf1a000 	C:\WINDOWS\System32\GDI32.dll
0x00007ffafc040000 - 0x00007ffafc14b000 	C:\WINDOWS\System32\gdi32full.dll
0x00007ffafbec0000 - 0x00007ffafbf5d000 	C:\WINDOWS\System32\msvcp_win.dll
0x00007ffae7e80000 - 0x00007ffae811a000 	C:\WINDOWS\WinSxS\amd64_microsoft.windows.common-controls_6595b64144ccf1df_6.0.19041.1110_none_60b5254171f9507e\COMCTL32.dll
0x00007ffafd040000 - 0x00007ffafd0de000 	C:\WINDOWS\System32\msvcrt.dll
0x00007ffafd6a0000 - 0x00007ffafd6d0000 	C:\WINDOWS\System32\IMM32.DLL
0x00007ffac0410000 - 0x00007ffac04ba000 	C:\Program Files\OpenJDK\openjdk-11.0.15_10\bin\msvcp140.dll
0x00007ffa9d630000 - 0x00007ffa9e181000 	C:\Program Files\OpenJDK\openjdk-11.0.15_10\bin\server\jvm.dll
0x00007ffafdf90000 - 0x00007ffafe03e000 	C:\WINDOWS\System32\ADVAPI32.dll
0x00007ffafc940000 - 0x00007ffafc9dc000 	C:\WINDOWS\System32\sechost.dll
0x00007ffafd510000 - 0x00007ffafd635000 	C:\WINDOWS\System32\RPCRT4.dll
0x00007ffafe0a0000 - 0x00007ffafe0a8000 	C:\WINDOWS\System32\PSAPI.DLL
0x00007ffae25b0000 - 0x00007ffae25d7000 	C:\WINDOWS\SYSTEM32\WINMM.dll
0x00007ffae2220000 - 0x00007ffae2229000 	C:\WINDOWS\SYSTEM32\WSOCK32.dll
0x00007ffafce30000 - 0x00007ffafce9b000 	C:\WINDOWS\System32\WS2_32.dll
0x00007ffaf3e30000 - 0x00007ffaf3e3a000 	C:\WINDOWS\SYSTEM32\VERSION.dll
0x00007ffaf9780000 - 0x00007ffaf9792000 	C:\WINDOWS\SYSTEM32\kernel.appcore.dll
0x00007ffac5570000 - 0x00007ffac5581000 	C:\Program Files\OpenJDK\openjdk-11.0.15_10\bin\verify.dll
0x00007ffaf9450000 - 0x00007ffaf9634000 	C:\WINDOWS\SYSTEM32\DBGHELP.DLL
0x00007ffae08b0000 - 0x00007ffae08dc000 	C:\WINDOWS\SYSTEM32\dbgcore.DLL
0x00007ffafbf60000 - 0x00007ffafbfe2000 	C:\WINDOWS\System32\bcryptPrimitives.dll
0x00007ffac5540000 - 0x00007ffac5569000 	C:\Program Files\OpenJDK\openjdk-11.0.15_10\bin\java.dll
0x00007ffaf83d0000 - 0x00007ffaf83da000 	C:\Program Files\OpenJDK\openjdk-11.0.15_10\bin\jimage.dll
0x00007ffac03f0000 - 0x00007ffac0408000 	C:\Program Files\OpenJDK\openjdk-11.0.15_10\bin\zip.dll
0x00007ffafd7a0000 - 0x00007ffafdee4000 	C:\WINDOWS\System32\SHELL32.dll
0x00007ffaf9910000 - 0x00007ffafa0a4000 	C:\WINDOWS\SYSTEM32\windows.storage.dll
0x00007ffafca70000 - 0x00007ffafcdc4000 	C:\WINDOWS\System32\combase.dll
0x00007ffafb270000 - 0x00007ffafb29c000 	C:\WINDOWS\SYSTEM32\Wldp.dll
0x00007ffafd460000 - 0x00007ffafd50d000 	C:\WINDOWS\System32\SHCORE.dll
0x00007ffafd640000 - 0x00007ffafd695000 	C:\WINDOWS\System32\shlwapi.dll
0x00007ffafb750000 - 0x00007ffafb76f000 	C:\WINDOWS\SYSTEM32\profapi.dll
0x00007ffac03d0000 - 0x00007ffac03e9000 	C:\Program Files\OpenJDK\openjdk-11.0.15_10\bin\net.dll
0x00007ffaf4f00000 - 0x00007ffaf500a000 	C:\WINDOWS\SYSTEM32\WINHTTP.dll
0x00007ffafafd0000 - 0x00007ffafb03a000 	C:\WINDOWS\system32\mswsock.dll
0x00007ffac03b0000 - 0x00007ffac03c3000 	C:\Program Files\OpenJDK\openjdk-11.0.15_10\bin\nio.dll

dbghelp: loaded successfully - version: 4.0.5 - missing functions: none
symbol engine: initialized successfully - sym options: 0x614 - pdb path: .;C:\Program Files\OpenJDK\openjdk-11.0.15_10\bin;C:\WINDOWS\SYSTEM32;C:\WINDOWS\WinSxS\amd64_microsoft.windows.common-controls_6595b64144ccf1df_6.0.19041.1110_none_60b5254171f9507e;C:\Program Files\OpenJDK\openjdk-11.0.15_10\bin\server

VM Arguments:
java_command: org.jetbrains.kotlin.cli.jvm.K2JVMCompiler @D:\native_shoppingApp\node_modules\react-native-screens\android\build\20220706_11405412309978552494.compiler.options
java_class_path (initial): C:\Users\Ahsan\.gradle\caches\modules-2\files-2.1\org.jetbrains.kotlin\kotlin-compiler-embeddable\1.4.10\38c4b99d5d5362debdd9302a866730379aa2328a\kotlin-compiler-embeddable-1.4.10.jar;C:\Users\Ahsan\.gradle\caches\modules-2\files-2.1\org.jetbrains.kotlin\kotlin-reflect\1.4.10\e2b3c6695eee6085e606d96d685396dce23a3a06\kotlin-reflect-1.4.10.jar;C:\Users\Ahsan\.gradle\caches\modules-2\files-2.1\org.jetbrains.kotlin\kotlin-stdlib\1.4.10\ea29e063d2bbe695be13e9d044dcfb0c7add398e\kotlin-stdlib-1.4.10.jar;C:\Users\Ahsan\.gradle\caches\modules-2\files-2.1\org.jetbrains.kotlin\kotlin-script-runtime\1.4.10\7c19d9c2001e016cd7664cebe9eea66fc04a7f4f\kotlin-script-runtime-1.4.10.jar;C:\Users\Ahsan\.gradle\caches\modules-2\files-2.1\org.jetbrains.kotlin\kotlin-daemon-embeddable\1.4.10\dbd67f42bed28043d17d7c860b06110a00a45970\kotlin-daemon-embeddable-1.4.10.jar;C:\Users\Ahsan\.gradle\caches\modules-2\files-2.1\org.jetbrains.intellij.deps\trove4j\1.0.20181211\216c2e14b070f334479d800987affe4054cd563f\trove4j-1.0.20181211.jar;C:\Users\Ahsan\.gradle\caches\modules-2\files-2.1\org.jetbrains.kotlin\kotlin-stdlib-common\1.4.10\6229be3465805c99db1142ad75e6c6ddeac0b04c\kotlin-stdlib-common-1.4.10.jar;C:\Users\Ahsan\.gradle\caches\modules-2\files-2.1\org.jetbrains\annotations\13.0\919f0dfe192fb4e063e7dacadee7f8bb9a2672a9\annotations-13.0.jar
Launcher Type: SUN_STANDARD

[Global flags]
     intx CICompilerCount                          = 3                                         {product} {ergonomic}
     uint ConcGCThreads                            = 1                                         {product} {ergonomic}
     uint G1ConcRefinementThreads                  = 4                                         {product} {ergonomic}
   size_t G1HeapRegionSize                         = 1048576                                   {product} {ergonomic}
    uintx GCDrainStackTargetSize                   = 64                                        {product} {ergonomic}
   size_t InitialHeapSize                          = 67108864                                  {product} {ergonomic}
   size_t MarkStackSize                            = 4194304                                   {product} {ergonomic}
   size_t MaxHeapSize                              = 1044381696                                {product} {ergonomic}
   size_t MaxNewSize                               = 625999872                                 {product} {ergonomic}
   size_t MinHeapDeltaBytes                        = 1048576                                   {product} {ergonomic}
    uintx NonNMethodCodeHeapSize                   = 5830732                                {pd product} {ergonomic}
    uintx NonProfiledCodeHeapSize                  = 122913754                              {pd product} {ergonomic}
    uintx ProfiledCodeHeapSize                     = 122913754                              {pd product} {ergonomic}
    uintx ReservedCodeCacheSize                    = 251658240                              {pd product} {ergonomic}
     bool SegmentedCodeCache                       = true                                      {product} {ergonomic}
     bool UseCompressedClassPointers               = true                                 {lp64_product} {ergonomic}
     bool UseCompressedOops                        = true                                 {lp64_product} {ergonomic}
     bool UseG1GC                                  = true                                      {product} {ergonomic}
     bool UseLargePagesIndividualAllocation        = false                                  {pd product} {ergonomic}

Logging:
Log output configuration:
 #0: stdout all=warning uptime,level,tags
 #1: stderr all=off uptime,level,tags

Environment Variables:
JAVA_HOME=C:\Program Files\OpenJDK\openjdk-11.0.15_10
CLASSPATH=D:\native_shoppingApp\android\\gradle\wrapper\gradle-wrapper.jar
PATH=D:\native_shoppingApp\android\node_modules\.bin;D:\native_shoppingApp\node_modules\.bin;D:\node_modules\.bin;C:\Program Files\nodejs;D:\native_shoppingApp\node_modules\.bin;D:\node_modules\.bin;C:\Users\Ahsan\AppData\Roaming\npm\node_modules\npm\node_modules\@npmcli\run-script\lib\node-gyp-bin;C:\Python310\Scripts\;C:\Python310\;C:\Python39\Scripts\;C:\Python39\;C:\Windows\system32;C:\Windows;C:\Windows\System32\Wbem;C:\Windows\System32\WindowsPowerShell\v1.0\;C:\Windows\System32\OpenSSH\;C:\Program Files (x86)\NVIDIA Corporation\PhysX\Common;C:\ProgramData\chocolatey\bin;C:\WINDOWS\system32;C:\WINDOWS;C:\WINDOWS\System32\Wbem;C:\WINDOWS\System32\WindowsPowerShell\v1.0\;C:\WINDOWS\System32\OpenSSH\;C:\Program Files\Git\cmd;C:\Program Files\nodejs\;C:\Program Files\OpenJDK\openjdk-11.0.15_10\bin;C:\Users\Ahsan\AppData\Local\Android\Sdk\platform-tools;C:\Users\Ahsan\AppData\Local\Microsoft\WindowsApps;C:\ProgramData\Ahsan\GitHubDesktop\bin;C:\Users\Ahsan\AppData\Local\Programs\Microsoft VS Code\bin;C:\Users\Ahsan\AppData\Local\GitHubDesktop\bin;C:\Users\Ahsan\AppData\Roaming\npm;C:\Program Files\MongoDB\Server\5.0\bin;;D:\native_shoppingApp\node_modules\.bin
USERNAME=Ahsan
OS=Windows_NT
PROCESSOR_IDENTIFIER=Intel64 Family 6 Model 158 Stepping 9, GenuineIntel



---------------  S Y S T E M  ---------------

OS: Windows 10 , 64 bit Build 19041 (10.0.19041.1741)
OS uptime: 0 days 17:03 hours

CPU:total 4 (initial active 4) (4 cores per cpu, 1 threads per core) family 6 model 158 stepping 9 microcode 0xb4, cmov, cx8, fxsr, mmx, sse, sse2, sse3, ssse3, sse4.1, sse4.2, popcnt, avx, avx2, aes, clmul, erms, 3dnowpref, lzcnt, tsc, tscinvbit, bmi1, bmi2, adx, fma

Memory: 4k page, system-wide physical 3977M (48M free)
TotalPageFile size 13218M (AvailPageFile size 43M)
current process WorkingSet (physical memory assigned to process): 197M, peak: 198M
current process commit charge ("private bytes"): 340M, peak: 610M

vm_info: OpenJDK 64-Bit Server VM (11.0.15+10) for windows-amd64 JRE (11.0.15+10), built on Apr 21 2022 21:29:46 by "tester" with MS VC++ 15.5 (VS2017)

END.
