#
# There is insufficient memory for the Java Runtime Environment to continue.
# Native memory allocation (malloc) failed to allocate 41904 bytes for Chunk::new
# Possible reasons:
#   The system is out of physical RAM or swap space
#   The process is running with CompressedOops enabled, and the Java Heap may be blocking the growth of the native heap
# Possible solutions:
#   Reduce memory load on the system
#   Increase physical memory or swap space
#   Check if swap backing store is full
#   Decrease Java heap size (-Xmx/-Xms)
#   Decrease number of Java threads
#   Decrease Java thread stack sizes (-Xss)
#   Set larger code cache with -XX:ReservedCodeCacheSize=
#   JVM is running with Unscaled Compressed Oops mode in which the Java heap is
#     placed in the first 4GB address space. The Java Heap base address is the
#     maximum limit for the native heap growth. Please use -XX:HeapBaseMinAddress
#     to set the Java Heap base and to place the Java Heap above 4GB virtual address.
# This output file may be truncated or incomplete.
#
#  Out of Memory Error (./src/hotspot/share/memory/arena.cpp:197), pid=5960, tid=13768
#
# JRE version: OpenJDK Runtime Environment 18.9 (11.0.15+10) (build 11.0.15+10)
# Java VM: OpenJDK 64-Bit Server VM 18.9 (11.0.15+10, mixed mode, tiered, compressed oops, g1 gc, windows-amd64)
# No core dump will be written. Minidumps are not enabled by default on client versions of Windows
#

---------------  S U M M A R Y ------------

Command Line: -Xmx64m -Xms64m -Dorg.gradle.appname=gradlew org.gradle.wrapper.GradleWrapperMain app:installDebug -PreactNativeDevServerPort=8081

Host: Intel(R) Core(TM) i5-7300HQ CPU @ 2.50GHz, 4 cores, 3G,  Windows 10 , 64 bit Build 19041 (10.0.19041.1706)
Time: Tue Jun 14 18:29:41 2022 Pakistan Standard Time elapsed time: 0.518091 seconds (0d 0h 0m 0s)

---------------  T H R E A D  ---------------

Current thread (0x000001cd48772000):  JavaThread "C1 CompilerThread0" daemon [_thread_in_native, id=13768, stack(0x0000000ce1000000,0x0000000ce1100000)]


Current CompileTask:
C1:    518  380       3       java.util.regex.Pattern::escape (1323 bytes)

Stack: [0x0000000ce1000000,0x0000000ce1100000]
Native frames: (J=compiled Java code, j=interpreted, Vv=VM code, C=native code)
V  [jvm.dll+0x64dd3a]
V  [jvm.dll+0x7906c9]
V  [jvm.dll+0x791d9c]
V  [jvm.dll+0x792463]
V  [jvm.dll+0x265048]
V  [jvm.dll+0xc9da1]
V  [jvm.dll+0xca35c]
V  [jvm.dll+0x184e84]
V  [jvm.dll+0x18355b]
V  [jvm.dll+0x136c8f]
V  [jvm.dll+0x136499]
V  [jvm.dll+0x1366cf]
V  [jvm.dll+0x135844]
V  [jvm.dll+0x1378e7]
V  [jvm.dll+0x22cc80]
V  [jvm.dll+0x22af81]
V  [jvm.dll+0x75254c]
V  [jvm.dll+0x74b12d]
V  [jvm.dll+0x64c8a6]
C  [ucrtbase.dll+0x21bb2]
C  [KERNEL32.DLL+0x17034]
C  [ntdll.dll+0x52651]


---------------  P R O C E S S  ---------------

Threads class SMR info:
_java_thread_list=0x000001cd489e6ad0, length=10, elements={
0x000001cd2e10b000, 0x000001cd4870f800, 0x000001cd48719000, 0x000001cd4870c000,
0x000001cd48762800, 0x000001cd48763000, 0x000001cd4876f000, 0x000001cd48772000,
0x000001cd48796000, 0x000001cd489f7800
}

Java Threads: ( => current thread )
  0x000001cd2e10b000 JavaThread "main" [_thread_blocked, id=11160, stack(0x0000000ce0300000,0x0000000ce0400000)]
  0x000001cd4870f800 JavaThread "Reference Handler" daemon [_thread_blocked, id=4692, stack(0x0000000ce0a00000,0x0000000ce0b00000)]
  0x000001cd48719000 JavaThread "Finalizer" daemon [_thread_blocked, id=3084, stack(0x0000000ce0b00000,0x0000000ce0c00000)]
  0x000001cd4870c000 JavaThread "Signal Dispatcher" daemon [_thread_blocked, id=7204, stack(0x0000000ce0c00000,0x0000000ce0d00000)]
  0x000001cd48762800 JavaThread "Attach Listener" daemon [_thread_blocked, id=6216, stack(0x0000000ce0d00000,0x0000000ce0e00000)]
  0x000001cd48763000 JavaThread "Service Thread" daemon [_thread_blocked, id=10560, stack(0x0000000ce0e00000,0x0000000ce0f00000)]
  0x000001cd4876f000 JavaThread "C2 CompilerThread0" daemon [_thread_blocked, id=13812, stack(0x0000000ce0f00000,0x0000000ce1000000)]
=>0x000001cd48772000 JavaThread "C1 CompilerThread0" daemon [_thread_in_native, id=13768, stack(0x0000000ce1000000,0x0000000ce1100000)]
  0x000001cd48796000 JavaThread "Sweeper thread" daemon [_thread_blocked, id=1480, stack(0x0000000ce1100000,0x0000000ce1200000)]
  0x000001cd489f7800 JavaThread "Common-Cleaner" daemon [_thread_blocked, id=9064, stack(0x0000000ce1300000,0x0000000ce1400000)]

Other Threads:
  0x000001cd486d7800 VMThread "VM Thread" [stack: 0x0000000ce0900000,0x0000000ce0a00000] [id=6084]
  0x000001cd489f3000 WatcherThread [stack: 0x0000000ce1200000,0x0000000ce1300000] [id=2584]
  0x000001cd2e122000 GCTaskThread "GC Thread#0" [stack: 0x0000000ce0400000,0x0000000ce0500000] [id=8200]
  0x000001cd2e12c800 ConcurrentGCThread "G1 Main Marker" [stack: 0x0000000ce0500000,0x0000000ce0600000] [id=4676]
  0x000001cd2e130000 ConcurrentGCThread "G1 Conc#0" [stack: 0x0000000ce0600000,0x0000000ce0700000] [id=12908]
  0x000001cd2e184000 ConcurrentGCThread "G1 Refine#0" [stack: 0x0000000ce0700000,0x0000000ce0800000] [id=6164]
  0x000001cd2e185000 ConcurrentGCThread "G1 Young RemSet Sampling" [stack: 0x0000000ce0800000,0x0000000ce0900000] [id=11056]

Threads with active compile tasks:
C1 CompilerThread0      569  380       3       java.util.regex.Pattern::escape (1323 bytes)

VM state:not at safepoint (normal execution)

VM Mutex/Monitor currently owned by a thread: None

OutOfMemory and StackOverflow Exception counts:
OutOfMemoryError java_heap_errors=1
LinkageErrors=3

Heap address: 0x00000000fc000000, size: 64 MB, Compressed Oops mode: 32-bit
Narrow klass base: 0x0000000000000000, Narrow klass shift: 3
Compressed class space size: 1073741824 Address: 0x0000000100000000

Heap:
 garbage-first heap   total 65536K, used 5120K [0x00000000fc000000, 0x0000000100000000)
  region size 1024K, 7 young (7168K), 0 survivors (0K)
 Metaspace       used 7179K, capacity 7353K, committed 7680K, reserved 1056768K
  class space    used 625K, capacity 682K, committed 768K, reserved 1048576K
Heap Regions: E=young(eden), S=young(survivor), O=old, HS=humongous(starts), HC=humongous(continues), CS=collection set, F=free, A=archive, TAMS=top-at-mark-start (previous, next)
|   0|0x00000000fc000000, 0x00000000fc000000, 0x00000000fc100000|  0%| F|  |TAMS 0x00000000fc000000, 0x00000000fc000000| Untracked 
|   1|0x00000000fc100000, 0x00000000fc100000, 0x00000000fc200000|  0%| F|  |TAMS 0x00000000fc100000, 0x00000000fc100000| Untracked 
|   2|0x00000000fc200000, 0x00000000fc200000, 0x00000000fc300000|  0%| F|  |TAMS 0x00000000fc200000, 0x00000000fc200000| Untracked 
|   3|0x00000000fc300000, 0x00000000fc300000, 0x00000000fc400000|  0%| F|  |TAMS 0x00000000fc300000, 0x00000000fc300000| Untracked 
|   4|0x00000000fc400000, 0x00000000fc400000, 0x00000000fc500000|  0%| F|  |TAMS 0x00000000fc400000, 0x00000000fc400000| Untracked 
|   5|0x00000000fc500000, 0x00000000fc500000, 0x00000000fc600000|  0%| F|  |TAMS 0x00000000fc500000, 0x00000000fc500000| Untracked 
|   6|0x00000000fc600000, 0x00000000fc600000, 0x00000000fc700000|  0%| F|  |TAMS 0x00000000fc600000, 0x00000000fc600000| Untracked 
|   7|0x00000000fc700000, 0x00000000fc700000, 0x00000000fc800000|  0%| F|  |TAMS 0x00000000fc700000, 0x00000000fc700000| Untracked 
|   8|0x00000000fc800000, 0x00000000fc800000, 0x00000000fc900000|  0%| F|  |TAMS 0x00000000fc800000, 0x00000000fc800000| Untracked 
|   9|0x00000000fc900000, 0x00000000fc900000, 0x00000000fca00000|  0%| F|  |TAMS 0x00000000fc900000, 0x00000000fc900000| Untracked 
|  10|0x00000000fca00000, 0x00000000fca00000, 0x00000000fcb00000|  0%| F|  |TAMS 0x00000000fca00000, 0x00000000fca00000| Untracked 
|  11|0x00000000fcb00000, 0x00000000fcb00000, 0x00000000fcc00000|  0%| F|  |TAMS 0x00000000fcb00000, 0x00000000fcb00000| Untracked 
|  12|0x00000000fcc00000, 0x00000000fcc00000, 0x00000000fcd00000|  0%| F|  |TAMS 0x00000000fcc00000, 0x00000000fcc00000| Untracked 
|  13|0x00000000fcd00000, 0x00000000fcd00000, 0x00000000fce00000|  0%| F|  |TAMS 0x00000000fcd00000, 0x00000000fcd00000| Untracked 
|  14|0x00000000fce00000, 0x00000000fce00000, 0x00000000fcf00000|  0%| F|  |TAMS 0x00000000fce00000, 0x00000000fce00000| Untracked 
|  15|0x00000000fcf00000, 0x00000000fcf00000, 0x00000000fd000000|  0%| F|  |TAMS 0x00000000fcf00000, 0x00000000fcf00000| Untracked 
|  16|0x00000000fd000000, 0x00000000fd000000, 0x00000000fd100000|  0%| F|  |TAMS 0x00000000fd000000, 0x00000000fd000000| Untracked 
|  17|0x00000000fd100000, 0x00000000fd100000, 0x00000000fd200000|  0%| F|  |TAMS 0x00000000fd100000, 0x00000000fd100000| Untracked 
|  18|0x00000000fd200000, 0x00000000fd200000, 0x00000000fd300000|  0%| F|  |TAMS 0x00000000fd200000, 0x00000000fd200000| Untracked 
|  19|0x00000000fd300000, 0x00000000fd300000, 0x00000000fd400000|  0%| F|  |TAMS 0x00000000fd300000, 0x00000000fd300000| Untracked 
|  20|0x00000000fd400000, 0x00000000fd400000, 0x00000000fd500000|  0%| F|  |TAMS 0x00000000fd400000, 0x00000000fd400000| Untracked 
|  21|0x00000000fd500000, 0x00000000fd500000, 0x00000000fd600000|  0%| F|  |TAMS 0x00000000fd500000, 0x00000000fd500000| Untracked 
|  22|0x00000000fd600000, 0x00000000fd600000, 0x00000000fd700000|  0%| F|  |TAMS 0x00000000fd600000, 0x00000000fd600000| Untracked 
|  23|0x00000000fd700000, 0x00000000fd700000, 0x00000000fd800000|  0%| F|  |TAMS 0x00000000fd700000, 0x00000000fd700000| Untracked 
|  24|0x00000000fd800000, 0x00000000fd800000, 0x00000000fd900000|  0%| F|  |TAMS 0x00000000fd800000, 0x00000000fd800000| Untracked 
|  25|0x00000000fd900000, 0x00000000fd900000, 0x00000000fda00000|  0%| F|  |TAMS 0x00000000fd900000, 0x00000000fd900000| Untracked 
|  26|0x00000000fda00000, 0x00000000fda00000, 0x00000000fdb00000|  0%| F|  |TAMS 0x00000000fda00000, 0x00000000fda00000| Untracked 
|  27|0x00000000fdb00000, 0x00000000fdb00000, 0x00000000fdc00000|  0%| F|  |TAMS 0x00000000fdb00000, 0x00000000fdb00000| Untracked 
|  28|0x00000000fdc00000, 0x00000000fdc00000, 0x00000000fdd00000|  0%| F|  |TAMS 0x00000000fdc00000, 0x00000000fdc00000| Untracked 
|  29|0x00000000fdd00000, 0x00000000fdd00000, 0x00000000fde00000|  0%| F|  |TAMS 0x00000000fdd00000, 0x00000000fdd00000| Untracked 
|  30|0x00000000fde00000, 0x00000000fde00000, 0x00000000fdf00000|  0%| F|  |TAMS 0x00000000fde00000, 0x00000000fde00000| Untracked 
|  31|0x00000000fdf00000, 0x00000000fdf00000, 0x00000000fe000000|  0%| F|  |TAMS 0x00000000fdf00000, 0x00000000fdf00000| Untracked 
|  32|0x00000000fe000000, 0x00000000fe000000, 0x00000000fe100000|  0%| F|  |TAMS 0x00000000fe000000, 0x00000000fe000000| Untracked 
|  33|0x00000000fe100000, 0x00000000fe100000, 0x00000000fe200000|  0%| F|  |TAMS 0x00000000fe100000, 0x00000000fe100000| Untracked 
|  34|0x00000000fe200000, 0x00000000fe200000, 0x00000000fe300000|  0%| F|  |TAMS 0x00000000fe200000, 0x00000000fe200000| Untracked 
|  35|0x00000000fe300000, 0x00000000fe300000, 0x00000000fe400000|  0%| F|  |TAMS 0x00000000fe300000, 0x00000000fe300000| Untracked 
|  36|0x00000000fe400000, 0x00000000fe400000, 0x00000000fe500000|  0%| F|  |TAMS 0x00000000fe400000, 0x00000000fe400000| Untracked 
|  37|0x00000000fe500000, 0x00000000fe500000, 0x00000000fe600000|  0%| F|  |TAMS 0x00000000fe500000, 0x00000000fe500000| Untracked 
|  38|0x00000000fe600000, 0x00000000fe600000, 0x00000000fe700000|  0%| F|  |TAMS 0x00000000fe600000, 0x00000000fe600000| Untracked 
|  39|0x00000000fe700000, 0x00000000fe700000, 0x00000000fe800000|  0%| F|  |TAMS 0x00000000fe700000, 0x00000000fe700000| Untracked 
|  40|0x00000000fe800000, 0x00000000fe800000, 0x00000000fe900000|  0%| F|  |TAMS 0x00000000fe800000, 0x00000000fe800000| Untracked 
|  41|0x00000000fe900000, 0x00000000fe900000, 0x00000000fea00000|  0%| F|  |TAMS 0x00000000fe900000, 0x00000000fe900000| Untracked 
|  42|0x00000000fea00000, 0x00000000fea00000, 0x00000000feb00000|  0%| F|  |TAMS 0x00000000fea00000, 0x00000000fea00000| Untracked 
|  43|0x00000000feb00000, 0x00000000feb00000, 0x00000000fec00000|  0%| F|  |TAMS 0x00000000feb00000, 0x00000000feb00000| Untracked 
|  44|0x00000000fec00000, 0x00000000fec00000, 0x00000000fed00000|  0%| F|  |TAMS 0x00000000fec00000, 0x00000000fec00000| Untracked 
|  45|0x00000000fed00000, 0x00000000fed00000, 0x00000000fee00000|  0%| F|  |TAMS 0x00000000fed00000, 0x00000000fed00000| Untracked 
|  46|0x00000000fee00000, 0x00000000fee00000, 0x00000000fef00000|  0%| F|  |TAMS 0x00000000fee00000, 0x00000000fee00000| Untracked 
|  47|0x00000000fef00000, 0x00000000fef00000, 0x00000000ff000000|  0%| F|  |TAMS 0x00000000fef00000, 0x00000000fef00000| Untracked 
|  48|0x00000000ff000000, 0x00000000ff000000, 0x00000000ff100000|  0%| F|  |TAMS 0x00000000ff000000, 0x00000000ff000000| Untracked 
|  49|0x00000000ff100000, 0x00000000ff100000, 0x00000000ff200000|  0%| F|  |TAMS 0x00000000ff100000, 0x00000000ff100000| Untracked 
|  50|0x00000000ff200000, 0x00000000ff200000, 0x00000000ff300000|  0%| F|  |TAMS 0x00000000ff200000, 0x00000000ff200000| Untracked 
|  51|0x00000000ff300000, 0x00000000ff300000, 0x00000000ff400000|  0%| F|  |TAMS 0x00000000ff300000, 0x00000000ff300000| Untracked 
|  52|0x00000000ff400000, 0x00000000ff400000, 0x00000000ff500000|  0%| F|  |TAMS 0x00000000ff400000, 0x00000000ff400000| Untracked 
|  53|0x00000000ff500000, 0x00000000ff500000, 0x00000000ff600000|  0%| F|  |TAMS 0x00000000ff500000, 0x00000000ff500000| Untracked 
|  54|0x00000000ff600000, 0x00000000ff600000, 0x00000000ff700000|  0%| F|  |TAMS 0x00000000ff600000, 0x00000000ff600000| Untracked 
|  55|0x00000000ff700000, 0x00000000ff700000, 0x00000000ff800000|  0%| F|  |TAMS 0x00000000ff700000, 0x00000000ff700000| Untracked 
|  56|0x00000000ff800000, 0x00000000ff800000, 0x00000000ff900000|  0%| F|  |TAMS 0x00000000ff800000, 0x00000000ff800000| Untracked 
|  57|0x00000000ff900000, 0x00000000ff991ed0, 0x00000000ffa00000| 57%| E|  |TAMS 0x00000000ff900000, 0x00000000ff900000| Complete 
|  58|0x00000000ffa00000, 0x00000000ffb00000, 0x00000000ffb00000|100%| E|CS|TAMS 0x00000000ffa00000, 0x00000000ffa00000| Complete 
|  59|0x00000000ffb00000, 0x00000000ffc00000, 0x00000000ffc00000|100%| E|CS|TAMS 0x00000000ffb00000, 0x00000000ffb00000| Complete 
|  60|0x00000000ffc00000, 0x00000000ffd00000, 0x00000000ffd00000|100%| E|CS|TAMS 0x00000000ffc00000, 0x00000000ffc00000| Complete 
|  61|0x00000000ffd00000, 0x00000000ffe00000, 0x00000000ffe00000|100%| E|  |TAMS 0x00000000ffd00000, 0x00000000ffd00000| Complete 
|  62|0x00000000ffe00000, 0x00000000fff00000, 0x00000000fff00000|100%| E|CS|TAMS 0x00000000ffe00000, 0x00000000ffe00000| Complete 
|  63|0x00000000fff00000, 0x0000000100000000, 0x0000000100000000|100%| E|CS|TAMS 0x00000000fff00000, 0x00000000fff00000| Complete 

Card table byte_map: [0x000001cd2c290000,0x000001cd2c2b0000] _byte_map_base: 0x000001cd2bab0000

Marking Bits (Prev, Next): (CMBitMap*) 0x000001cd2e12b948, (CMBitMap*) 0x000001cd2e12b980
 Prev Bits: [0x000001cd2df10000, 0x000001cd2e010000)
 Next Bits: [0x000001cd45870000, 0x000001cd45970000)

Polling page: 0x000001cd2bee0000

Metaspace:

Usage:
  Non-class:      6.51 MB capacity,     6.40 MB ( 98%) used,   112.05 KB (  2%) free+waste,     5.19 KB ( <1%) overhead. 
      Class:    682.00 KB capacity,   625.63 KB ( 92%) used,    53.93 KB (  8%) free+waste,     2.44 KB ( <1%) overhead. 
       Both:      7.18 MB capacity,     7.01 MB ( 98%) used,   165.98 KB (  2%) free+waste,     7.63 KB ( <1%) overhead. 

Virtual space:
  Non-class space:        8.00 MB reserved,       6.75 MB ( 84%) committed 
      Class space:        1.00 GB reserved,     768.00 KB ( <1%) committed 
             Both:        1.01 GB reserved,       7.50 MB ( <1%) committed 

Chunk freelists:
   Non-Class:  49.00 KB
       Class:  22.00 KB
        Both:  71.00 KB

MaxMetaspaceSize: 17179869184.00 GB
CompressedClassSpaceSize: 1.00 GB
Initial GC threshold: 20.80 MB
Current GC threshold: 20.80 MB
CDS: off

CodeHeap 'non-profiled nmethods': size=120064Kb used=111Kb max_used=111Kb free=119952Kb
 bounds [0x000001cd3e330000, 0x000001cd3e5a0000, 0x000001cd45870000]
CodeHeap 'profiled nmethods': size=120000Kb used=587Kb max_used=587Kb free=119412Kb
 bounds [0x000001cd36e00000, 0x000001cd37070000, 0x000001cd3e330000]
CodeHeap 'non-nmethods': size=5696Kb used=1104Kb max_used=1117Kb free=4591Kb
 bounds [0x000001cd36870000, 0x000001cd36ae0000, 0x000001cd36e00000]
 total_blobs=736 nmethods=384 adapters=265
 compilation: enabled
              stopped_count=0, restarted_count=0
 full_count=0

Compilation events (20 events):
Event: 0.493 Thread 0x000001cd48772000  370   !   3       java.io.WinNTFileSystem::isInvalid (78 bytes)
Event: 0.494 Thread 0x000001cd48772000 nmethod 370 0x000001cd36e8d490 code [0x000001cd36e8d780, 0x000001cd36e8e738]
Event: 0.494 Thread 0x000001cd48772000  371       3       java.lang.String::lastIndexOf (104 bytes)
Event: 0.495 Thread 0x000001cd4876f000  373 %     4       java.lang.StringLatin1::toLowerCase @ 114 (180 bytes)
Event: 0.495 Thread 0x000001cd48772000 nmethod 371 0x000001cd36e8ee10 code [0x000001cd36e8f020, 0x000001cd36e8f4e8]
Event: 0.495 Thread 0x000001cd48772000  372       3       java.util.LinkedHashMap$LinkedHashIterator::hasNext (13 bytes)
Event: 0.495 Thread 0x000001cd48772000 nmethod 372 0x000001cd36e8f690 code [0x000001cd36e8f840, 0x000001cd36e8f998]
Event: 0.495 Thread 0x000001cd48772000  374       3       java.util.LinkedHashMap::newNode (23 bytes)
Event: 0.495 Thread 0x000001cd48772000 nmethod 374 0x000001cd36e8fa10 code [0x000001cd36e8fc00, 0x000001cd36e901d8]
Event: 0.495 Thread 0x000001cd48772000  375       3       java.util.LinkedHashMap$LinkedKeyIterator::next (8 bytes)
Event: 0.495 Thread 0x000001cd48772000 nmethod 375 0x000001cd36e90390 code [0x000001cd36e90540, 0x000001cd36e90688]
Event: 0.497 Thread 0x000001cd48772000  376       3       java.util.Objects::checkIndex (7 bytes)
Event: 0.497 Thread 0x000001cd48772000 nmethod 376 0x000001cd36e90790 code [0x000001cd36e909a0, 0x000001cd36e90fe8]
Event: 0.497 Thread 0x000001cd48772000  377       3       jdk.internal.util.Preconditions::checkIndex (18 bytes)
Event: 0.498 Thread 0x000001cd48772000 nmethod 377 0x000001cd36e91210 code [0x000001cd36e91420, 0x000001cd36e91a08]
Event: 0.498 Thread 0x000001cd48772000  378       3       java.util.Collections$UnmodifiableCollection$1::next (10 bytes)
Event: 0.498 Thread 0x000001cd48772000 nmethod 378 0x000001cd36e91c10 code [0x000001cd36e91dc0, 0x000001cd36e91f88]
Event: 0.498 Thread 0x000001cd48772000  379       3       java.util.ArrayList::get (15 bytes)
Event: 0.498 Thread 0x000001cd48772000 nmethod 379 0x000001cd36e92090 code [0x000001cd36e922c0, 0x000001cd36e92a48]
Event: 0.498 Thread 0x000001cd48772000  380       3       java.util.regex.Pattern::escape (1323 bytes)

GC Heap History (0 events):
No events

Deoptimization events (20 events):
Event: 0.457 Thread 0x000001cd2e10b000 DEOPT PACKING pc=0x000001cd36e6355b sp=0x0000000ce03fdaf0
Event: 0.457 Thread 0x000001cd2e10b000 DEOPT UNPACKING pc=0x000001cd368ba95e sp=0x0000000ce03fcf68 mode 0
Event: 0.457 Thread 0x000001cd2e10b000 DEOPT PACKING pc=0x000001cd36e3531b sp=0x0000000ce03fdb00
Event: 0.457 Thread 0x000001cd2e10b000 DEOPT UNPACKING pc=0x000001cd368ba95e sp=0x0000000ce03fcf70 mode 0
Event: 0.460 Thread 0x000001cd2e10b000 DEOPT PACKING pc=0x000001cd36e6355b sp=0x0000000ce03fdaf0
Event: 0.460 Thread 0x000001cd2e10b000 DEOPT UNPACKING pc=0x000001cd368ba95e sp=0x0000000ce03fcf68 mode 0
Event: 0.460 Thread 0x000001cd2e10b000 DEOPT PACKING pc=0x000001cd36e3531b sp=0x0000000ce03fdb00
Event: 0.460 Thread 0x000001cd2e10b000 DEOPT UNPACKING pc=0x000001cd368ba95e sp=0x0000000ce03fcf70 mode 0
Event: 0.460 Thread 0x000001cd2e10b000 DEOPT PACKING pc=0x000001cd36e6355b sp=0x0000000ce03fdaf0
Event: 0.460 Thread 0x000001cd2e10b000 DEOPT UNPACKING pc=0x000001cd368ba95e sp=0x0000000ce03fcf68 mode 0
Event: 0.460 Thread 0x000001cd2e10b000 DEOPT PACKING pc=0x000001cd36e3531b sp=0x0000000ce03fdb00
Event: 0.460 Thread 0x000001cd2e10b000 DEOPT UNPACKING pc=0x000001cd368ba95e sp=0x0000000ce03fcf70 mode 0
Event: 0.463 Thread 0x000001cd2e10b000 DEOPT PACKING pc=0x000001cd36e3531b sp=0x0000000ce03fdb00
Event: 0.463 Thread 0x000001cd2e10b000 DEOPT UNPACKING pc=0x000001cd368ba95e sp=0x0000000ce03fcf70 mode 0
Event: 0.463 Thread 0x000001cd2e10b000 DEOPT PACKING pc=0x000001cd36e3531b sp=0x0000000ce03fdb00
Event: 0.463 Thread 0x000001cd2e10b000 DEOPT UNPACKING pc=0x000001cd368ba95e sp=0x0000000ce03fcf70 mode 0
Event: 0.466 Thread 0x000001cd2e10b000 DEOPT PACKING pc=0x000001cd36e3531b sp=0x0000000ce03fdb00
Event: 0.466 Thread 0x000001cd2e10b000 DEOPT UNPACKING pc=0x000001cd368ba95e sp=0x0000000ce03fcf70 mode 0
Event: 0.466 Thread 0x000001cd2e10b000 DEOPT PACKING pc=0x000001cd36e3531b sp=0x0000000ce03fdb00
Event: 0.466 Thread 0x000001cd2e10b000 DEOPT UNPACKING pc=0x000001cd368ba95e sp=0x0000000ce03fcf70 mode 0

Classes redefined (0 events):
No events

Internal exceptions (3 events):
Event: 0.383 Thread 0x000001cd2e10b000 Exception <a 'java/lang/NoSuchMethodError'{0x00000000ffc4a730}: 'int java.lang.invoke.DirectMethodHandle$Holder.invokeStaticInit(java.lang.Object, java.lang.Object)'> (0x00000000ffc4a730) thrown at [./src/hotspot/share/interpreter/linkResolver.cpp, line 773]
Event: 0.447 Thread 0x000001cd2e10b000 Exception <a 'java/lang/NoSuchMethodError'{0x00000000ffb11960}: 'int java.lang.invoke.DirectMethodHandle$Holder.invokeSpecial(java.lang.Object, java.lang.Object, java.lang.Object, java.lang.Object)'> (0x00000000ffb11960) thrown at [./src/hotspot/share/interpreter/linkResolver.cpp, line 773]
Event: 0.453 Thread 0x000001cd2e10b000 Exception <a 'java/lang/NoSuchMethodError'{0x00000000ffb48448}: 'int java.lang.invoke.DirectMethodHandle$Holder.invokeSpecialIFC(java.lang.Object, java.lang.Object, int)'> (0x00000000ffb48448) thrown at [./src/hotspot/share/interpreter/linkResolver.cpp, line 773]

Events (20 events):
Event: 0.442 loading class org/gradle/internal/service/CachingServiceLocator
Event: 0.442 loading class org/gradle/internal/service/CachingServiceLocator done
Event: 0.444 loading class org/gradle/api/internal/classpath/DefaultModuleRegistry$DefaultModule
Event: 0.444 loading class org/gradle/api/internal/classpath/DefaultModuleRegistry$DefaultModule done
Event: 0.445 loading class java/util/Collections$SingletonSet
Event: 0.445 loading class java/util/Collections$SingletonSet done
Event: 0.445 loading class java/util/Collections$1
Event: 0.445 loading class java/util/Collections$1 done
Event: 0.447 loading class org/gradle/api/internal/classpath/DefaultModuleRegistry
Event: 0.447 loading class org/gradle/api/internal/classpath/DefaultModuleRegistry done
Event: 0.450 loading class java/lang/invoke/DirectMethodHandle$Constructor
Event: 0.450 loading class java/lang/invoke/DirectMethodHandle$Constructor done
Event: 0.450 loading class org/gradle/util/internal/GUtil
Event: 0.450 loading class org/gradle/util/internal/GUtil done
Event: 0.452 loading class org/gradle/api/Transformer
Event: 0.452 loading class org/gradle/api/Transformer done
Event: 0.454 loading class org/gradle/internal/IoActions
Event: 0.454 loading class org/gradle/internal/IoActions done
Event: 0.455 loading class org/gradle/api/Action
Event: 0.455 loading class org/gradle/api/Action done


Dynamic libraries:
0x00007ff759c60000 - 0x00007ff759c6d000 	C:\Program Files\OpenJDK\openjdk-11.0.15_10\bin\java.exe
0x00007ff9cd970000 - 0x00007ff9cdb65000 	C:\WINDOWS\SYSTEM32\ntdll.dll
0x00007ff9cba50000 - 0x00007ff9cbb0d000 	C:\WINDOWS\System32\KERNEL32.DLL
0x00007ff9cb500000 - 0x00007ff9cb7cd000 	C:\WINDOWS\System32\KERNELBASE.dll
0x00007ff9cb1f0000 - 0x00007ff9cb2f0000 	C:\WINDOWS\System32\ucrtbase.dll
0x00007ff9c6e00000 - 0x00007ff9c6e18000 	C:\Program Files\OpenJDK\openjdk-11.0.15_10\bin\jli.dll
0x00007ff9c5f60000 - 0x00007ff9c5f76000 	C:\Program Files\OpenJDK\openjdk-11.0.15_10\bin\VCRUNTIME140.dll
0x00007ff9cbb30000 - 0x00007ff9cbcd0000 	C:\WINDOWS\System32\USER32.dll
0x00007ff9cb080000 - 0x00007ff9cb0a2000 	C:\WINDOWS\System32\win32u.dll
0x00007ff9ccef0000 - 0x00007ff9ccf1a000 	C:\WINDOWS\System32\GDI32.dll
0x00007ff9b3a40000 - 0x00007ff9b3cda000 	C:\WINDOWS\WinSxS\amd64_microsoft.windows.common-controls_6595b64144ccf1df_6.0.19041.1110_none_60b5254171f9507e\COMCTL32.dll
0x00007ff9cb0b0000 - 0x00007ff9cb1bb000 	C:\WINDOWS\System32\gdi32full.dll
0x00007ff9cd530000 - 0x00007ff9cd5ce000 	C:\WINDOWS\System32\msvcrt.dll
0x00007ff9cb340000 - 0x00007ff9cb3dd000 	C:\WINDOWS\System32\msvcp_win.dll
0x00007ff9cca30000 - 0x00007ff9cca60000 	C:\WINDOWS\System32\IMM32.DLL
0x00007ff9ad7a0000 - 0x00007ff9ad84a000 	C:\Program Files\OpenJDK\openjdk-11.0.15_10\bin\msvcp140.dll
0x00007ff9558c0000 - 0x00007ff956411000 	C:\Program Files\OpenJDK\openjdk-11.0.15_10\bin\server\jvm.dll
0x00007ff9cd000000 - 0x00007ff9cd0ae000 	C:\WINDOWS\System32\ADVAPI32.dll
0x00007ff9ccac0000 - 0x00007ff9ccb5c000 	C:\WINDOWS\System32\sechost.dll
0x00007ff9cc900000 - 0x00007ff9cca25000 	C:\WINDOWS\System32\RPCRT4.dll
0x00007ff9ccb60000 - 0x00007ff9ccb68000 	C:\WINDOWS\System32\PSAPI.DLL
0x00007ff9b1d70000 - 0x00007ff9b1d79000 	C:\WINDOWS\SYSTEM32\WSOCK32.dll
0x00007ff9ccc40000 - 0x00007ff9cccab000 	C:\WINDOWS\System32\WS2_32.dll
0x00007ff9b1af0000 - 0x00007ff9b1b17000 	C:\WINDOWS\SYSTEM32\WINMM.dll
0x00007ff9c3110000 - 0x00007ff9c311a000 	C:\WINDOWS\SYSTEM32\VERSION.dll
0x00007ff9c8ff0000 - 0x00007ff9c9002000 	C:\WINDOWS\SYSTEM32\kernel.appcore.dll
0x00007ff9c4e10000 - 0x00007ff9c4e21000 	C:\Program Files\OpenJDK\openjdk-11.0.15_10\bin\verify.dll
0x00007ff9c8cc0000 - 0x00007ff9c8ea4000 	C:\WINDOWS\SYSTEM32\DBGHELP.DLL
0x00007ff9b1d40000 - 0x00007ff9b1d6c000 	C:\WINDOWS\SYSTEM32\dbgcore.DLL
0x00007ff9cb7d0000 - 0x00007ff9cb852000 	C:\WINDOWS\System32\bcryptPrimitives.dll
0x00007ff9c4770000 - 0x00007ff9c4799000 	C:\Program Files\OpenJDK\openjdk-11.0.15_10\bin\java.dll
0x00007ff9c6df0000 - 0x00007ff9c6dfa000 	C:\Program Files\OpenJDK\openjdk-11.0.15_10\bin\jimage.dll
0x00007ff9c4750000 - 0x00007ff9c4768000 	C:\Program Files\OpenJDK\openjdk-11.0.15_10\bin\zip.dll
0x00007ff9cc1b0000 - 0x00007ff9cc8f4000 	C:\WINDOWS\System32\SHELL32.dll
0x00007ff9c9180000 - 0x00007ff9c9914000 	C:\WINDOWS\SYSTEM32\windows.storage.dll
0x00007ff9cbcd0000 - 0x00007ff9cc024000 	C:\WINDOWS\System32\combase.dll
0x00007ff9caae0000 - 0x00007ff9cab0c000 	C:\WINDOWS\SYSTEM32\Wldp.dll
0x00007ff9cc100000 - 0x00007ff9cc1ad000 	C:\WINDOWS\System32\SHCORE.dll
0x00007ff9cc090000 - 0x00007ff9cc0e5000 	C:\WINDOWS\System32\shlwapi.dll
0x00007ff9cafc0000 - 0x00007ff9cafdf000 	C:\WINDOWS\SYSTEM32\profapi.dll
0x00007ff9c4730000 - 0x00007ff9c4749000 	C:\Program Files\OpenJDK\openjdk-11.0.15_10\bin\net.dll
0x00007ff9c45d0000 - 0x00007ff9c46da000 	C:\WINDOWS\SYSTEM32\WINHTTP.dll
0x00007ff9ca840000 - 0x00007ff9ca8aa000 	C:\WINDOWS\system32\mswsock.dll
0x00007ff9c4710000 - 0x00007ff9c4723000 	C:\Program Files\OpenJDK\openjdk-11.0.15_10\bin\nio.dll

dbghelp: loaded successfully - version: 4.0.5 - missing functions: none
symbol engine: initialized successfully - sym options: 0x614 - pdb path: .;C:\Program Files\OpenJDK\openjdk-11.0.15_10\bin;C:\WINDOWS\SYSTEM32;C:\WINDOWS\WinSxS\amd64_microsoft.windows.common-controls_6595b64144ccf1df_6.0.19041.1110_none_60b5254171f9507e;C:\Program Files\OpenJDK\openjdk-11.0.15_10\bin\server

VM Arguments:
jvm_args: -Xmx64m -Xms64m -Dorg.gradle.appname=gradlew 
java_command: org.gradle.wrapper.GradleWrapperMain app:installDebug -PreactNativeDevServerPort=8081
java_class_path (initial): D:\native_shoppingApp\android\\gradle\wrapper\gradle-wrapper.jar
Launcher Type: SUN_STANDARD

[Global flags]
     intx CICompilerCount                          = 3                                         {product} {ergonomic}
     uint ConcGCThreads                            = 1                                         {product} {ergonomic}
     uint G1ConcRefinementThreads                  = 4                                         {product} {ergonomic}
   size_t G1HeapRegionSize                         = 1048576                                   {product} {ergonomic}
    uintx GCDrainStackTargetSize                   = 64                                        {product} {ergonomic}
   size_t InitialHeapSize                          = 67108864                                  {product} {command line}
   size_t MarkStackSize                            = 4194304                                   {product} {ergonomic}
   size_t MaxHeapSize                              = 67108864                                  {product} {command line}
   size_t MaxNewSize                               = 39845888                                  {product} {ergonomic}
   size_t MinHeapDeltaBytes                        = 1048576                                   {product} {ergonomic}
    uintx NonNMethodCodeHeapSize                   = 5830732                                {pd product} {ergonomic}
    uintx NonProfiledCodeHeapSize                  = 122913754                              {pd product} {ergonomic}
    uintx ProfiledCodeHeapSize                     = 122913754                              {pd product} {ergonomic}
    uintx ReservedCodeCacheSize                    = 251658240                              {pd product} {ergonomic}
     bool SegmentedCodeCache                       = true                                      {product} {ergonomic}
     bool UseCompressedClassPointers               = true                                 {lp64_product} {ergonomic}
     bool UseCompressedOops                        = true                                 {lp64_product} {ergonomic}
     bool UseG1GC                                  = true                                      {product} {ergonomic}
     bool UseLargePagesIndividualAllocation        = false                                  {pd product} {ergonomic}

Logging:
Log output configuration:
 #0: stdout all=warning uptime,level,tags
 #1: stderr all=off uptime,level,tags

Environment Variables:
JAVA_HOME=C:\Program Files\OpenJDK\openjdk-11.0.15_10
CLASSPATH=D:\native_shoppingApp\android\\gradle\wrapper\gradle-wrapper.jar
PATH=D:\native_shoppingApp\android\node_modules\.bin;D:\native_shoppingApp\node_modules\.bin;D:\node_modules\.bin;C:\Program Files\nodejs;D:\native_shoppingApp\node_modules\.bin;D:\node_modules\.bin;C:\Users\Ahsan\AppData\Roaming\npm\node_modules\npm\node_modules\@npmcli\run-script\lib\node-gyp-bin;C:\Python310\Scripts\;C:\Python310\;C:\Python39\Scripts\;C:\Python39\;C:\Windows\system32;C:\Windows;C:\Windows\System32\Wbem;C:\Windows\System32\WindowsPowerShell\v1.0\;C:\Windows\System32\OpenSSH\;C:\Program Files (x86)\NVIDIA Corporation\PhysX\Common;C:\ProgramData\chocolatey\bin;C:\WINDOWS\system32;C:\WINDOWS;C:\WINDOWS\System32\Wbem;C:\WINDOWS\System32\WindowsPowerShell\v1.0\;C:\WINDOWS\System32\OpenSSH\;C:\Program Files\Git\cmd;C:\Program Files\nodejs\;C:\Program Files\OpenJDK\openjdk-11.0.15_10\bin;C:\Users\Ahsan\AppData\Local\Android\Sdk\platform-tools;C:\Users\Ahsan\AppData\Local\Microsoft\WindowsApps;C:\ProgramData\Ahsan\GitHubDesktop\bin;C:\Users\Ahsan\AppData\Local\Programs\Microsoft VS Code\bin;C:\Users\Ahsan\AppData\Local\GitHubDesktop\bin;C:\Users\Ahsan\AppData\Roaming\npm;D:\native_shoppingApp\node_modules\.bin
USERNAME=Ahsan
OS=Windows_NT
PROCESSOR_IDENTIFIER=Intel64 Family 6 Model 158 Stepping 9, GenuineIntel



---------------  S Y S T E M  ---------------

OS: Windows 10 , 64 bit Build 19041 (10.0.19041.1706)
OS uptime: 0 days 6:09 hours

CPU:total 4 (initial active 4) (4 cores per cpu, 1 threads per core) family 6 model 158 stepping 9 microcode 0xb4, cmov, cx8, fxsr, mmx, sse, sse2, sse3, ssse3, sse4.1, sse4.2, popcnt, avx, avx2, aes, clmul, erms, 3dnowpref, lzcnt, tsc, tscinvbit, bmi1, bmi2, adx, fma

Memory: 4k page, system-wide physical 3977M (162M free)
TotalPageFile size 13218M (AvailPageFile size 0M)
current process WorkingSet (physical memory assigned to process): 42M, peak: 42M
current process commit charge ("private bytes"): 135M, peak: 135M

vm_info: OpenJDK 64-Bit Server VM (11.0.15+10) for windows-amd64 JRE (11.0.15+10), built on Apr 21 2022 21:29:46 by "tester" with MS VC++ 15.5 (VS2017)

END.
