#
# There is insufficient memory for the Java Runtime Environment to continue.
# Native memory allocation (malloc) failed to allocate 210416 bytes for Chunk::new
# Possible reasons:
#   The system is out of physical RAM or swap space
#   The process is running with CompressedOops enabled, and the Java Heap may be blocking the growth of the native heap
# Possible solutions:
#   Reduce memory load on the system
#   Increase physical memory or swap space
#   Check if swap backing store is full
#   Decrease Java heap size (-Xmx/-Xms)
#   Decrease number of Java threads
#   Decrease Java thread stack sizes (-Xss)
#   Set larger code cache with -XX:ReservedCodeCacheSize=
#   JVM is running with Unscaled Compressed Oops mode in which the Java heap is
#     placed in the first 4GB address space. The Java Heap base address is the
#     maximum limit for the native heap growth. Please use -XX:HeapBaseMinAddress
#     to set the Java Heap base and to place the Java Heap above 4GB virtual address.
# This output file may be truncated or incomplete.
#
#  Out of Memory Error (./src/hotspot/share/memory/arena.cpp:197), pid=7460, tid=13128
#
# JRE version: OpenJDK Runtime Environment 18.9 (11.0.15+10) (build 11.0.15+10)
# Java VM: OpenJDK 64-Bit Server VM 18.9 (11.0.15+10, mixed mode, tiered, compressed oops, g1 gc, windows-amd64)
# No core dump will be written. Minidumps are not enabled by default on client versions of Windows
#

---------------  S U M M A R Y ------------

Command Line: -Xmx64m -Xms64m -Dorg.gradle.appname=gradlew org.gradle.wrapper.GradleWrapperMain app:installDebug -PreactNativeDevServerPort=8081

Host: Intel(R) Core(TM) i5-7300HQ CPU @ 2.50GHz, 4 cores, 3G,  Windows 10 , 64 bit Build 19041 (10.0.19041.1706)
Time: Tue Jun 14 18:30:14 2022 Pakistan Standard Time elapsed time: 0.549604 seconds (0d 0h 0m 0s)

---------------  T H R E A D  ---------------

Current thread (0x0000024c3883a000):  JavaThread "C2 CompilerThread0" daemon [_thread_in_native, id=13128, stack(0x000000a28d100000,0x000000a28d200000)]


Current CompileTask:
C2:    549  609       4       java.util.HashMap::putVal (300 bytes)

Stack: [0x000000a28d100000,0x000000a28d200000]
Native frames: (J=compiled Java code, j=interpreted, Vv=VM code, C=native code)
V  [jvm.dll+0x64dd3a]
V  [jvm.dll+0x7906c9]
V  [jvm.dll+0x791d9c]
V  [jvm.dll+0x792463]
V  [jvm.dll+0x265048]
V  [jvm.dll+0xc9da1]
V  [jvm.dll+0xca35c]
V  [jvm.dll+0x37c167]
V  [jvm.dll+0x1b3381]
V  [jvm.dll+0x21e192]
V  [jvm.dll+0x21d25a]
V  [jvm.dll+0x19dd21]
V  [jvm.dll+0x22cc80]
V  [jvm.dll+0x22af81]
V  [jvm.dll+0x75254c]
V  [jvm.dll+0x74b12d]
V  [jvm.dll+0x64c8a6]
C  [ucrtbase.dll+0x21bb2]
C  [KERNEL32.DLL+0x17034]
C  [ntdll.dll+0x52651]


---------------  P R O C E S S  ---------------

Threads class SMR info:
_java_thread_list=0x0000024c38aa69c0, length=10, elements={
0x0000024c1da5a800, 0x0000024c387d2000, 0x0000024c387db000, 0x0000024c38831000,
0x0000024c38834000, 0x0000024c38837800, 0x0000024c3883a000, 0x0000024c3884d000,
0x0000024c3884e000, 0x0000024c38abb800
}

Java Threads: ( => current thread )
  0x0000024c1da5a800 JavaThread "main" [_thread_in_native, id=7892, stack(0x000000a28c500000,0x000000a28c600000)]
  0x0000024c387d2000 JavaThread "Reference Handler" daemon [_thread_blocked, id=10272, stack(0x000000a28cc00000,0x000000a28cd00000)]
  0x0000024c387db000 JavaThread "Finalizer" daemon [_thread_blocked, id=14032, stack(0x000000a28cd00000,0x000000a28ce00000)]
  0x0000024c38831000 JavaThread "Signal Dispatcher" daemon [_thread_blocked, id=2708, stack(0x000000a28ce00000,0x000000a28cf00000)]
  0x0000024c38834000 JavaThread "Attach Listener" daemon [_thread_blocked, id=14232, stack(0x000000a28cf00000,0x000000a28d000000)]
  0x0000024c38837800 JavaThread "Service Thread" daemon [_thread_blocked, id=8300, stack(0x000000a28d000000,0x000000a28d100000)]
=>0x0000024c3883a000 JavaThread "C2 CompilerThread0" daemon [_thread_in_native, id=13128, stack(0x000000a28d100000,0x000000a28d200000)]
  0x0000024c3884d000 JavaThread "C1 CompilerThread0" daemon [_thread_blocked, id=4552, stack(0x000000a28d200000,0x000000a28d300000)]
  0x0000024c3884e000 JavaThread "Sweeper thread" daemon [_thread_blocked, id=932, stack(0x000000a28d300000,0x000000a28d400000)]
  0x0000024c38abb800 JavaThread "Common-Cleaner" daemon [_thread_blocked, id=1624, stack(0x000000a28d500000,0x000000a28d600000)]

Other Threads:
  0x0000024c387ab800 VMThread "VM Thread" [stack: 0x000000a28cb00000,0x000000a28cc00000] [id=7152]
  0x0000024c38ab2800 WatcherThread [stack: 0x000000a28d400000,0x000000a28d500000] [id=1344]
  0x0000024c1da71000 GCTaskThread "GC Thread#0" [stack: 0x000000a28c600000,0x000000a28c700000] [id=8948]
  0x0000024c392e6800 GCTaskThread "GC Thread#1" [stack: 0x000000a28d600000,0x000000a28d700000] [id=5456]
  0x0000024c1da79000 ConcurrentGCThread "G1 Main Marker" [stack: 0x000000a28c700000,0x000000a28c800000] [id=11632]
  0x0000024c1da7b800 ConcurrentGCThread "G1 Conc#0" [stack: 0x000000a28c800000,0x000000a28c900000] [id=32]
  0x0000024c1dad4000 ConcurrentGCThread "G1 Refine#0" [stack: 0x000000a28c900000,0x000000a28ca00000] [id=2036]
  0x0000024c1dad6800 ConcurrentGCThread "G1 Young RemSet Sampling" [stack: 0x000000a28ca00000,0x000000a28cb00000] [id=4040]

Threads with active compile tasks:
C2 CompilerThread0      592  609       4       java.util.HashMap::putVal (300 bytes)

VM state:not at safepoint (normal execution)

VM Mutex/Monitor currently owned by a thread: None

Heap address: 0x00000000fc000000, size: 64 MB, Compressed Oops mode: 32-bit
Narrow klass base: 0x0000000000000000, Narrow klass shift: 3
Compressed class space size: 1073741824 Address: 0x0000000100000000

Heap:
 garbage-first heap   total 65536K, used 3619K [0x00000000fc000000, 0x0000000100000000)
  region size 1024K, 3 young (3072K), 2 survivors (2048K)
 Metaspace       used 7842K, capacity 8017K, committed 8192K, reserved 1056768K
  class space    used 689K, capacity 754K, committed 768K, reserved 1048576K
Heap Regions: E=young(eden), S=young(survivor), O=old, HS=humongous(starts), HC=humongous(continues), CS=collection set, F=free, A=archive, TAMS=top-at-mark-start (previous, next)
|   0|0x00000000fc000000, 0x00000000fc000000, 0x00000000fc100000|  0%| F|  |TAMS 0x00000000fc000000, 0x00000000fc000000| Untracked 
|   1|0x00000000fc100000, 0x00000000fc100000, 0x00000000fc200000|  0%| F|  |TAMS 0x00000000fc100000, 0x00000000fc100000| Untracked 
|   2|0x00000000fc200000, 0x00000000fc200000, 0x00000000fc300000|  0%| F|  |TAMS 0x00000000fc200000, 0x00000000fc200000| Untracked 
|   3|0x00000000fc300000, 0x00000000fc400000, 0x00000000fc400000|100%| O|  |TAMS 0x00000000fc300000, 0x00000000fc300000| Untracked 
|   4|0x00000000fc400000, 0x00000000fc488c00, 0x00000000fc500000| 53%| O|  |TAMS 0x00000000fc400000, 0x00000000fc400000| Untracked 
|   5|0x00000000fc500000, 0x00000000fc500000, 0x00000000fc600000|  0%| F|  |TAMS 0x00000000fc500000, 0x00000000fc500000| Untracked 
|   6|0x00000000fc600000, 0x00000000fc600000, 0x00000000fc700000|  0%| F|  |TAMS 0x00000000fc600000, 0x00000000fc600000| Untracked 
|   7|0x00000000fc700000, 0x00000000fc700000, 0x00000000fc800000|  0%| F|  |TAMS 0x00000000fc700000, 0x00000000fc700000| Untracked 
|   8|0x00000000fc800000, 0x00000000fc800000, 0x00000000fc900000|  0%| F|  |TAMS 0x00000000fc800000, 0x00000000fc800000| Untracked 
|   9|0x00000000fc900000, 0x00000000fc900000, 0x00000000fca00000|  0%| F|  |TAMS 0x00000000fc900000, 0x00000000fc900000| Untracked 
|  10|0x00000000fca00000, 0x00000000fca00000, 0x00000000fcb00000|  0%| F|  |TAMS 0x00000000fca00000, 0x00000000fca00000| Untracked 
|  11|0x00000000fcb00000, 0x00000000fcb00000, 0x00000000fcc00000|  0%| F|  |TAMS 0x00000000fcb00000, 0x00000000fcb00000| Untracked 
|  12|0x00000000fcc00000, 0x00000000fcc00000, 0x00000000fcd00000|  0%| F|  |TAMS 0x00000000fcc00000, 0x00000000fcc00000| Untracked 
|  13|0x00000000fcd00000, 0x00000000fcd00000, 0x00000000fce00000|  0%| F|  |TAMS 0x00000000fcd00000, 0x00000000fcd00000| Untracked 
|  14|0x00000000fce00000, 0x00000000fce00000, 0x00000000fcf00000|  0%| F|  |TAMS 0x00000000fce00000, 0x00000000fce00000| Untracked 
|  15|0x00000000fcf00000, 0x00000000fcf00000, 0x00000000fd000000|  0%| F|  |TAMS 0x00000000fcf00000, 0x00000000fcf00000| Untracked 
|  16|0x00000000fd000000, 0x00000000fd000000, 0x00000000fd100000|  0%| F|  |TAMS 0x00000000fd000000, 0x00000000fd000000| Untracked 
|  17|0x00000000fd100000, 0x00000000fd100000, 0x00000000fd200000|  0%| F|  |TAMS 0x00000000fd100000, 0x00000000fd100000| Untracked 
|  18|0x00000000fd200000, 0x00000000fd200000, 0x00000000fd300000|  0%| F|  |TAMS 0x00000000fd200000, 0x00000000fd200000| Untracked 
|  19|0x00000000fd300000, 0x00000000fd300000, 0x00000000fd400000|  0%| F|  |TAMS 0x00000000fd300000, 0x00000000fd300000| Untracked 
|  20|0x00000000fd400000, 0x00000000fd400000, 0x00000000fd500000|  0%| F|  |TAMS 0x00000000fd400000, 0x00000000fd400000| Untracked 
|  21|0x00000000fd500000, 0x00000000fd500000, 0x00000000fd600000|  0%| F|  |TAMS 0x00000000fd500000, 0x00000000fd500000| Untracked 
|  22|0x00000000fd600000, 0x00000000fd600000, 0x00000000fd700000|  0%| F|  |TAMS 0x00000000fd600000, 0x00000000fd600000| Untracked 
|  23|0x00000000fd700000, 0x00000000fd700000, 0x00000000fd800000|  0%| F|  |TAMS 0x00000000fd700000, 0x00000000fd700000| Untracked 
|  24|0x00000000fd800000, 0x00000000fd800000, 0x00000000fd900000|  0%| F|  |TAMS 0x00000000fd800000, 0x00000000fd800000| Untracked 
|  25|0x00000000fd900000, 0x00000000fd900000, 0x00000000fda00000|  0%| F|  |TAMS 0x00000000fd900000, 0x00000000fd900000| Untracked 
|  26|0x00000000fda00000, 0x00000000fda00000, 0x00000000fdb00000|  0%| F|  |TAMS 0x00000000fda00000, 0x00000000fda00000| Untracked 
|  27|0x00000000fdb00000, 0x00000000fdb00000, 0x00000000fdc00000|  0%| F|  |TAMS 0x00000000fdb00000, 0x00000000fdb00000| Untracked 
|  28|0x00000000fdc00000, 0x00000000fdc00000, 0x00000000fdd00000|  0%| F|  |TAMS 0x00000000fdc00000, 0x00000000fdc00000| Untracked 
|  29|0x00000000fdd00000, 0x00000000fdd00000, 0x00000000fde00000|  0%| F|  |TAMS 0x00000000fdd00000, 0x00000000fdd00000| Untracked 
|  30|0x00000000fde00000, 0x00000000fde00000, 0x00000000fdf00000|  0%| F|  |TAMS 0x00000000fde00000, 0x00000000fde00000| Untracked 
|  31|0x00000000fdf00000, 0x00000000fdf00000, 0x00000000fe000000|  0%| F|  |TAMS 0x00000000fdf00000, 0x00000000fdf00000| Untracked 
|  32|0x00000000fe000000, 0x00000000fe000000, 0x00000000fe100000|  0%| F|  |TAMS 0x00000000fe000000, 0x00000000fe000000| Untracked 
|  33|0x00000000fe100000, 0x00000000fe100000, 0x00000000fe200000|  0%| F|  |TAMS 0x00000000fe100000, 0x00000000fe100000| Untracked 
|  34|0x00000000fe200000, 0x00000000fe200000, 0x00000000fe300000|  0%| F|  |TAMS 0x00000000fe200000, 0x00000000fe200000| Untracked 
|  35|0x00000000fe300000, 0x00000000fe300000, 0x00000000fe400000|  0%| F|  |TAMS 0x00000000fe300000, 0x00000000fe300000| Untracked 
|  36|0x00000000fe400000, 0x00000000fe400000, 0x00000000fe500000|  0%| F|  |TAMS 0x00000000fe400000, 0x00000000fe400000| Untracked 
|  37|0x00000000fe500000, 0x00000000fe500000, 0x00000000fe600000|  0%| F|  |TAMS 0x00000000fe500000, 0x00000000fe500000| Untracked 
|  38|0x00000000fe600000, 0x00000000fe600000, 0x00000000fe700000|  0%| F|  |TAMS 0x00000000fe600000, 0x00000000fe600000| Untracked 
|  39|0x00000000fe700000, 0x00000000fe700000, 0x00000000fe800000|  0%| F|  |TAMS 0x00000000fe700000, 0x00000000fe700000| Untracked 
|  40|0x00000000fe800000, 0x00000000fe800000, 0x00000000fe900000|  0%| F|  |TAMS 0x00000000fe800000, 0x00000000fe800000| Untracked 
|  41|0x00000000fe900000, 0x00000000fe900000, 0x00000000fea00000|  0%| F|  |TAMS 0x00000000fe900000, 0x00000000fe900000| Untracked 
|  42|0x00000000fea00000, 0x00000000fea00000, 0x00000000feb00000|  0%| F|  |TAMS 0x00000000fea00000, 0x00000000fea00000| Untracked 
|  43|0x00000000feb00000, 0x00000000feb00000, 0x00000000fec00000|  0%| F|  |TAMS 0x00000000feb00000, 0x00000000feb00000| Untracked 
|  44|0x00000000fec00000, 0x00000000fec00000, 0x00000000fed00000|  0%| F|  |TAMS 0x00000000fec00000, 0x00000000fec00000| Untracked 
|  45|0x00000000fed00000, 0x00000000fed00000, 0x00000000fee00000|  0%| F|  |TAMS 0x00000000fed00000, 0x00000000fed00000| Untracked 
|  46|0x00000000fee00000, 0x00000000fee00000, 0x00000000fef00000|  0%| F|  |TAMS 0x00000000fee00000, 0x00000000fee00000| Untracked 
|  47|0x00000000fef00000, 0x00000000fef00000, 0x00000000ff000000|  0%| F|  |TAMS 0x00000000fef00000, 0x00000000fef00000| Untracked 
|  48|0x00000000ff000000, 0x00000000ff100000, 0x00000000ff100000|100%| S|CS|TAMS 0x00000000ff000000, 0x00000000ff000000| Complete 
|  49|0x00000000ff100000, 0x00000000ff200000, 0x00000000ff200000|100%| S|CS|TAMS 0x00000000ff100000, 0x00000000ff100000| Complete 
|  50|0x00000000ff200000, 0x00000000ff200000, 0x00000000ff300000|  0%| F|  |TAMS 0x00000000ff200000, 0x00000000ff200000| Untracked 
|  51|0x00000000ff300000, 0x00000000ff300000, 0x00000000ff400000|  0%| F|  |TAMS 0x00000000ff300000, 0x00000000ff300000| Untracked 
|  52|0x00000000ff400000, 0x00000000ff400000, 0x00000000ff500000|  0%| F|  |TAMS 0x00000000ff400000, 0x00000000ff400000| Untracked 
|  53|0x00000000ff500000, 0x00000000ff500000, 0x00000000ff600000|  0%| F|  |TAMS 0x00000000ff500000, 0x00000000ff500000| Untracked 
|  54|0x00000000ff600000, 0x00000000ff600000, 0x00000000ff700000|  0%| F|  |TAMS 0x00000000ff600000, 0x00000000ff600000| Untracked 
|  55|0x00000000ff700000, 0x00000000ff700000, 0x00000000ff800000|  0%| F|  |TAMS 0x00000000ff700000, 0x00000000ff700000| Untracked 
|  56|0x00000000ff800000, 0x00000000ff800000, 0x00000000ff900000|  0%| F|  |TAMS 0x00000000ff800000, 0x00000000ff800000| Untracked 
|  57|0x00000000ff900000, 0x00000000ff900000, 0x00000000ffa00000|  0%| F|  |TAMS 0x00000000ff900000, 0x00000000ff900000| Untracked 
|  58|0x00000000ffa00000, 0x00000000ffa00000, 0x00000000ffb00000|  0%| F|  |TAMS 0x00000000ffa00000, 0x00000000ffa00000| Untracked 
|  59|0x00000000ffb00000, 0x00000000ffb00000, 0x00000000ffc00000|  0%| F|  |TAMS 0x00000000ffb00000, 0x00000000ffb00000| Untracked 
|  60|0x00000000ffc00000, 0x00000000ffc00000, 0x00000000ffd00000|  0%| F|  |TAMS 0x00000000ffc00000, 0x00000000ffc00000| Untracked 
|  61|0x00000000ffd00000, 0x00000000ffd00000, 0x00000000ffe00000|  0%| F|  |TAMS 0x00000000ffd00000, 0x00000000ffd00000| Untracked 
|  62|0x00000000ffe00000, 0x00000000ffe00000, 0x00000000fff00000|  0%| F|  |TAMS 0x00000000ffe00000, 0x00000000ffe00000| Untracked 
|  63|0x00000000fff00000, 0x00000000fff84010, 0x0000000100000000| 51%| E|  |TAMS 0x00000000fff00000, 0x00000000fff00000| Complete 

Card table byte_map: [0x0000024c357e0000,0x0000024c35800000] _byte_map_base: 0x0000024c35000000

Marking Bits (Prev, Next): (CMBitMap*) 0x0000024c1da77fe8, (CMBitMap*) 0x0000024c1da78020
 Prev Bits: [0x0000024c35820000, 0x0000024c35920000)
 Next Bits: [0x0000024c35920000, 0x0000024c35a20000)

Polling page: 0x0000024c1c150000

Metaspace:

Usage:
  Non-class:      7.09 MB capacity,     6.99 MB ( 98%) used,   103.55 KB (  1%) free+waste,     6.00 KB ( <1%) overhead. 
      Class:    754.00 KB capacity,   689.31 KB ( 91%) used,    61.88 KB (  8%) free+waste,     2.81 KB ( <1%) overhead. 
       Both:      7.83 MB capacity,     7.66 MB ( 98%) used,   165.43 KB (  2%) free+waste,     8.81 KB ( <1%) overhead. 

Virtual space:
  Non-class space:        8.00 MB reserved,       7.25 MB ( 91%) committed 
      Class space:        1.00 GB reserved,     768.00 KB ( <1%) committed 
             Both:        1.01 GB reserved,       8.00 MB ( <1%) committed 

Chunk freelists:
   Non-Class:  33.00 KB
       Class:  14.00 KB
        Both:  47.00 KB

MaxMetaspaceSize: 17179869184.00 GB
CompressedClassSpaceSize: 1.00 GB
Initial GC threshold: 20.80 MB
Current GC threshold: 20.80 MB
CDS: off

CodeHeap 'non-profiled nmethods': size=120064Kb used=196Kb max_used=196Kb free=119867Kb
 bounds [0x0000024c2dc80000, 0x0000024c2def0000, 0x0000024c351c0000]
CodeHeap 'profiled nmethods': size=120000Kb used=1167Kb max_used=1167Kb free=118832Kb
 bounds [0x0000024c26750000, 0x0000024c269c0000, 0x0000024c2dc80000]
CodeHeap 'non-nmethods': size=5696Kb used=1105Kb max_used=1121Kb free=4590Kb
 bounds [0x0000024c261c0000, 0x0000024c26430000, 0x0000024c26750000]
 total_blobs=982 nmethods=630 adapters=265
 compilation: enabled
              stopped_count=0, restarted_count=0
 full_count=0

Compilation events (20 events):
Event: 0.522 Thread 0x0000024c3884d000  618       3       java.lang.String::equalsIgnoreCase (45 bytes)
Event: 0.522 Thread 0x0000024c3884d000 nmethod 618 0x0000024c26868690 code [0x0000024c268688a0, 0x0000024c26868de8]
Event: 0.522 Thread 0x0000024c3884d000  619       3       java.util.zip.ZipFile$InflaterCleanupAction::run (12 bytes)
Event: 0.522 Thread 0x0000024c3884d000 nmethod 619 0x0000024c26869010 code [0x0000024c268691c0, 0x0000024c26869308]
Event: 0.522 Thread 0x0000024c3884d000  620   !   3       java.util.zip.ZipFile$CleanableResource::releaseInflater (53 bytes)
Event: 0.523 Thread 0x0000024c3884d000 nmethod 620 0x0000024c26869410 code [0x0000024c26869600, 0x0000024c26869ac8]
Event: 0.525 Thread 0x0000024c3884d000  622       3       java.lang.Runtime$Version::feature (17 bytes)
Event: 0.525 Thread 0x0000024c3884d000 nmethod 622 0x0000024c26869c90 code [0x0000024c26869e60, 0x0000024c2686a128]
Event: 0.527 Thread 0x0000024c3884d000  623       3       java.util.zip.ZipFile$Source::initCEN (697 bytes)
Event: 0.531 Thread 0x0000024c3884d000 nmethod 623 0x0000024c2686a210 code [0x0000024c2686a880, 0x0000024c2686e3e8]
Event: 0.531 Thread 0x0000024c3884d000  625       3       sun.nio.fs.NativeBuffers::getNativeBufferFromCache (51 bytes)
Event: 0.531 Thread 0x0000024c3884d000 nmethod 625 0x0000024c2686fe10 code [0x0000024c26870000, 0x0000024c268705e8]
Event: 0.531 Thread 0x0000024c3884d000  624       1       sun.nio.fs.WindowsFileSystem::provider (5 bytes)
Event: 0.531 Thread 0x0000024c3884d000 nmethod 624 0x0000024c2dcb0c90 code [0x0000024c2dcb0e40, 0x0000024c2dcb0ef8]
Event: 0.531 Thread 0x0000024c3884d000  626       1       sun.nio.fs.NativeBuffer::owner (5 bytes)
Event: 0.531 Thread 0x0000024c3884d000 nmethod 626 0x0000024c2dcb0f90 code [0x0000024c2dcb1140, 0x0000024c2dcb11f8]
Event: 0.532 Thread 0x0000024c3884d000  627       3       java.nio.file.attribute.FileTime::toMillis (98 bytes)
Event: 0.532 Thread 0x0000024c3884d000 nmethod 627 0x0000024c26870790 code [0x0000024c26870980, 0x0000024c26870de8]
Event: 0.532 Thread 0x0000024c3884d000  628       3       java.util.concurrent.TimeUnit::toMillis (69 bytes)
Event: 0.532 Thread 0x0000024c3884d000 nmethod 628 0x0000024c26870f90 code [0x0000024c26871140, 0x0000024c268713f8]

GC Heap History (0 events):
No events

Deoptimization events (20 events):
Event: 0.446 Thread 0x0000024c1da5a800 Uncommon trap: trap_request=0xffffffde fr.pc=0x0000024c2dca8af4 relative=0x0000000000000ed4
Event: 0.446 Thread 0x0000024c1da5a800 Uncommon trap: reason=class_check action=maybe_recompile pc=0x0000024c2dca8af4 method=java.util.HashMap.putVal(ILjava/lang/Object;Ljava/lang/Object;ZZ)Ljava/lang/Object; @ 91 c2
Event: 0.446 Thread 0x0000024c1da5a800 DEOPT PACKING pc=0x0000024c2dca8af4 sp=0x000000a28c5fa340
Event: 0.446 Thread 0x0000024c1da5a800 DEOPT UNPACKING pc=0x0000024c2620a1af sp=0x000000a28c5fa2d0 mode 2
Event: 0.462 Thread 0x0000024c1da5a800 Uncommon trap: trap_request=0xffffffde fr.pc=0x0000024c2dca8b5c relative=0x0000000000000f3c
Event: 0.462 Thread 0x0000024c1da5a800 Uncommon trap: reason=class_check action=maybe_recompile pc=0x0000024c2dca8b5c method=java.util.HashMap.putVal(ILjava/lang/Object;Ljava/lang/Object;ZZ)Ljava/lang/Object; @ 203 c2
Event: 0.462 Thread 0x0000024c1da5a800 DEOPT PACKING pc=0x0000024c2dca8b5c sp=0x000000a28c5fa2a0
Event: 0.462 Thread 0x0000024c1da5a800 DEOPT UNPACKING pc=0x0000024c2620a1af sp=0x000000a28c5fa230 mode 2
Event: 0.463 Thread 0x0000024c1da5a800 Uncommon trap: trap_request=0xffffffde fr.pc=0x0000024c2dca8af4 relative=0x0000000000000ed4
Event: 0.463 Thread 0x0000024c1da5a800 Uncommon trap: reason=class_check action=maybe_recompile pc=0x0000024c2dca8af4 method=java.util.HashMap.putVal(ILjava/lang/Object;Ljava/lang/Object;ZZ)Ljava/lang/Object; @ 91 c2
Event: 0.463 Thread 0x0000024c1da5a800 DEOPT PACKING pc=0x0000024c2dca8af4 sp=0x000000a28c5fa2a0
Event: 0.463 Thread 0x0000024c1da5a800 DEOPT UNPACKING pc=0x0000024c2620a1af sp=0x000000a28c5fa230 mode 2
Event: 0.482 Thread 0x0000024c1da5a800 DEOPT PACKING pc=0x0000024c2683b222 sp=0x000000a28c5fa200
Event: 0.482 Thread 0x0000024c1da5a800 DEOPT UNPACKING pc=0x0000024c2620a95e sp=0x000000a28c5f9668 mode 0
Event: 0.499 Thread 0x0000024c1da5a800 DEOPT PACKING pc=0x0000024c267a2fe8 sp=0x000000a28c5f7520
Event: 0.499 Thread 0x0000024c1da5a800 DEOPT UNPACKING pc=0x0000024c2620a95e sp=0x000000a28c5f69f0 mode 0
Event: 0.500 Thread 0x0000024c1da5a800 Uncommon trap: trap_request=0xffffffde fr.pc=0x0000024c2dca8b5c relative=0x0000000000000f3c
Event: 0.501 Thread 0x0000024c1da5a800 Uncommon trap: reason=class_check action=maybe_recompile pc=0x0000024c2dca8b5c method=java.util.HashMap.putVal(ILjava/lang/Object;Ljava/lang/Object;ZZ)Ljava/lang/Object; @ 203 c2
Event: 0.501 Thread 0x0000024c1da5a800 DEOPT PACKING pc=0x0000024c2dca8b5c sp=0x000000a28c5faca0
Event: 0.501 Thread 0x0000024c1da5a800 DEOPT UNPACKING pc=0x0000024c2620a1af sp=0x000000a28c5fac30 mode 2

Classes redefined (0 events):
No events

Internal exceptions (3 events):
Event: 0.215 Thread 0x0000024c1da5a800 Exception <a 'java/lang/NoSuchMethodError'{0x00000000ffc4a730}: 'int java.lang.invoke.DirectMethodHandle$Holder.invokeStaticInit(java.lang.Object, java.lang.Object)'> (0x00000000ffc4a730) thrown at [./src/hotspot/share/interpreter/linkResolver.cpp, line 773]
Event: 0.255 Thread 0x0000024c1da5a800 Exception <a 'java/lang/NoSuchMethodError'{0x00000000ffb11960}: 'int java.lang.invoke.DirectMethodHandle$Holder.invokeSpecial(java.lang.Object, java.lang.Object, java.lang.Object, java.lang.Object)'> (0x00000000ffb11960) thrown at [./src/hotspot/share/interpreter/linkResolver.cpp, line 773]
Event: 0.261 Thread 0x0000024c1da5a800 Exception <a 'java/lang/NoSuchMethodError'{0x00000000ffb48448}: 'int java.lang.invoke.DirectMethodHandle$Holder.invokeSpecialIFC(java.lang.Object, java.lang.Object, int)'> (0x00000000ffb48448) thrown at [./src/hotspot/share/interpreter/linkResolver.cpp, line 773]

Events (20 events):
Event: 0.490 loading class java/util/concurrent/LinkedBlockingQueue$Node
Event: 0.490 loading class java/util/concurrent/LinkedBlockingQueue$Node done
Event: 0.490 loading class org/slf4j/helpers/NOPLoggerFactory
Event: 0.490 loading class org/slf4j/helpers/NOPLoggerFactory done
Event: 0.490 loading class org/slf4j/helpers/Util
Event: 0.490 loading class org/slf4j/helpers/Util done
Event: 0.491 loading class java/lang/SecurityException
Event: 0.491 loading class java/lang/SecurityException done
Event: 0.491 loading class java/util/Collections$EmptyEnumeration
Event: 0.491 loading class java/util/Collections$EmptyEnumeration done
Event: 0.491 loading class jdk/internal/loader/BuiltinClassLoader$1
Event: 0.491 loading class jdk/internal/loader/BuiltinClassLoader$1 done
Event: 0.491 loading class java/lang/CompoundEnumeration
Event: 0.492 loading class java/lang/CompoundEnumeration done
Event: 0.492 loading class jdk/internal/loader/URLClassPath$1
Event: 0.492 loading class jdk/internal/loader/URLClassPath$1 done
Event: 0.492 loading class java/net/URLClassLoader$3
Event: 0.492 loading class java/net/URLClassLoader$3 done
Event: 0.492 loading class java/net/URLClassLoader$3$1
Event: 0.492 loading class java/net/URLClassLoader$3$1 done


Dynamic libraries:
0x00007ff759c60000 - 0x00007ff759c6d000 	C:\Program Files\OpenJDK\openjdk-11.0.15_10\bin\java.exe
0x00007ff9cd970000 - 0x00007ff9cdb65000 	C:\WINDOWS\SYSTEM32\ntdll.dll
0x00007ff9cba50000 - 0x00007ff9cbb0d000 	C:\WINDOWS\System32\KERNEL32.DLL
0x00007ff9cb500000 - 0x00007ff9cb7cd000 	C:\WINDOWS\System32\KERNELBASE.dll
0x00007ff9cb1f0000 - 0x00007ff9cb2f0000 	C:\WINDOWS\System32\ucrtbase.dll
0x00007ff9c5f60000 - 0x00007ff9c5f76000 	C:\Program Files\OpenJDK\openjdk-11.0.15_10\bin\VCRUNTIME140.dll
0x00007ff9c6e00000 - 0x00007ff9c6e18000 	C:\Program Files\OpenJDK\openjdk-11.0.15_10\bin\jli.dll
0x00007ff9cbb30000 - 0x00007ff9cbcd0000 	C:\WINDOWS\System32\USER32.dll
0x00007ff9cb080000 - 0x00007ff9cb0a2000 	C:\WINDOWS\System32\win32u.dll
0x00007ff9ccef0000 - 0x00007ff9ccf1a000 	C:\WINDOWS\System32\GDI32.dll
0x00007ff9cb0b0000 - 0x00007ff9cb1bb000 	C:\WINDOWS\System32\gdi32full.dll
0x00007ff9cb340000 - 0x00007ff9cb3dd000 	C:\WINDOWS\System32\msvcp_win.dll
0x00007ff9b3a40000 - 0x00007ff9b3cda000 	C:\WINDOWS\WinSxS\amd64_microsoft.windows.common-controls_6595b64144ccf1df_6.0.19041.1110_none_60b5254171f9507e\COMCTL32.dll
0x00007ff9cd530000 - 0x00007ff9cd5ce000 	C:\WINDOWS\System32\msvcrt.dll
0x00007ff9cca30000 - 0x00007ff9cca60000 	C:\WINDOWS\System32\IMM32.DLL
0x00007ff9ad7a0000 - 0x00007ff9ad84a000 	C:\Program Files\OpenJDK\openjdk-11.0.15_10\bin\msvcp140.dll
0x00007ff9558c0000 - 0x00007ff956411000 	C:\Program Files\OpenJDK\openjdk-11.0.15_10\bin\server\jvm.dll
0x00007ff9cd000000 - 0x00007ff9cd0ae000 	C:\WINDOWS\System32\ADVAPI32.dll
0x00007ff9ccac0000 - 0x00007ff9ccb5c000 	C:\WINDOWS\System32\sechost.dll
0x00007ff9cc900000 - 0x00007ff9cca25000 	C:\WINDOWS\System32\RPCRT4.dll
0x00007ff9ccb60000 - 0x00007ff9ccb68000 	C:\WINDOWS\System32\PSAPI.DLL
0x00007ff9b1d70000 - 0x00007ff9b1d79000 	C:\WINDOWS\SYSTEM32\WSOCK32.dll
0x00007ff9ccc40000 - 0x00007ff9cccab000 	C:\WINDOWS\System32\WS2_32.dll
0x00007ff9c3110000 - 0x00007ff9c311a000 	C:\WINDOWS\SYSTEM32\VERSION.dll
0x00007ff9b1af0000 - 0x00007ff9b1b17000 	C:\WINDOWS\SYSTEM32\WINMM.dll
0x00007ff9c8ff0000 - 0x00007ff9c9002000 	C:\WINDOWS\SYSTEM32\kernel.appcore.dll
0x00007ff9c4e10000 - 0x00007ff9c4e21000 	C:\Program Files\OpenJDK\openjdk-11.0.15_10\bin\verify.dll
0x00007ff9c8cc0000 - 0x00007ff9c8ea4000 	C:\WINDOWS\SYSTEM32\DBGHELP.DLL
0x00007ff9b1d40000 - 0x00007ff9b1d6c000 	C:\WINDOWS\SYSTEM32\dbgcore.DLL
0x00007ff9cb7d0000 - 0x00007ff9cb852000 	C:\WINDOWS\System32\bcryptPrimitives.dll
0x00007ff9c4770000 - 0x00007ff9c4799000 	C:\Program Files\OpenJDK\openjdk-11.0.15_10\bin\java.dll
0x00007ff9c6df0000 - 0x00007ff9c6dfa000 	C:\Program Files\OpenJDK\openjdk-11.0.15_10\bin\jimage.dll
0x00007ff9c4750000 - 0x00007ff9c4768000 	C:\Program Files\OpenJDK\openjdk-11.0.15_10\bin\zip.dll
0x00007ff9cc1b0000 - 0x00007ff9cc8f4000 	C:\WINDOWS\System32\SHELL32.dll
0x00007ff9c9180000 - 0x00007ff9c9914000 	C:\WINDOWS\SYSTEM32\windows.storage.dll
0x00007ff9cbcd0000 - 0x00007ff9cc024000 	C:\WINDOWS\System32\combase.dll
0x00007ff9caae0000 - 0x00007ff9cab0c000 	C:\WINDOWS\SYSTEM32\Wldp.dll
0x00007ff9cc100000 - 0x00007ff9cc1ad000 	C:\WINDOWS\System32\SHCORE.dll
0x00007ff9cc090000 - 0x00007ff9cc0e5000 	C:\WINDOWS\System32\shlwapi.dll
0x00007ff9cafc0000 - 0x00007ff9cafdf000 	C:\WINDOWS\SYSTEM32\profapi.dll
0x00007ff9c4730000 - 0x00007ff9c4749000 	C:\Program Files\OpenJDK\openjdk-11.0.15_10\bin\net.dll
0x00007ff9c45d0000 - 0x00007ff9c46da000 	C:\WINDOWS\SYSTEM32\WINHTTP.dll
0x00007ff9ca840000 - 0x00007ff9ca8aa000 	C:\WINDOWS\system32\mswsock.dll
0x00007ff9c4710000 - 0x00007ff9c4723000 	C:\Program Files\OpenJDK\openjdk-11.0.15_10\bin\nio.dll

dbghelp: loaded successfully - version: 4.0.5 - missing functions: none
symbol engine: initialized successfully - sym options: 0x614 - pdb path: .;C:\Program Files\OpenJDK\openjdk-11.0.15_10\bin;C:\WINDOWS\SYSTEM32;C:\WINDOWS\WinSxS\amd64_microsoft.windows.common-controls_6595b64144ccf1df_6.0.19041.1110_none_60b5254171f9507e;C:\Program Files\OpenJDK\openjdk-11.0.15_10\bin\server

VM Arguments:
jvm_args: -Xmx64m -Xms64m -Dorg.gradle.appname=gradlew 
java_command: org.gradle.wrapper.GradleWrapperMain app:installDebug -PreactNativeDevServerPort=8081
java_class_path (initial): D:\native_shoppingApp\android\\gradle\wrapper\gradle-wrapper.jar
Launcher Type: SUN_STANDARD

[Global flags]
     intx CICompilerCount                          = 3                                         {product} {ergonomic}
     uint ConcGCThreads                            = 1                                         {product} {ergonomic}
     uint G1ConcRefinementThreads                  = 4                                         {product} {ergonomic}
   size_t G1HeapRegionSize                         = 1048576                                   {product} {ergonomic}
    uintx GCDrainStackTargetSize                   = 64                                        {product} {ergonomic}
   size_t InitialHeapSize                          = 67108864                                  {product} {command line}
   size_t MarkStackSize                            = 4194304                                   {product} {ergonomic}
   size_t MaxHeapSize                              = 67108864                                  {product} {command line}
   size_t MaxNewSize                               = 39845888                                  {product} {ergonomic}
   size_t MinHeapDeltaBytes                        = 1048576                                   {product} {ergonomic}
    uintx NonNMethodCodeHeapSize                   = 5830732                                {pd product} {ergonomic}
    uintx NonProfiledCodeHeapSize                  = 122913754                              {pd product} {ergonomic}
    uintx ProfiledCodeHeapSize                     = 122913754                              {pd product} {ergonomic}
    uintx ReservedCodeCacheSize                    = 251658240                              {pd product} {ergonomic}
     bool SegmentedCodeCache                       = true                                      {product} {ergonomic}
     bool UseCompressedClassPointers               = true                                 {lp64_product} {ergonomic}
     bool UseCompressedOops                        = true                                 {lp64_product} {ergonomic}
     bool UseG1GC                                  = true                                      {product} {ergonomic}
     bool UseLargePagesIndividualAllocation        = false                                  {pd product} {ergonomic}

Logging:
Log output configuration:
 #0: stdout all=warning uptime,level,tags
 #1: stderr all=off uptime,level,tags

Environment Variables:
JAVA_HOME=C:\Program Files\OpenJDK\openjdk-11.0.15_10
CLASSPATH=D:\native_shoppingApp\android\\gradle\wrapper\gradle-wrapper.jar
PATH=D:\native_shoppingApp\android\node_modules\.bin;D:\native_shoppingApp\node_modules\.bin;D:\node_modules\.bin;C:\Program Files\nodejs;D:\native_shoppingApp\node_modules\.bin;D:\node_modules\.bin;C:\Users\Ahsan\AppData\Roaming\npm\node_modules\npm\node_modules\@npmcli\run-script\lib\node-gyp-bin;C:\Python310\Scripts\;C:\Python310\;C:\Python39\Scripts\;C:\Python39\;C:\Windows\system32;C:\Windows;C:\Windows\System32\Wbem;C:\Windows\System32\WindowsPowerShell\v1.0\;C:\Windows\System32\OpenSSH\;C:\Program Files (x86)\NVIDIA Corporation\PhysX\Common;C:\ProgramData\chocolatey\bin;C:\WINDOWS\system32;C:\WINDOWS;C:\WINDOWS\System32\Wbem;C:\WINDOWS\System32\WindowsPowerShell\v1.0\;C:\WINDOWS\System32\OpenSSH\;C:\Program Files\Git\cmd;C:\Program Files\nodejs\;C:\Program Files\OpenJDK\openjdk-11.0.15_10\bin;C:\Users\Ahsan\AppData\Local\Android\Sdk\platform-tools;C:\Users\Ahsan\AppData\Local\Microsoft\WindowsApps;C:\ProgramData\Ahsan\GitHubDesktop\bin;C:\Users\Ahsan\AppData\Local\Programs\Microsoft VS Code\bin;C:\Users\Ahsan\AppData\Local\GitHubDesktop\bin;C:\Users\Ahsan\AppData\Roaming\npm;D:\native_shoppingApp\node_modules\.bin
USERNAME=Ahsan
OS=Windows_NT
PROCESSOR_IDENTIFIER=Intel64 Family 6 Model 158 Stepping 9, GenuineIntel



---------------  S Y S T E M  ---------------

OS: Windows 10 , 64 bit Build 19041 (10.0.19041.1706)
OS uptime: 0 days 6:09 hours

CPU:total 4 (initial active 4) (4 cores per cpu, 1 threads per core) family 6 model 158 stepping 9 microcode 0xb4, cmov, cx8, fxsr, mmx, sse, sse2, sse3, ssse3, sse4.1, sse4.2, popcnt, avx, avx2, aes, clmul, erms, 3dnowpref, lzcnt, tsc, tscinvbit, bmi1, bmi2, adx, fma

Memory: 4k page, system-wide physical 3977M (122M free)
TotalPageFile size 13218M (AvailPageFile size 2M)
current process WorkingSet (physical memory assigned to process): 62M, peak: 62M
current process commit charge ("private bytes"): 141M, peak: 141M

vm_info: OpenJDK 64-Bit Server VM (11.0.15+10) for windows-amd64 JRE (11.0.15+10), built on Apr 21 2022 21:29:46 by "tester" with MS VC++ 15.5 (VS2017)

END.
